2024-11-15 11:27:38.785 [info] Added views:outline in workbench.view.explorer
2024-11-15 11:27:38.785 [info] Added views:workbench.view.search in workbench.view.search
2024-11-15 11:27:38.785 [info] Added views:workbench.scm in workbench.view.scm
2024-11-15 11:27:38.785 [info] Added views:workbench.panel.markers.view in workbench.panel.markers
2024-11-15 11:27:38.785 [info] Added views:workbench.panel.output in workbench.panel.output
2024-11-15 11:27:38.785 [info] Added views:terminal in terminal
2024-11-15 11:27:38.785 [info] Added views:timeline in workbench.view.explorer
2024-11-15 11:27:38.785 [info] Added views:workbench.explorer.fileView in workbench.view.explorer
2024-11-15 11:27:38.826 [info] Added views:workbench.debug.welcome in workbench.view.debug
2024-11-15 11:27:39.106 [info] Added views:workbench.panel.repl.view in workbench.panel.repl
2024-11-15 11:27:39.234 [info] Added views:~remote.forwardedPorts in ~remote.forwardedPortsContainer
2024-11-15 11:27:39.298 [info] Added views:workbench.view.testing in workbench.view.extension.test
2024-11-15 11:27:39.624 [info] Added views:workbench.scm.history in workbench.view.scm
2024-11-15 19:07:50.609 [info] Removed views:workbench.scm.history from workbench.view.scm
2024-11-15 19:07:50.610 [info] Removed views:workbench.view.testing from workbench.view.extension.test
2024-11-15 19:07:50.853 [info] Added views:outline in workbench.view.explorer
2024-11-15 19:07:50.853 [info] Added views:workbench.view.search in workbench.view.search
2024-11-15 19:07:50.853 [info] Added views:workbench.scm in workbench.view.scm
2024-11-15 19:07:50.853 [info] Added views:workbench.panel.markers.view in workbench.panel.markers
2024-11-15 19:07:50.853 [info] Added views:workbench.panel.output in workbench.panel.output
2024-11-15 19:07:50.853 [info] Added views:terminal in terminal
2024-11-15 19:07:50.853 [info] Added views:timeline in workbench.view.explorer
2024-11-15 19:07:50.853 [info] Added views:workbench.explorer.fileView in workbench.view.explorer
2024-11-15 19:07:50.950 [info] Added views:workbench.debug.welcome in workbench.view.debug
2024-11-15 19:07:51.158 [info] Added views:workbench.panel.repl.view in workbench.panel.repl
2024-11-15 19:07:51.308 [info] Added views:workbench.view.testing in workbench.view.extension.test
2024-11-15 19:07:51.635 [info] Added views:workbench.scm.history in workbench.view.scm
2024-11-15 19:07:54.315 [info] Added views:~remote.forwardedPorts in ~remote.forwardedPortsContainer
