2024-10-05T08:17:31.992Z Info: Setting LTeX UI language to 'en-us'.
2024-10-05T08:17:31.992Z Info: Loading i18n messages...
2024-10-05T08:17:31.993Z Info: Loading default i18n messages...
2024-10-05T08:17:31.994Z Info: 
2024-10-05T08:17:31.994Z Info: ltex.ltex-ls.path not set.
2024-10-05T08:17:31.994Z Info: Searching for ltex-ls in '/home/poseidon/.vscode/extensions/valentjn.vscode-ltex-13.1.0/lib'...
2024-10-05T08:17:31.994Z Info: ltex-ls found in '/home/poseidon/.vscode/extensions/valentjn.vscode-ltex-13.1.0/lib/ltex-ls-15.2.0'.
2024-10-05T08:17:31.994Z Info: 
2024-10-05T08:17:31.994Z Info: Using ltex-ls from '/home/poseidon/.vscode/extensions/valentjn.vscode-ltex-13.1.0/lib/ltex-ls-15.2.0'.
2024-10-05T08:17:31.994Z Info: Using Java bundled with ltex-ls as ltex.java.path is not set.
2024-10-05T08:17:31.994Z Info: Testing ltex-ls...
2024-10-05T08:17:31.994Z Info:   Command: "/home/poseidon/.vscode/extensions/valentjn.vscode-ltex-13.1.0/lib/ltex-ls-15.2.0/bin/ltex-ls"
2024-10-05T08:17:31.994Z Info:   Arguments: ["--version"]
2024-10-05T08:17:31.994Z Info:   env['JAVA_HOME']: undefined
2024-10-05T08:17:31.994Z Info:   env['JAVA_OPTS']: "-Xms64m -Xmx512m"
2024-10-05T08:17:32.228Z Info: Test successful!
2024-10-05T08:17:32.228Z Info: 
2024-10-05T08:17:32.232Z Info: Starting ltex-ls...
2024-10-05T08:17:32.232Z Info:   Command: "/home/poseidon/.vscode/extensions/valentjn.vscode-ltex-13.1.0/lib/ltex-ls-15.2.0/bin/ltex-ls"
2024-10-05T08:17:32.232Z Info:   Arguments: []
2024-10-05T08:17:32.232Z Info:   env['JAVA_HOME']: undefined
2024-10-05T08:17:32.232Z Info:   env['JAVA_OPTS']: "-Xms64m -Xmx512m"
2024-10-05T08:17:32.232Z Info: 
2024-10-05T08:17:33.228Z Info: Started watching external setting file '/home/poseidon/Desktop/Documents/MLB/.vscode/ltex.dictionary.en-US.txt'.
2024-10-05T08:17:33.230Z Info: Started watching external setting file '/home/poseidon/Desktop/Documents/MLB/.vscode/ltex.disabledRules.en-US.txt'.
2024-10-05T08:17:33.233Z Info: Started watching external setting file '/home/poseidon/Desktop/Documents/MLB/.vscode/ltex.hiddenFalsePositives.en-US.txt'.
