2024-11-06 20:01:57.798 [info] Starting Python Locator /home/poseidon/.vscode/extensions/ms-python.python-2024.18.0-linux-x64/python-env-tools/bin/pet server
2024-11-06 20:01:57.810 [info] Discovered env: /bin/python
2024-11-06 20:01:57.810 [info] Discovered env: /usr/bin/python
2024-11-06 20:01:57.810 [info] Discovered manager: (Conda) /home/poseidon/text-generation-webui/installer_files/conda/bin/conda
2024-11-06 20:01:57.810 [info] Discovered env: /home/poseidon/text-generation-webui/installer_files/conda/bin/python
2024-11-06 20:01:57.810 [info] Discovered env: /home/poseidon/text-generation-webui/installer_files/env/bin/python
2024-11-06 20:01:57.810 [info] Env ("/sbin/python") in Path resolved as ResolvedPythonEnv { executable: "/sbin/python", prefix: "/usr", version: "3.12.6.final.0", is64_bit: true, symlinks: Some(["/sbin/python"]) } and reported as Some(GlobalPaths)
2024-11-06 20:01:57.810 [info] Discovered env: /sbin/python
2024-11-06 20:01:57.810 [info] Env ("/usr/sbin/python") in Path resolved as ResolvedPythonEnv { executable: "/usr/sbin/python", prefix: "/usr", version: "3.12.6.final.0", is64_bit: true, symlinks: Some(["/usr/sbin/python"]) } and reported as Some(GlobalPaths)
2024-11-06 20:01:57.810 [info] Discovered env: /usr/sbin/python
2024-11-06 20:01:57.810 [info] Env ("/sbin/python3") in Path resolved as ResolvedPythonEnv { executable: "/sbin/python3", prefix: "/usr", version: "3.12.6.final.0", is64_bit: true, symlinks: Some(["/sbin/python3"]) } and reported as Some(GlobalPaths)
2024-11-06 20:01:57.810 [info] Discovered env: /sbin/python3
2024-11-06 20:01:57.810 [info] Env ("/usr/sbin/python3") in Path resolved as ResolvedPythonEnv { executable: "/usr/sbin/python3", prefix: "/usr", version: "3.12.6.final.0", is64_bit: true, symlinks: Some(["/usr/sbin/python3"]) } and reported as Some(GlobalPaths)
2024-11-06 20:01:57.810 [info] Discovered env: /usr/sbin/python3
2024-11-06 20:01:57.810 [info] Env ("/sbin/python3.12") in Path resolved as ResolvedPythonEnv { executable: "/sbin/python3.12", prefix: "/usr", version: "3.12.6.final.0", is64_bit: true, symlinks: Some(["/sbin/python3.12"]) } and reported as Some(GlobalPaths)
2024-11-06 20:01:57.810 [info] Discovered env: /sbin/python3.12
2024-11-06 20:01:57.810 [info] Env ("/usr/sbin/python3.12") in Path resolved as ResolvedPythonEnv { executable: "/usr/sbin/python3.12", prefix: "/usr", version: "3.12.6.final.0", is64_bit: true, symlinks: Some(["/usr/sbin/python3.12"]) } and reported as Some(GlobalPaths)
2024-11-06 20:01:57.811 [info] Discovered env: /usr/sbin/python3.12
2024-11-06 20:01:57.811 [info] Locator Conda took 107.101936ms
2024-11-06 20:01:57.811 [info] Locator Homebrew took 134.451µs
2024-11-06 20:01:57.811 [info] Locator LinuxGlobal took 95.360883ms
2024-11-06 20:01:57.811 [info] Locator PipEnv took 17.378µs
2024-11-06 20:01:57.811 [info] Locator Poetry took 226.111µs
2024-11-06 20:01:57.811 [info] Locator PyEnv took 1.700069ms
2024-11-06 20:01:57.811 [info] Locator Venv took 37.479µs
2024-11-06 20:01:57.811 [info] Locator VirtualEnv took 243.263µs
2024-11-06 20:01:57.811 [info] Locator VirtualEnvWrapper took 12.715µs
2024-11-06 20:01:57.811 [info] Locator GlobalVirtualEnvs took 746.078µs
2024-11-06 20:01:57.811 [info] Locator Locators took 107.350755ms
2024-11-06 20:01:57.811 [info] Locator Path took 217.938959ms
2024-11-06 20:01:57.811 [info] Locator Workspaces took 1.213982ms
2024-11-06 20:01:57.811 [info] Refresh completed in 218ms
