2024-11-06 20:01:58.355 [info] (Client) Pylance async client (2024.11.1) started with python extension (2024.18.0)
2024-11-06 20:01:58.629 [info] [Info  - 8:01:58 PM] (593491) Server root directory: file:///home/poseidon/.vscode/extensions/ms-python.vscode-pylance-2024.11.1/dist
2024-11-06 20:01:58.630 [info] [Info  - 8:01:58 PM] (593491) Pylance language server 2024.11.1 (pyright version 1.1.386, commit 4180fa21) starting
2024-11-06 20:01:58.634 [info] [Info  - 8:01:58 PM] (593491) Starting service instance "French"
2024-11-06 20:01:58.651 [info] [Info  - 8:01:58 PM] (593491) Setting environmentName for service "French": "3.12.7 (global)"
2024-11-06 20:01:58.651 [info] [Info  - 8:01:58 PM] (593491) Setting pythonPath for service "French": "/bin/python"
2024-11-06 20:01:58.651 [info] [Info  - 8:01:58 PM] (593491) No include entries specified; assuming /home/poseidon/Desktop/Documents/French
2024-11-06 20:01:58.652 [info] [Info  - 8:01:58 PM] (593491) Auto-excluding **/node_modules
2024-11-06 20:01:58.652 [info] [Info  - 8:01:58 PM] (593491) Auto-excluding **/__pycache__
2024-11-06 20:01:58.652 [info] [Info  - 8:01:58 PM] (593491) Auto-excluding **/.*
2024-11-06 20:01:58.664 [info] [Info  - 8:01:58 PM] (593491) Assuming Python version 3.12.7.final.0
2024-11-06 20:01:58.703 [info] [Info  - 8:01:58 PM] (593491) No source files found.
2024-11-06 20:01:58.911 [info] [Info  - 8:01:58 PM] (593491) Background analysis(1) root directory: file:///home/poseidon/.vscode/extensions/ms-python.vscode-pylance-2024.11.1/dist
2024-11-06 20:01:58.913 [info] [Info  - 8:01:58 PM] (593491) Background analysis(1) started
2024-11-06 20:01:59.008 [info] [Info  - 8:01:59 PM] (593491) Indexer background runner(2) root directory: file:///home/poseidon/.vscode/extensions/ms-python.vscode-pylance-2024.11.1/dist (index)
2024-11-06 20:01:59.008 [info] [Info  - 8:01:59 PM] (593491) Indexing(2) started
2024-11-06 20:01:59.114 [info] [Info  - 8:01:59 PM] (593491) scanned(2) 91 files over 1 exec env
2024-11-06 20:01:59.488 [info] [Info  - 8:01:59 PM] (593491) indexed(2) 91 files over 1 exec env
2024-11-06 20:01:59.503 [info] [Info  - 8:01:59 PM] (593491) Indexing finished(2).
2024-11-06 20:02:01.287 [info] [Info  - 8:02:01 PM] (593491) Found 1 source file
2024-11-06 20:03:02.701 [info] [Info  - 8:03:02 PM] (593491) Starting service instance "<default>"
2024-11-06 20:03:02.715 [info] [Info  - 8:03:02 PM] (593491) Setting environmentName for service "<default>": "3.12.7 (global)"
2024-11-06 20:03:02.715 [info] [Info  - 8:03:02 PM] (593491) Setting pythonPath for service "<default>": "/bin/python"
2024-11-06 20:03:02.715 [info] [Info  - 8:03:02 PM] (593491) No include entries specified; assuming /<default workspace root>
2024-11-06 20:03:02.715 [info] [Info  - 8:03:02 PM] (593491) Auto-excluding **/node_modules
2024-11-06 20:03:02.715 [info] [Info  - 8:03:02 PM] (593491) Auto-excluding **/__pycache__
2024-11-06 20:03:02.715 [info] [Info  - 8:03:02 PM] (593491) Auto-excluding **/.*
2024-11-06 20:03:02.739 [info] [Info  - 8:03:02 PM] (593491) Assuming Python version 3.12.7.final.0
2024-11-06 20:03:02.760 [info] [Error - 8:03:02 PM] (593491) File or directory "/<default workspace root>" does not exist.
2024-11-06 20:03:02.760 [info] [Info  - 8:03:02 PM] (593491) No source files found.
2024-11-06 20:03:02.973 [info] [Info  - 8:03:02 PM] (593491) Background analysis(3) root directory: file:///home/poseidon/.vscode/extensions/ms-python.vscode-pylance-2024.11.1/dist
2024-11-06 20:03:02.974 [info] [Info  - 8:03:02 PM] (593491) Background analysis(3) started
2024-11-06 20:12:31.879 [info] [Info  - 8:12:31 PM] (593491) No source files found.
