2024-11-06 20:01:57.793 [info] Experiment 'pythonRecommendTensorboardExt' is active
2024-11-06 20:01:57.793 [info] Experiment 'pythonTerminalEnvVarActivation' is active
2024-11-06 20:01:57.793 [info] Experiment 'pythonTestAdapter' is active
2024-11-06 20:01:57.793 [warning] Dir "/home/poseidon/Desktop/Documents/French/.pixi/envs" is not watchable (directory does not exist)
2024-11-06 20:01:57.793 [info] Starting Environment refresh
2024-11-06 20:01:57.793 [info] > hatch env show --json
2024-11-06 20:01:57.793 [info] cwd: .
2024-11-06 20:01:57.793 [info] Python interpreter path: /bin/python
2024-11-06 20:01:57.793 [info] Starting Environment refresh
2024-11-06 20:01:57.809 [info] > /bin/python -I ~/.vscode/extensions/ms-python.python-2024.18.0-linux-x64/python_files/get_output_via_markers.py ~/.vscode/extensions/ms-python.python-2024.18.0-linux-x64/python_files/interpreterInfo.py
2024-11-06 20:01:57.809 [info] Environments refresh paths discovered: 206 milliseconds
2024-11-06 20:01:57.810 [info] Environments refresh paths discovered: 17 milliseconds
2024-11-06 20:01:57.827 [info] Environments refresh finished (event): 224 milliseconds
2024-11-06 20:01:57.827 [info] Environments refresh finished (event): 34 milliseconds
2024-11-06 20:01:57.828 [info] Environment refresh took 224 milliseconds
2024-11-06 20:01:57.828 [info] Environment refresh took 35 milliseconds
2024-11-06 20:01:57.830 [info] > pyenv which python
2024-11-06 20:01:57.830 [info] cwd: .
2024-11-06 20:01:58.641 [info] Starting Pylance language server.
2024-11-06 20:02:01.188 [info] Discover tests for workspace name: French - uri: /home/poseidon/Desktop/Documents/French/temep.py
2024-11-06 20:02:35.664 [info] Discover tests for workspace name: French - uri: /home/poseidon/Desktop/Documents/French/temep.py
2024-11-06 20:02:36.700 [info] CreateEnv Trigger - Skipping for /home/poseidon/Desktop/Documents/French/temep.py
2024-11-06 20:03:15.371 [info] Discover tests for workspace name: French - uri: /home/poseidon/Desktop/Documents/French/temep.py
2024-11-06 20:04:18.298 [info] Discover tests for workspace name: French - uri: /home/poseidon/Desktop/Documents/French/temep.py
