[Info  - 7:42:25 AM] Starting ltex-ls...
Nov 07, 2024 7:42:26 AM org.bsplines.ltexls.server.LtexLanguageServer initialize
INFO: ltex-ls 15.2.0 - initializing...
Nov 07, 2024 7:42:26 AM org.bsplines.ltexls.tools.I18n setLocale
INFO: Setting locale to 'en'
Nov 07, 2024 7:42:26 AM org.bsplines.ltexls.settings.SettingsManager$Companion logDifferentSettings
FINE: Reinitializing LanguageTool due to different settings for language 'fr': setting 'settings', old 'null', new 'non-null'
Nov 07, 2024 7:42:27 AM org.bsplines.ltexls.server.DocumentChecker logTextToBeChecked
FINE: Checking the following text in language 'fr' via LanguageTool: "Unicode accent codes\n\nCharacter Code\n\n\u00E0 00E0\n\u00E2 00E2\n\u00E6 00E6\n\u00E7 00E7\n\u00E9 00E9\n\u00EA 00EA\n\u00E8 00E8\n\u00EB 00EB\n\u00EE 00EE"... (truncated to 100 characters)
Nov 07, 2024 7:42:27 AM org.bsplines.ltexls.server.DocumentChecker checkAnnotatedTextFragment
FINE: Obtained 19 rule matches
Nov 07, 2024 8:28:55 AM org.bsplines.ltexls.server.DocumentChecker logTextToBeChecked
FINE: Checking the following text in language 'fr' via LanguageTool: "Unicode accent codes\n\nCharacter Code\n\n\u00E0 00E0\n\u00E2 00E2\n\u00E6 00E6\n\u00E7 00E7\n\u00E9 00E9\n\u00EA 00EA\n\u00E8 00E8\n\u00EB 00EB\n\u00EE 00EE"... (truncated to 100 characters)
Nov 07, 2024 8:28:55 AM org.bsplines.ltexls.server.DocumentChecker checkAnnotatedTextFragment
FINE: Obtained 49 rule matches
Nov 07, 2024 8:28:56 AM org.bsplines.ltexls.server.DocumentChecker logTextToBeChecked
FINE: Checking the following text in language 'fr' via LanguageTool: "Unicode accent codes\n\nCharacter Code\n\n\u00E0 00E0\n\u00E2 00E2\n\u00E6 00E6\n\u00E7 00E7\n\u00E9 00E9\n\u00EA 00EA\n\u00E8 00E8\n\u00EB 00EB\n\u00EE 00EE"... (truncated to 100 characters)
Nov 07, 2024 8:28:56 AM org.bsplines.ltexls.server.DocumentChecker checkAnnotatedTextFragment
FINE: Obtained 19 rule matches
Nov 07, 2024 8:28:56 AM org.bsplines.ltexls.server.DocumentChecker logTextToBeChecked
FINE: Checking the following text in language 'fr' via LanguageTool: "Unicode accent codes\n\nCharacter Code\n\n\u00E0 00E0\n\u00E2 00E2\n\u00E6 00E6\n\u00E7 00E7\n\u00E9 00E9\n\u00EA 00EA\n\u00E8 00E8\n\u00EB 00EB\n\u00EE 00EE"... (truncated to 100 characters)
Nov 07, 2024 8:28:56 AM org.bsplines.ltexls.server.DocumentChecker checkAnnotatedTextFragment
FINE: Obtained 19 rule matches
Nov 07, 2024 8:28:57 AM org.bsplines.ltexls.server.DocumentChecker logTextToBeChecked
FINE: Checking the following text in language 'fr' via LanguageTool: "Unicode accent codes\n\nCharacter Code\n\n\u00E0 00E0\n\u00E2 00E2\n\u00E6 00E6\n\u00E7 00E7\n\u00E9 00E9\n\u00EA 00EA\n\u00E8 00E8\n\u00EB 00EB\n\u00EE 00EE"... (truncated to 100 characters)
Nov 07, 2024 8:28:57 AM org.bsplines.ltexls.server.DocumentChecker checkAnnotatedTextFragment
FINE: Obtained 19 rule matches
Nov 07, 2024 8:28:58 AM org.bsplines.ltexls.server.DocumentChecker logTextToBeChecked
FINE: Checking the following text in language 'fr' via LanguageTool: "Unicode accent codes\n\nCharacter Code\n\n\u00E0 00E0\n\u00E2 00E2\n\u00E6 00E6\n\u00E7 00E7\n\u00E9 00E9\n\u00EA 00EA\n\u00E8 00E8\n\u00EB 00EB\n\u00EE 00EE"... (truncated to 100 characters)
Nov 07, 2024 8:28:58 AM org.bsplines.ltexls.server.DocumentChecker checkAnnotatedTextFragment
FINE: Obtained 19 rule matches
Nov 07, 2024 8:28:58 AM org.bsplines.ltexls.server.DocumentChecker logTextToBeChecked
FINE: Checking the following text in language 'fr' via LanguageTool: "Unicode accent codes\n\nCharacter Code\n\n\u00E0 00E0\n\u00E2 00E2\n\u00E6 00E6\n\u00E7 00E7\n\u00E9 00E9\n\u00EA 00EA\n\u00E8 00E8\n\u00EB 00EB\n\u00EE 00EE"... (truncated to 100 characters)
Nov 07, 2024 8:28:58 AM org.bsplines.ltexls.server.DocumentChecker checkAnnotatedTextFragment
FINE: Obtained 19 rule matches
Nov 07, 2024 8:29:00 AM org.bsplines.ltexls.server.DocumentChecker logTextToBeChecked
FINE: Checking the following text in language 'fr' via LanguageTool: "Unicode accent codes\n\nCharacter Code\n\n\u00E0 00E0\n\u00E2 00E2\n\u00E6 00E6\n\u00E7 00E7\n\u00E9 00E9\n\u00EA 00EA\n\u00E8 00E8\n\u00EB 00EB\n\u00EE 00EE"... (truncated to 100 characters)
Nov 07, 2024 8:29:00 AM org.bsplines.ltexls.server.DocumentChecker checkAnnotatedTextFragment
FINE: Obtained 49 rule matches
Nov 07, 2024 8:29:01 AM org.bsplines.ltexls.server.DocumentChecker logTextToBeChecked
FINE: Checking the following text in language 'fr' via LanguageTool: "Unicode accent codes\n\nCharacter Code\n\n\u00E0 00E0\n\u00E2 00E2\n\u00E6 00E6\n\u00E7 00E7\n\u00E9 00E9\n\u00EA 00EA\n\u00E8 00E8\n\u00EB 00EB\n\u00EE 00EE"... (truncated to 100 characters)
Nov 07, 2024 8:29:01 AM org.bsplines.ltexls.server.DocumentChecker checkAnnotatedTextFragment
FINE: Obtained 19 rule matches
Nov 07, 2024 8:29:02 AM org.bsplines.ltexls.server.DocumentChecker logTextToBeChecked
FINE: Checking the following text in language 'fr' via LanguageTool: "Unicode accent codes\n\nCharacter Code\n\n\u00E0 00E0\n\u00E2 00E2\n\u00E6 00E6\n\u00E7 00E7\n\u00E9 00E9\n\u00EA 00EA\n\u00E8 00E8\n\u00EB 00EB\n\u00EE 00EE"... (truncated to 100 characters)
Nov 07, 2024 8:29:02 AM org.bsplines.ltexls.server.DocumentChecker checkAnnotatedTextFragment
FINE: Obtained 19 rule matches
Nov 07, 2024 8:29:03 AM org.bsplines.ltexls.server.DocumentChecker logTextToBeChecked
FINE: Checking the following text in language 'fr' via LanguageTool: "Unicode accent codes\n\nCharacter Code\n\n\u00E0 00E0\n\u00E2 00E2\n\u00E6 00E6\n\u00E7 00E7\n\u00E9 00E9\n\u00EA 00EA\n\u00E8 00E8\n\u00EB 00EB\n\u00EE 00EE"... (truncated to 100 characters)
Nov 07, 2024 8:29:03 AM org.bsplines.ltexls.server.DocumentChecker checkAnnotatedTextFragment
FINE: Obtained 19 rule matches
Nov 07, 2024 8:29:03 AM org.bsplines.ltexls.server.DocumentChecker logTextToBeChecked
FINE: Checking the following text in language 'fr' via LanguageTool: "Unicode accent codes\n\nCharacter Code\n\n\u00E0 00E0\n\u00E2 00E2\n\u00E6 00E6\n\u00E7 00E7\n\u00E9 00E9\n\u00EA 00EA\n\u00E8 00E8\n\u00EB 00EB\n\u00EE 00EE"... (truncated to 100 characters)
Nov 07, 2024 8:29:03 AM org.bsplines.ltexls.server.DocumentChecker checkAnnotatedTextFragment
FINE: Obtained 19 rule matches
Nov 07, 2024 8:29:05 AM org.bsplines.ltexls.server.DocumentChecker logTextToBeChecked
FINE: Checking the following text in language 'fr' via LanguageTool: "Unicode accent codes\n\nCharacter Code\n\n\u00E0 00E0\n\u00E2 00E2\n\u00E6 00E6\n\u00E7 00E7\n\u00E9 00E9\n\u00EA 00EA\n\u00E8 00E8\n\u00EB 00EB\n\u00EE 00EE"... (truncated to 100 characters)
Nov 07, 2024 8:29:05 AM org.bsplines.ltexls.server.DocumentChecker checkAnnotatedTextFragment
FINE: Obtained 19 rule matches
Nov 07, 2024 8:29:06 AM org.bsplines.ltexls.server.DocumentChecker logTextToBeChecked
FINE: Checking the following text in language 'fr' via LanguageTool: "Unicode accent codes\n\nCharacter Code\n\n\u00E0 00E0\n\u00E2 00E2\n\u00E6 00E6\n\u00E7 00E7\n\u00E9 00E9\n\u00EA 00EA\n\u00E8 00E8\n\u00EB 00EB\n\u00EE 00EE"... (truncated to 100 characters)
Nov 07, 2024 8:29:06 AM org.bsplines.ltexls.server.DocumentChecker checkAnnotatedTextFragment
FINE: Obtained 19 rule matches
Nov 07, 2024 8:29:06 AM org.bsplines.ltexls.server.DocumentChecker logTextToBeChecked
FINE: Checking the following text in language 'fr' via LanguageTool: "Unicode accent codes\n\nCharacter Code\n\n\u00E0 00E0\n\u00E2 00E2\n\u00E6 00E6\n\u00E7 00E7\n\u00E9 00E9\n\u00EA 00EA\n\u00E8 00E8\n\u00EB 00EB\n\u00EE 00EE"... (truncated to 100 characters)
Nov 07, 2024 8:29:06 AM org.bsplines.ltexls.server.DocumentChecker checkAnnotatedTextFragment
FINE: Obtained 19 rule matches
Nov 07, 2024 8:29:07 AM org.bsplines.ltexls.server.DocumentChecker logTextToBeChecked
FINE: Checking the following text in language 'fr' via LanguageTool: "Unicode accent codes\n\nCharacter Code\n\n\u00E0 00E0\n\u00E2 00E2\n\u00E6 00E6\n\u00E7 00E7\n\u00E9 00E9\n\u00EA 00EA\n\u00E8 00E8\n\u00EB 00EB\n\u00EE 00EE"... (truncated to 100 characters)
Nov 07, 2024 8:29:07 AM org.bsplines.ltexls.server.DocumentChecker checkAnnotatedTextFragment
FINE: Obtained 21 rule matches
Nov 07, 2024 8:29:08 AM org.bsplines.ltexls.server.DocumentChecker logTextToBeChecked
FINE: Checking the following text in language 'fr' via LanguageTool: "Unicode accent codes\n\nCharacter Code\n\n\u00E0 00E0\n\u00E2 00E2\n\u00E6 00E6\n\u00E7 00E7\n\u00E9 00E9\n\u00EA 00EA\n\u00E8 00E8\n\u00EB 00EB\n\u00EE 00EE"... (truncated to 100 characters)
Nov 07, 2024 8:29:08 AM org.bsplines.ltexls.server.DocumentChecker checkAnnotatedTextFragment
FINE: Obtained 19 rule matches
Nov 07, 2024 8:29:10 AM org.bsplines.ltexls.server.DocumentChecker logTextToBeChecked
FINE: Checking the following text in language 'fr' via LanguageTool: "Unicode accent codes\n\nCharacter Code\n\n\u00E0 00E0\n\u00E2 00E2\n\u00E6 00E6\n\u00E7 00E7\n\u00E9 00E9\n\u00EA 00EA\n\u00E8 00E8\n\u00EB 00EB\n\u00EE 00EE"... (truncated to 100 characters)
Nov 07, 2024 8:29:10 AM org.bsplines.ltexls.server.DocumentChecker checkAnnotatedTextFragment
FINE: Obtained 21 rule matches
Nov 07, 2024 8:29:10 AM org.bsplines.ltexls.server.DocumentChecker logTextToBeChecked
FINE: Checking the following text in language 'fr' via LanguageTool: "Unicode accent codes\n\nCharacter Code\n\n\u00E0 00E0\n\u00E2 00E2\n\u00E6 00E6\n\u00E7 00E7\n\u00E9 00E9\n\u00EA 00EA\n\u00E8 00E8\n\u00EB 00EB\n\u00EE 00EE"... (truncated to 100 characters)
Nov 07, 2024 8:29:10 AM org.bsplines.ltexls.server.DocumentChecker checkAnnotatedTextFragment
FINE: Obtained 19 rule matches
Nov 07, 2024 8:29:11 AM org.bsplines.ltexls.server.DocumentChecker logTextToBeChecked
FINE: Checking the following text in language 'fr' via LanguageTool: "Unicode accent codes\n\nCharacter Code\n\n\u00E0 00E0\n\u00E2 00E2\n\u00E6 00E6\n\u00E7 00E7\n\u00E9 00E9\n\u00EA 00EA\n\u00E8 00E8\n\u00EB 00EB\n\u00EE 00EE"... (truncated to 100 characters)
Nov 07, 2024 8:29:11 AM org.bsplines.ltexls.server.DocumentChecker checkAnnotatedTextFragment
FINE: Obtained 19 rule matches
Nov 07, 2024 8:29:12 AM org.bsplines.ltexls.server.DocumentChecker logTextToBeChecked
FINE: Checking the following text in language 'fr' via LanguageTool: "Unicode accent codes\n\nCharacter Code\n\n\u00E0 00E0\n\u00E2 00E2\n\u00E6 00E6\n\u00E7 00E7\n\u00E9 00E9\n\u00EA 00EA\n\u00E8 00E8\n\u00EB 00EB\n\u00EE 00EE"... (truncated to 100 characters)
Nov 07, 2024 8:29:12 AM org.bsplines.ltexls.server.DocumentChecker checkAnnotatedTextFragment
FINE: Obtained 20 rule matches
Nov 07, 2024 8:29:14 AM org.bsplines.ltexls.server.DocumentChecker logTextToBeChecked
FINE: Checking the following text in language 'fr' via LanguageTool: "Unicode accent codes\n\nCharacter Code\n\n\u00E0 00E0\n\u00E2 00E2\n\u00E6 00E6\n\u00E7 00E7\n\u00E9 00E9\n\u00EA 00EA\n\u00E8 00E8\n\u00EB 00EB\n\u00EE 00EE"... (truncated to 100 characters)
Nov 07, 2024 8:29:14 AM org.bsplines.ltexls.server.DocumentChecker checkAnnotatedTextFragment
FINE: Obtained 20 rule matches
Nov 07, 2024 8:29:15 AM org.bsplines.ltexls.server.DocumentChecker logTextToBeChecked
FINE: Checking the following text in language 'fr' via LanguageTool: "Unicode accent codes\n\nCharacter Code\n\n\u00E0 00E0\n\u00E2 00E2\n\u00E6 00E6\n\u00E7 00E7\n\u00E9 00E9\n\u00EA 00EA\n\u00E8 00E8\n\u00EB 00EB\n\u00EE 00EE"... (truncated to 100 characters)
Nov 07, 2024 8:29:15 AM org.bsplines.ltexls.server.DocumentChecker checkAnnotatedTextFragment
FINE: Obtained 20 rule matches
Nov 07, 2024 8:29:16 AM org.bsplines.ltexls.server.DocumentChecker logTextToBeChecked
FINE: Checking the following text in language 'fr' via LanguageTool: "Unicode accent codes\n\nCharacter Code\n\n\u00E0 00E0\n\u00E2 00E2\n\u00E6 00E6\n\u00E7 00E7\n\u00E9 00E9\n\u00EA 00EA\n\u00E8 00E8\n\u00EB 00EB\n\u00EE 00EE"... (truncated to 100 characters)
Nov 07, 2024 8:29:16 AM org.bsplines.ltexls.server.DocumentChecker checkAnnotatedTextFragment
FINE: Obtained 20 rule matches
Nov 07, 2024 8:29:16 AM org.bsplines.ltexls.server.DocumentChecker logTextToBeChecked
FINE: Checking the following text in language 'fr' via LanguageTool: "Unicode accent codes\n\nCharacter Code\n\n\u00E0 00E0\n\u00E2 00E2\n\u00E6 00E6\n\u00E7 00E7\n\u00E9 00E9\n\u00EA 00EA\n\u00E8 00E8\n\u00EB 00EB\n\u00EE 00EE"... (truncated to 100 characters)
Nov 07, 2024 8:29:16 AM org.bsplines.ltexls.server.DocumentChecker checkAnnotatedTextFragment
FINE: Obtained 20 rule matches
Nov 07, 2024 8:29:17 AM org.bsplines.ltexls.server.DocumentChecker logTextToBeChecked
FINE: Checking the following text in language 'fr' via LanguageTool: "Unicode accent codes\n\nCharacter Code\n\n\u00E0 00E0\n\u00E2 00E2\n\u00E6 00E6\n\u00E7 00E7\n\u00E9 00E9\n\u00EA 00EA\n\u00E8 00E8\n\u00EB 00EB\n\u00EE 00EE"... (truncated to 100 characters)
Nov 07, 2024 8:29:17 AM org.bsplines.ltexls.server.DocumentChecker checkAnnotatedTextFragment
FINE: Obtained 20 rule matches
Nov 07, 2024 8:29:17 AM org.bsplines.ltexls.server.DocumentChecker logTextToBeChecked
FINE: Checking the following text in language 'fr' via LanguageTool: "Unicode accent codes\n\nCharacter Code\n\n\u00E0 00E0\n\u00E2 00E2\n\u00E6 00E6\n\u00E7 00E7\n\u00E9 00E9\n\u00EA 00EA\n\u00E8 00E8\n\u00EB 00EB\n\u00EE 00EE"... (truncated to 100 characters)
Nov 07, 2024 8:29:17 AM org.bsplines.ltexls.server.DocumentChecker checkAnnotatedTextFragment
FINE: Obtained 20 rule matches
Nov 07, 2024 8:29:18 AM org.bsplines.ltexls.server.DocumentChecker logTextToBeChecked
FINE: Checking the following text in language 'fr' via LanguageTool: "Unicode accent codes\n\nCharacter Code\n\n\u00E0 00E0\n\u00E2 00E2\n\u00E6 00E6\n\u00E7 00E7\n\u00E9 00E9\n\u00EA 00EA\n\u00E8 00E8\n\u00EB 00EB\n\u00EE 00EE"... (truncated to 100 characters)
Nov 07, 2024 8:29:18 AM org.bsplines.ltexls.server.DocumentChecker checkAnnotatedTextFragment
FINE: Obtained 20 rule matches
