2024-11-06T21:33:00.980Z Info: Setting LTeX UI language to 'en-us'.
2024-11-06T21:33:00.980Z Info: Loading i18n messages...
2024-11-06T21:33:00.981Z Info: Loading default i18n messages...
2024-11-06T21:33:00.982Z Info: 
2024-11-06T21:33:00.982Z Info: ltex.ltex-ls.path not set.
2024-11-06T21:33:00.982Z Info: Searching for ltex-ls in '/home/poseidon/.vscode/extensions/valentjn.vscode-ltex-13.1.0/lib'...
2024-11-06T21:33:00.982Z Info: ltex-ls found in '/home/poseidon/.vscode/extensions/valentjn.vscode-ltex-13.1.0/lib/ltex-ls-15.2.0'.
2024-11-06T21:33:00.982Z Info: 
2024-11-06T21:33:00.982Z Info: Using ltex-ls from '/home/poseidon/.vscode/extensions/valentjn.vscode-ltex-13.1.0/lib/ltex-ls-15.2.0'.
2024-11-06T21:33:00.982Z Info: Using Java bundled with ltex-ls as ltex.java.path is not set.
2024-11-06T21:33:00.983Z Info: Testing ltex-ls...
2024-11-06T21:33:00.983Z Info:   Command: "/home/poseidon/.vscode/extensions/valentjn.vscode-ltex-13.1.0/lib/ltex-ls-15.2.0/bin/ltex-ls"
2024-11-06T21:33:00.983Z Info:   Arguments: ["--version"]
2024-11-06T21:33:00.983Z Info:   env['JAVA_HOME']: undefined
2024-11-06T21:33:00.983Z Info:   env['JAVA_OPTS']: "-Xms64m -Xmx512m"
2024-11-06T21:33:01.246Z Info: Test successful!
2024-11-06T21:33:01.246Z Info: 
2024-11-06T21:33:01.249Z Info: Starting ltex-ls...
2024-11-06T21:33:01.249Z Info:   Command: "/home/poseidon/.vscode/extensions/valentjn.vscode-ltex-13.1.0/lib/ltex-ls-15.2.0/bin/ltex-ls"
2024-11-06T21:33:01.249Z Info:   Arguments: []
2024-11-06T21:33:01.249Z Info:   env['JAVA_HOME']: undefined
2024-11-06T21:33:01.249Z Info:   env['JAVA_OPTS']: "-Xms64m -Xmx512m"
2024-11-06T21:33:01.249Z Info: 
2024-11-06T22:06:04.254Z Info: Created directory '/home/poseidon/Desktop/Documents/French/mindmaps/.vscode' for external setting file '/home/poseidon/Desktop/Documents/French/mindmaps/.vscode/ltex.dictionary.fr.txt' as it didn't exist.
2024-11-06T22:06:04.254Z Info: Created external setting file '/home/poseidon/Desktop/Documents/French/mindmaps/.vscode/ltex.dictionary.fr.txt' as it didn't exist.
2024-11-06T22:06:04.254Z Info: Read external setting file '/home/poseidon/Desktop/Documents/French/mindmaps/.vscode/ltex.dictionary.fr.txt'.
2024-11-06T22:06:04.254Z Info: Appended new entries to external setting file '/home/poseidon/Desktop/Documents/French/mindmaps/.vscode/ltex.dictionary.fr.txt'.
2024-11-06T22:06:04.256Z Info: Started watching external setting file '/home/poseidon/Desktop/Documents/French/mindmaps/.vscode/ltex.dictionary.fr.txt'.
