2024-11-07 07:19:52.494 [info] Added views:outline in workbench.view.explorer
2024-11-07 07:19:52.495 [info] Added views:workbench.view.search in workbench.view.search
2024-11-07 07:19:52.495 [info] Added views:workbench.scm in workbench.view.scm
2024-11-07 07:19:52.495 [info] Added views:workbench.panel.markers.view in workbench.panel.markers
2024-11-07 07:19:52.495 [info] Added views:workbench.panel.output in workbench.panel.output
2024-11-07 07:19:52.495 [info] Added views:terminal in terminal
2024-11-07 07:19:52.495 [info] Added views:timeline in workbench.view.explorer
2024-11-07 07:19:52.495 [info] Added views:workbench.explorer.emptyView in workbench.view.explorer
2024-11-07 07:19:52.536 [info] Added views:workbench.debug.welcome in workbench.view.debug
2024-11-07 07:19:52.635 [info] Added views:~remote.forwardedPorts in ~remote.forwardedPortsContainer
2024-11-07 07:19:52.703 [info] Added views:workbench.panel.repl.view in workbench.panel.repl
2024-11-07 07:20:08.165 [info] Added views:outline in workbench.view.explorer
2024-11-07 07:20:08.165 [info] Added views:workbench.view.search in workbench.view.search
2024-11-07 07:20:08.165 [info] Added views:workbench.scm in workbench.view.scm
2024-11-07 07:20:08.165 [info] Added views:workbench.panel.markers.view in workbench.panel.markers
2024-11-07 07:20:08.165 [info] Added views:workbench.panel.output in workbench.panel.output
2024-11-07 07:20:08.165 [info] Added views:terminal in terminal
2024-11-07 07:20:08.165 [info] Added views:timeline in workbench.view.explorer
2024-11-07 07:20:08.165 [info] Added views:workbench.explorer.fileView in workbench.view.explorer
2024-11-07 07:20:08.223 [info] Added views:workbench.debug.welcome in workbench.view.debug
2024-11-07 07:20:08.500 [info] Added views:workbench.panel.repl.view in workbench.panel.repl
2024-11-07 07:20:08.618 [info] Added views:~remote.forwardedPorts in ~remote.forwardedPortsContainer
