2024-11-15 10:52:53.745 [info] Added views:outline in workbench.view.explorer
2024-11-15 10:52:53.745 [info] Added views:workbench.view.search in workbench.view.search
2024-11-15 10:52:53.745 [info] Added views:workbench.scm in workbench.view.scm
2024-11-15 10:52:53.745 [info] Added views:workbench.panel.markers.view in workbench.panel.markers
2024-11-15 10:52:53.745 [info] Added views:workbench.panel.output in workbench.panel.output
2024-11-15 10:52:53.745 [info] Added views:terminal in terminal
2024-11-15 10:52:53.745 [info] Added views:timeline in workbench.view.explorer
2024-11-15 10:52:53.745 [info] Added views:workbench.explorer.emptyView in workbench.view.explorer
2024-11-15 10:52:53.800 [info] Added views:workbench.debug.welcome in workbench.view.debug
2024-11-15 10:52:53.906 [info] Added views:~remote.forwardedPorts in ~remote.forwardedPortsContainer
2024-11-15 10:52:53.981 [info] Added views:workbench.panel.repl.view in workbench.panel.repl
2024-11-15 10:53:03.838 [info] Added views:outline in workbench.view.explorer
2024-11-15 10:53:03.838 [info] Added views:workbench.view.search in workbench.view.search
2024-11-15 10:53:03.838 [info] Added views:workbench.scm in workbench.view.scm
2024-11-15 10:53:03.838 [info] Added views:workbench.panel.markers.view in workbench.panel.markers
2024-11-15 10:53:03.838 [info] Added views:workbench.panel.output in workbench.panel.output
2024-11-15 10:53:03.838 [info] Added views:terminal in terminal
2024-11-15 10:53:03.838 [info] Added views:timeline in workbench.view.explorer
2024-11-15 10:53:03.838 [info] Added views:workbench.explorer.fileView in workbench.view.explorer
2024-11-15 10:53:03.914 [info] Added views:workbench.debug.welcome in workbench.view.debug
2024-11-15 10:53:04.129 [info] Added views:workbench.panel.repl.view in workbench.panel.repl
2024-11-15 10:53:04.176 [info] Added views:~remote.forwardedPorts in ~remote.forwardedPortsContainer
2024-11-15 10:53:04.286 [info] Added views:workbench.view.testing in workbench.view.extension.test
2024-11-15 10:53:04.605 [info] Added views:workbench.scm.history in workbench.view.scm
2024-11-15 11:27:35.547 [info] Removed views:workbench.scm.history from workbench.view.scm
2024-11-15 11:27:35.548 [info] Removed views:workbench.view.testing from workbench.view.extension.test
