2024-11-15 10:52:54.091 [info] [main] Log level: Info
2024-11-15 10:52:54.091 [info] [main] Validating found git in: "git"
2024-11-15 10:52:54.091 [info] [main] Using git "2.47.0" from "git"
2024-11-15 10:52:54.091 [info] [Model][doInitialScan] Initial repository scan started
2024-11-15 10:52:54.091 [info] [Model][doInitialScan] Initial repository scan completed - repositories (0), closed repositories (0), parent repositories (0), unsafe repositories (0)
2024-11-15 10:53:04.594 [info] [main] Log level: Info
2024-11-15 10:53:04.594 [info] [main] Validating found git in: "git"
2024-11-15 10:53:04.594 [info] [main] Using git "2.47.0" from "git"
2024-11-15 10:53:04.594 [info] [Model][doInitialScan] Initial repository scan started
2024-11-15 10:53:04.594 [info] > git rev-parse --show-toplevel [12ms]
2024-11-15 10:53:04.599 [info] > git rev-parse --git-dir --git-common-dir [2ms]
2024-11-15 10:53:04.602 [info] [Model][openRepository] Opened repository: /home/poseidon/Desktop/Code/CharacterCloneAI
2024-11-15 10:53:04.610 [info] > git config --get commit.template [3ms]
2024-11-15 10:53:04.611 [info] > git rev-parse --show-toplevel [3ms]
2024-11-15 10:53:04.616 [info] > git rev-parse --show-toplevel [1ms]
2024-11-15 10:53:04.617 [info] [Model][doInitialScan] Initial repository scan completed - repositories (1), closed repositories (0), parent repositories (0), unsafe repositories (0)
2024-11-15 10:53:04.617 [info] > git for-each-ref --format=%(refname)%00%(upstream:short)%00%(objectname)%00%(upstream:track)%00%(upstream:remotename)%00%(upstream:remoteref) refs/heads/main refs/remotes/main [4ms]
2024-11-15 10:53:04.623 [info] > git status -z -uall [3ms]
2024-11-15 10:53:04.625 [info] > git for-each-ref --sort -committerdate --format %(refname) %(objectname) %(*objectname) [3ms]
2024-11-15 10:53:04.633 [info] > git for-each-ref --format=%(refname)%00%(upstream:short)%00%(objectname)%00%(upstream:track)%00%(upstream:remotename)%00%(upstream:remoteref) refs/heads/main refs/remotes/main [4ms]
2024-11-15 10:53:04.636 [info] > git config --get commit.template [3ms]
2024-11-15 10:53:04.637 [info] > git config --local branch.main.vscode-merge-base [2ms]
2024-11-15 10:53:04.642 [info] > git for-each-ref --format=%(refname)%00%(upstream:short)%00%(objectname)%00%(upstream:track)%00%(upstream:remotename)%00%(upstream:remoteref) refs/heads/main refs/remotes/main [1ms]
2024-11-15 10:53:04.642 [info] > git for-each-ref --format=%(refname)%00%(upstream:short)%00%(objectname)%00%(upstream:track)%00%(upstream:remotename)%00%(upstream:remoteref) refs/heads/origin/main refs/remotes/origin/main [3ms]
2024-11-15 10:53:04.652 [info] > git merge-base refs/heads/main refs/remotes/origin/main [7ms]
2024-11-15 10:53:04.659 [info] > git status -z -uall [3ms]
2024-11-15 10:53:04.659 [info] > git diff --name-status -z --diff-filter=ADMR 9061c01baa8262555c8dd42b3c10f9ad857f09ee...refs/remotes/origin/main [5ms]
2024-11-15 10:53:04.659 [info] > git for-each-ref --sort -committerdate --format %(refname) %(objectname) %(*objectname) [1ms]
2024-11-15 10:53:04.911 [info] > git show --textconv :messaging.py [3ms]
2024-11-15 10:53:04.912 [info] > git ls-files --stage -- /home/poseidon/Desktop/Code/CharacterCloneAI/messaging.py [1ms]
2024-11-15 10:53:04.915 [info] > git cat-file -s 99bf5787693fd3515580075c37360cf8fa07d71c [1ms]
2024-11-15 10:53:05.115 [info] > git check-ignore -v -z --stdin [1ms]
2024-11-15 10:59:19.672 [info] > git config --get commit.template [2ms]
2024-11-15 10:59:19.679 [info] > git for-each-ref --format=%(refname)%00%(upstream:short)%00%(objectname)%00%(upstream:track)%00%(upstream:remotename)%00%(upstream:remoteref) refs/heads/main refs/remotes/main [2ms]
2024-11-15 10:59:19.692 [info] > git status -z -uall [4ms]
2024-11-15 10:59:19.694 [info] > git for-each-ref --sort -committerdate --format %(refname) %(objectname) %(*objectname) [3ms]
2024-11-15 11:03:14.681 [info] > git config --get commit.template [3ms]
2024-11-15 11:03:14.681 [info] > git for-each-ref --format=%(refname)%00%(upstream:short)%00%(objectname)%00%(upstream:track)%00%(upstream:remotename)%00%(upstream:remoteref) refs/heads/main refs/remotes/main [1ms]
2024-11-15 11:03:14.687 [info] > git status -z -uall [3ms]
2024-11-15 11:03:14.688 [info] > git for-each-ref --sort -committerdate --format %(refname) %(objectname) %(*objectname) [1ms]
2024-11-15 11:03:47.689 [info] > git config --get commit.template [7ms]
2024-11-15 11:03:47.689 [info] > git for-each-ref --format=%(refname)%00%(upstream:short)%00%(objectname)%00%(upstream:track)%00%(upstream:remotename)%00%(upstream:remoteref) refs/heads/main refs/remotes/main [1ms]
2024-11-15 11:03:47.696 [info] > git status -z -uall [3ms]
2024-11-15 11:03:47.697 [info] > git for-each-ref --sort -committerdate --format %(refname) %(objectname) %(*objectname) [1ms]
2024-11-15 11:03:59.329 [info] > git show --textconv :character_creation.py [11ms]
2024-11-15 11:03:59.330 [info] > git ls-files --stage -- /home/poseidon/Desktop/Code/CharacterCloneAI/character_creation.py [2ms]
2024-11-15 11:03:59.340 [info] > git cat-file -s f21736c4ab884aa3d81a7fc1620c598ec41f6d9e [1ms]
2024-11-15 11:05:10.317 [info] > git config --get commit.template [5ms]
2024-11-15 11:05:10.317 [info] > git for-each-ref --format=%(refname)%00%(upstream:short)%00%(objectname)%00%(upstream:track)%00%(upstream:remotename)%00%(upstream:remoteref) refs/heads/main refs/remotes/main [1ms]
2024-11-15 11:05:10.331 [info] > git status -z -uall [8ms]
2024-11-15 11:05:10.332 [info] > git for-each-ref --sort -committerdate --format %(refname) %(objectname) %(*objectname) [2ms]
2024-11-15 11:05:17.900 [info] > git config --get commit.template [3ms]
2024-11-15 11:05:17.901 [info] > git for-each-ref --format=%(refname)%00%(upstream:short)%00%(objectname)%00%(upstream:track)%00%(upstream:remotename)%00%(upstream:remoteref) refs/heads/main refs/remotes/main [1ms]
2024-11-15 11:05:17.906 [info] > git status -z -uall [3ms]
2024-11-15 11:05:17.907 [info] > git for-each-ref --sort -committerdate --format %(refname) %(objectname) %(*objectname) [0ms]
2024-11-15 11:05:23.381 [info] > git config --get commit.template [1ms]
2024-11-15 11:05:23.385 [info] > git for-each-ref --format=%(refname)%00%(upstream:short)%00%(objectname)%00%(upstream:track)%00%(upstream:remotename)%00%(upstream:remoteref) refs/heads/main refs/remotes/main [1ms]
2024-11-15 11:05:23.392 [info] > git status -z -uall [3ms]
2024-11-15 11:05:23.393 [info] > git for-each-ref --sort -committerdate --format %(refname) %(objectname) %(*objectname) [1ms]
2024-11-15 11:05:28.414 [info] > git config --get commit.template [10ms]
2024-11-15 11:05:28.418 [info] > git for-each-ref --format=%(refname)%00%(upstream:short)%00%(objectname)%00%(upstream:track)%00%(upstream:remotename)%00%(upstream:remoteref) refs/heads/main refs/remotes/main [5ms]
2024-11-15 11:05:28.429 [info] > git status -z -uall [6ms]
2024-11-15 11:05:28.430 [info] > git for-each-ref --sort -committerdate --format %(refname) %(objectname) %(*objectname) [2ms]
2024-11-15 11:06:28.709 [info] > git check-ignore -v -z --stdin [2ms]
2024-11-15 11:06:39.504 [info] > git add -A -- . [8ms]
2024-11-15 11:06:39.825 [info] > git show --textconv :.git/COMMIT_EDITMSG [12ms]
2024-11-15 11:06:39.826 [info] > git ls-files --stage -- /home/poseidon/Desktop/Code/CharacterCloneAI/.git/COMMIT_EDITMSG [2ms]
2024-11-15 11:06:40.113 [info] > git check-ignore -v -z --stdin [2ms]
2024-11-15 11:06:40.687 [info] > git ls-files --stage -- /home/poseidon/Desktop/Code/CharacterCloneAI/.git/COMMIT_EDITMSG [2ms]
2024-11-15 11:06:40.693 [info] > git show --textconv :.git/COMMIT_EDITMSG [1ms]
2024-11-15 11:06:52.679 [info] > git ls-files --stage -- /home/poseidon/Desktop/Code/CharacterCloneAI/.git/COMMIT_EDITMSG [1ms]
2024-11-15 11:06:52.685 [info] > git show --textconv :.git/COMMIT_EDITMSG [1ms]
2024-11-15 11:06:53.821 [info] > git -c user.useConfigOnly=true commit --quiet [14313ms]
2024-11-15 11:06:53.828 [info] > git config --get commit.template [2ms]
2024-11-15 11:06:53.833 [info] > git for-each-ref --format=%(refname)%00%(upstream:short)%00%(objectname)%00%(upstream:track)%00%(upstream:remotename)%00%(upstream:remoteref) refs/heads/main refs/remotes/main [2ms]
2024-11-15 11:06:53.841 [info] > git status -z -uall [4ms]
2024-11-15 11:06:53.841 [info] > git for-each-ref --sort -committerdate --format %(refname) %(objectname) %(*objectname) [1ms]
2024-11-15 11:06:53.854 [info] > git merge-base refs/heads/main refs/remotes/origin/main [7ms]
2024-11-15 11:06:53.858 [info] > git diff --name-status -z --diff-filter=ADMR 9061c01baa8262555c8dd42b3c10f9ad857f09ee...refs/remotes/origin/main [1ms]
2024-11-15 11:06:54.161 [info] > git show --textconv :character_creation.py [5ms]
2024-11-15 11:06:54.162 [info] > git ls-files --stage -- /home/poseidon/Desktop/Code/CharacterCloneAI/character_creation.py [2ms]
2024-11-15 11:06:54.170 [info] > git cat-file -s 12c6fb05ab1465c11c002700ce9a0539a76aeccf [2ms]
2024-11-15 11:06:54.672 [info] > git push origin main:main [820ms]
2024-11-15 11:06:54.672 [info] To https://github.com/poseidonai555/CharacterCloneAI
   9061c01..ac19d14  main -> main
2024-11-15 11:06:54.692 [info] > git config --get commit.template [10ms]
2024-11-15 11:06:54.694 [info] > git for-each-ref --format=%(refname)%00%(upstream:short)%00%(objectname)%00%(upstream:track)%00%(upstream:remotename)%00%(upstream:remoteref) refs/heads/main refs/remotes/main [3ms]
2024-11-15 11:06:54.710 [info] > git status -z -uall [6ms]
2024-11-15 11:06:54.711 [info] > git for-each-ref --sort -committerdate --format %(refname) %(objectname) %(*objectname) [2ms]
2024-11-15 11:06:54.720 [info] > git merge-base refs/heads/main refs/remotes/origin/main [2ms]
2024-11-15 11:06:54.727 [info] > git diff --name-status -z --diff-filter=ADMR ac19d14d12464bbbe343e07e48bb183b79f25ac8...refs/remotes/origin/main [4ms]
2024-11-15 11:06:54.727 [info] > git config --get commit.template [1ms]
2024-11-15 11:06:54.730 [info] > git for-each-ref --format=%(refname)%00%(upstream:short)%00%(objectname)%00%(upstream:track)%00%(upstream:remotename)%00%(upstream:remoteref) refs/heads/main refs/remotes/main [0ms]
2024-11-15 11:06:54.735 [info] > git status -z -uall [2ms]
2024-11-15 11:06:54.736 [info] > git for-each-ref --sort -committerdate --format %(refname) %(objectname) %(*objectname) [1ms]
2024-11-15 11:06:55.762 [info] > git config --get commit.template [11ms]
2024-11-15 11:06:55.763 [info] > git for-each-ref --format=%(refname)%00%(upstream:short)%00%(objectname)%00%(upstream:track)%00%(upstream:remotename)%00%(upstream:remoteref) refs/heads/main refs/remotes/main [2ms]
2024-11-15 11:06:55.781 [info] > git status -z -uall [10ms]
2024-11-15 11:06:55.783 [info] > git for-each-ref --sort -committerdate --format %(refname) %(objectname) %(*objectname) [2ms]
2024-11-15 11:06:55.848 [info] > git ls-files --stage -- /home/poseidon/Desktop/Code/CharacterCloneAI/character_creation.py [2ms]
2024-11-15 11:06:55.857 [info] > git cat-file -s 12c6fb05ab1465c11c002700ce9a0539a76aeccf [3ms]
2024-11-15 11:06:55.867 [info] > git show --textconv :character_creation.py [1ms]
2024-11-15 11:07:19.874 [info] > git show --textconv :messaging.py [8ms]
2024-11-15 11:07:19.877 [info] > git ls-files --stage -- /home/poseidon/Desktop/Code/CharacterCloneAI/messaging.py [3ms]
2024-11-15 11:07:19.887 [info] > git cat-file -s 5e01a1869b94cab2fe04b4f629f791730722b7f3 [2ms]
2024-11-15 11:07:24.431 [info] > git show --textconv :character_creation.py [8ms]
2024-11-15 11:07:24.432 [info] > git ls-files --stage -- /home/poseidon/Desktop/Code/CharacterCloneAI/character_creation.py [2ms]
2024-11-15 11:07:24.441 [info] > git cat-file -s 12c6fb05ab1465c11c002700ce9a0539a76aeccf [2ms]
2024-11-15 11:11:37.574 [info] > git config --get commit.template [3ms]
2024-11-15 11:11:37.575 [info] > git for-each-ref --format=%(refname)%00%(upstream:short)%00%(objectname)%00%(upstream:track)%00%(upstream:remotename)%00%(upstream:remoteref) refs/heads/main refs/remotes/main [1ms]
2024-11-15 11:11:37.580 [info] > git status -z -uall [3ms]
2024-11-15 11:11:37.581 [info] > git for-each-ref --sort -committerdate --format %(refname) %(objectname) %(*objectname) [0ms]
2024-11-15 11:14:01.417 [info] > git config --get commit.template [5ms]
2024-11-15 11:14:01.418 [info] > git for-each-ref --format=%(refname)%00%(upstream:short)%00%(objectname)%00%(upstream:track)%00%(upstream:remotename)%00%(upstream:remoteref) refs/heads/main refs/remotes/main [1ms]
2024-11-15 11:14:01.429 [info] > git status -z -uall [4ms]
2024-11-15 11:14:01.430 [info] > git for-each-ref --sort -committerdate --format %(refname) %(objectname) %(*objectname) [1ms]
2024-11-15 11:14:11.810 [info] > git config --get commit.template [4ms]
2024-11-15 11:14:11.811 [info] > git for-each-ref --format=%(refname)%00%(upstream:short)%00%(objectname)%00%(upstream:track)%00%(upstream:remotename)%00%(upstream:remoteref) refs/heads/main refs/remotes/main [1ms]
2024-11-15 11:14:11.818 [info] > git status -z -uall [3ms]
2024-11-15 11:14:11.819 [info] > git for-each-ref --sort -committerdate --format %(refname) %(objectname) %(*objectname) [1ms]
2024-11-15 11:14:16.846 [info] > git config --get commit.template [12ms]
2024-11-15 11:14:16.848 [info] > git for-each-ref --format=%(refname)%00%(upstream:short)%00%(objectname)%00%(upstream:track)%00%(upstream:remotename)%00%(upstream:remoteref) refs/heads/main refs/remotes/main [3ms]
2024-11-15 11:14:16.871 [info] > git status -z -uall [12ms]
2024-11-15 11:14:16.874 [info] > git for-each-ref --sort -committerdate --format %(refname) %(objectname) %(*objectname) [4ms]
