2024-10-05 14:11:35.677 [info] (Client) Pylance async client (2024.9.2) started with python extension (2024.16.0)
2024-10-05 14:11:35.937 [info] [Info  - 2:11:35 PM] (486530) Server root directory: file:///home/poseidon/.vscode/extensions/ms-python.vscode-pylance-2024.9.2/dist
2024-10-05 14:11:35.937 [info] [Info  - 2:11:35 PM] (486530) Pylance language server 2024.9.2 (pyright version 1.1.378, commit ce64adc1) starting
2024-10-05 14:11:35.945 [info] [Info  - 2:11:35 PM] (486530) Starting service instance "<default>"
2024-10-05 14:11:35.954 [info] [Info  - 2:11:35 PM] (486530) Setting environmentName for service "<default>": "3.12.6 (global)"
2024-10-05 14:11:35.954 [info] [Info  - 2:11:35 PM] (486530) Setting pythonPath for service "<default>": "/bin/python"
2024-10-05 14:11:35.954 [info] [Info  - 2:11:35 PM] (486530) No include entries specified; assuming /<default workspace root>
2024-10-05 14:11:35.954 [info] [Info  - 2:11:35 PM] (486530) Auto-excluding **/node_modules
2024-10-05 14:11:35.954 [info] [Info  - 2:11:35 PM] (486530) Auto-excluding **/__pycache__
2024-10-05 14:11:35.954 [info] [Info  - 2:11:35 PM] (486530) Auto-excluding **/.*
2024-10-05 14:11:35.974 [info] [Info  - 2:11:35 PM] (486530) Assuming Python version 3.12.6.final.0
2024-10-05 14:11:35.999 [info] [Error - 2:11:35 PM] (486530) File or directory "/<default workspace root>" does not exist.
2024-10-05 14:11:35.999 [info] [Info  - 2:11:35 PM] (486530) No source files found.
2024-10-05 14:11:36.018 [info] [Info  - 2:11:36 PM] (486530) Setting environmentName for service "<default>": "3.12.6 (global)"
2024-10-05 14:11:36.018 [info] [Info  - 2:11:36 PM] (486530) Setting pythonPath for service "<default>": "/bin/python"
2024-10-05 14:11:36.018 [info] [Info  - 2:11:36 PM] (486530) No include entries specified; assuming /<default workspace root>
2024-10-05 14:11:36.018 [info] [Info  - 2:11:36 PM] (486530) Auto-excluding **/node_modules
2024-10-05 14:11:36.018 [info] [Info  - 2:11:36 PM] (486530) Auto-excluding **/__pycache__
2024-10-05 14:11:36.018 [info] [Info  - 2:11:36 PM] (486530) Auto-excluding **/.*
2024-10-05 14:11:36.032 [info] [Info  - 2:11:36 PM] (486530) Assuming Python version 3.12.6.final.0
2024-10-05 14:11:36.056 [info] [Error - 2:11:36 PM] (486530) File or directory "/<default workspace root>" does not exist.
2024-10-05 14:11:36.056 [info] [Info  - 2:11:36 PM] (486530) No source files found.
2024-10-05 14:11:36.190 [info] [Info  - 2:11:36 PM] (486530) Background analysis(1) root directory: file:///home/poseidon/.vscode/extensions/ms-python.vscode-pylance-2024.9.2/dist
2024-10-05 14:11:36.191 [info] [Info  - 2:11:36 PM] (486530) Background analysis(1) started
