2024-10-05 09:18:30.868 [info] (Client) Pylance async client (2024.9.2) started with python extension (2024.16.0)
2024-10-05 09:18:31.126 [info] [Info  - 9:18:31 AM] (70292) Server root directory: file:///home/poseidon/.vscode/extensions/ms-python.vscode-pylance-2024.9.2/dist
2024-10-05 09:18:31.126 [info] [Info  - 9:18:31 AM] (70292) Pylance language server 2024.9.2 (pyright version 1.1.378, commit ce64adc1) starting
2024-10-05 09:18:31.126 [info] [Info  - 9:18:31 AM] (70292) Starting service instance "Python_code"
2024-10-05 09:18:31.139 [info] [Info  - 9:18:31 AM] (70292) Setting environmentName for service "Python_code": "3.12.6 (global)"
2024-10-05 09:18:31.139 [info] [Info  - 9:18:31 AM] (70292) Setting pythonPath for service "Python_code": "/bin/python"
2024-10-05 09:18:31.140 [info] [Info  - 9:18:31 AM] (70292) No include entries specified; assuming /home/poseidon/Desktop/Code/Python_code
2024-10-05 09:18:31.140 [info] [Info  - 9:18:31 AM] (70292) Auto-excluding **/node_modules
2024-10-05 09:18:31.140 [info] [Info  - 9:18:31 AM] (70292) Auto-excluding **/__pycache__
2024-10-05 09:18:31.140 [info] [Info  - 9:18:31 AM] (70292) Auto-excluding **/.*
2024-10-05 09:18:31.154 [info] [Info  - 9:18:31 AM] (70292) Assuming Python version 3.12.6.final.0
2024-10-05 09:18:31.188 [info] [Info  - 9:18:31 AM] (70292) Found 33 source files
2024-10-05 09:18:31.344 [info] [Info  - 9:18:31 AM] (70292) Background analysis(1) root directory: file:///home/poseidon/.vscode/extensions/ms-python.vscode-pylance-2024.9.2/dist
2024-10-05 09:18:31.345 [info] [Info  - 9:18:31 AM] (70292) Background analysis(1) started
2024-10-05 09:18:31.425 [info] [Info  - 9:18:31 AM] (70292) Indexer background runner(2) root directory: file:///home/poseidon/.vscode/extensions/ms-python.vscode-pylance-2024.9.2/dist (index)
2024-10-05 09:18:31.425 [info] [Info  - 9:18:31 AM] (70292) Indexing(2) started
2024-10-05 09:18:31.594 [info] [Info  - 9:18:31 AM] (70292) scanned(2) 78 files over 1 exec env
2024-10-05 09:18:31.879 [info] [Info  - 9:18:31 AM] (70292) indexed(2) 47 files over 1 exec env
2024-10-05 09:18:31.893 [info] [Info  - 9:18:31 AM] (70292) Indexing finished(2).
2024-10-05 09:18:42.721 [info] [Info  - 9:18:42 AM] (70292) Found 34 source files
2024-10-05 09:22:36.429 [info] [Info  - 9:22:36 AM] (70292) Starting service instance "<default>"
2024-10-05 09:22:36.438 [info] [Info  - 9:22:36 AM] (70292) Setting environmentName for service "<default>": "3.12.6 (global)"
2024-10-05 09:22:36.439 [info] [Info  - 9:22:36 AM] (70292) Setting pythonPath for service "<default>": "/bin/python"
2024-10-05 09:22:36.439 [info] [Info  - 9:22:36 AM] (70292) No include entries specified; assuming /<default workspace root>
2024-10-05 09:22:36.439 [info] [Info  - 9:22:36 AM] (70292) Auto-excluding **/node_modules
2024-10-05 09:22:36.439 [info] [Info  - 9:22:36 AM] (70292) Auto-excluding **/__pycache__
2024-10-05 09:22:36.439 [info] [Info  - 9:22:36 AM] (70292) Auto-excluding **/.*
2024-10-05 09:22:36.451 [info] [Info  - 9:22:36 AM] (70292) Assuming Python version 3.12.6.final.0
2024-10-05 09:22:36.473 [info] [Error - 9:22:36 AM] (70292) File or directory "/<default workspace root>" does not exist.
2024-10-05 09:22:36.473 [info] [Info  - 9:22:36 AM] (70292) No source files found.
2024-10-05 09:22:36.657 [info] [Info  - 9:22:36 AM] (70292) Background analysis(3) root directory: file:///home/poseidon/.vscode/extensions/ms-python.vscode-pylance-2024.9.2/dist
2024-10-05 09:22:36.658 [info] [Info  - 9:22:36 AM] (70292) Background analysis(3) started
2024-10-05 09:48:09.629 [info] [Info  - 9:48:09 AM] (70292) Indexer background runner(4) root directory: file:///home/poseidon/.vscode/extensions/ms-python.vscode-pylance-2024.9.2/dist (refresh)
2024-10-05 09:48:09.629 [info] [Info  - 9:48:09 AM] (70292) Indexing(4) started
2024-10-05 09:48:09.750 [info] [Info  - 9:48:09 AM] (70292) scanned(4) 78 files over 1 exec env
2024-10-05 09:48:10.008 [info] [Info  - 9:48:10 AM] (70292) indexed(4) 47 files over 1 exec env
2024-10-05 09:48:10.018 [info] [Info  - 9:48:10 AM] (70292) Indexing finished(4).
