2024-10-05 09:18:30.335 [info] Starting Python Locator /home/poseidon/.vscode/extensions/ms-python.python-2024.16.0-linux-x64/python-env-tools/bin/pet server
2024-10-05 09:18:30.367 [info] Discovered env: /bin/python
2024-10-05 09:18:30.367 [info] Discovered env: /usr/bin/python
2024-10-05 09:18:30.367 [info] Env ("/usr/sbin/python") in Path resolved as ResolvedPythonEnv { executable: "/usr/sbin/python", prefix: "/usr", version: "3.12.6.final.0", is64_bit: true, symlinks: Some(["/usr/sbin/python"]) } and reported as Some(GlobalPaths)
2024-10-05 09:18:30.367 [info] Discovered env: /usr/sbin/python
2024-10-05 09:18:30.367 [info] Discovered manager: (Conda) /home/poseidon/text-generation-webui/installer_files/conda/bin/conda
2024-10-05 09:18:30.367 [info] Discovered env: /home/poseidon/text-generation-webui/installer_files/conda/bin/python
2024-10-05 09:18:30.367 [info] Discovered env: /home/poseidon/text-generation-webui/installer_files/env/bin/python
2024-10-05 09:18:30.367 [info] Env ("/sbin/python") in Path resolved as ResolvedPythonEnv { executable: "/sbin/python", prefix: "/usr", version: "3.12.6.final.0", is64_bit: true, symlinks: Some(["/sbin/python"]) } and reported as Some(GlobalPaths)
2024-10-05 09:18:30.367 [info] Discovered env: /sbin/python
2024-10-05 09:18:30.367 [info] Env ("/usr/sbin/python3") in Path resolved as ResolvedPythonEnv { executable: "/usr/sbin/python3", prefix: "/usr", version: "3.12.6.final.0", is64_bit: true, symlinks: Some(["/usr/sbin/python3"]) } and reported as Some(GlobalPaths)
2024-10-05 09:18:30.367 [info] Discovered env: /usr/sbin/python3
2024-10-05 09:18:30.367 [info] Env ("/sbin/python3") in Path resolved as ResolvedPythonEnv { executable: "/sbin/python3", prefix: "/usr", version: "3.12.6.final.0", is64_bit: true, symlinks: Some(["/sbin/python3"]) } and reported as Some(GlobalPaths)
2024-10-05 09:18:30.367 [info] Discovered env: /sbin/python3
2024-10-05 09:18:30.368 [info] Env ("/usr/sbin/python3.12") in Path resolved as ResolvedPythonEnv { executable: "/usr/sbin/python3.12", prefix: "/usr", version: "3.12.6.final.0", is64_bit: true, symlinks: Some(["/usr/sbin/python3.12"]) } and reported as Some(GlobalPaths)
2024-10-05 09:18:30.368 [info] Discovered env: /usr/sbin/python3.12
2024-10-05 09:18:30.368 [info] Env ("/sbin/python3.12") in Path resolved as ResolvedPythonEnv { executable: "/sbin/python3.12", prefix: "/usr", version: "3.12.6.final.0", is64_bit: true, symlinks: Some(["/sbin/python3.12"]) } and reported as Some(GlobalPaths)
2024-10-05 09:18:30.368 [info] Discovered env: /sbin/python3.12
2024-10-05 09:18:30.368 [info] Locator Conda took 89.086865ms
2024-10-05 09:18:30.368 [info] Locator Homebrew took 385.271µs
2024-10-05 09:18:30.368 [info] Locator LinuxGlobal took 80.873811ms
2024-10-05 09:18:30.368 [info] Locator PipEnv took 29.725µs
2024-10-05 09:18:30.368 [info] Locator Poetry took 667.825µs
2024-10-05 09:18:30.368 [info] Locator PyEnv took 1.634918ms
2024-10-05 09:18:30.368 [info] Locator Venv took 20.217µs
2024-10-05 09:18:30.368 [info] Locator VirtualEnv took 30.837µs
2024-10-05 09:18:30.368 [info] Locator VirtualEnvWrapper took 569.432µs
2024-10-05 09:18:30.368 [info] Locator GlobalVirtualEnvs took 1.371154ms
2024-10-05 09:18:30.368 [info] Locator Locators took 89.216573ms
2024-10-05 09:18:30.368 [info] Locator Path took 185.122709ms
2024-10-05 09:18:30.368 [info] Locator Workspaces took 1.322988ms
2024-10-05 09:18:30.368 [info] Refresh completed in 185ms
