2024-10-05 14:25:48.686 [info] (Client) Pylance async client (2024.9.2) started with python extension (2024.16.0)
2024-10-05 14:25:48.938 [info] [Info  - 2:25:48 PM] (506842) Server root directory: file:///home/poseidon/.vscode/extensions/ms-python.vscode-pylance-2024.9.2/dist
2024-10-05 14:25:48.938 [info] [Info  - 2:25:48 PM] (506842) Pylance language server 2024.9.2 (pyright version 1.1.378, commit ce64adc1) starting
2024-10-05 14:25:48.947 [info] [Info  - 2:25:48 PM] (506842) Starting service instance "<default>"
2024-10-05 14:25:48.955 [info] [Info  - 2:25:48 PM] (506842) Setting environmentName for service "<default>": "3.12.6 (global)"
2024-10-05 14:25:48.955 [info] [Info  - 2:25:48 PM] (506842) Setting pythonPath for service "<default>": "/bin/python"
2024-10-05 14:25:48.955 [info] [Info  - 2:25:48 PM] (506842) No include entries specified; assuming /<default workspace root>
2024-10-05 14:25:48.955 [info] [Info  - 2:25:48 PM] (506842) Auto-excluding **/node_modules
2024-10-05 14:25:48.955 [info] [Info  - 2:25:48 PM] (506842) Auto-excluding **/__pycache__
2024-10-05 14:25:48.955 [info] [Info  - 2:25:48 PM] (506842) Auto-excluding **/.*
2024-10-05 14:25:48.970 [info] [Info  - 2:25:48 PM] (506842) Assuming Python version 3.12.6.final.0
2024-10-05 14:25:48.996 [info] [Error - 2:25:48 PM] (506842) File or directory "/<default workspace root>" does not exist.
2024-10-05 14:25:48.996 [info] [Info  - 2:25:48 PM] (506842) No source files found.
2024-10-05 14:25:49.022 [info] [Info  - 2:25:49 PM] (506842) Setting environmentName for service "<default>": "3.12.6 (global)"
2024-10-05 14:25:49.022 [info] [Info  - 2:25:49 PM] (506842) Setting pythonPath for service "<default>": "/bin/python"
2024-10-05 14:25:49.022 [info] [Info  - 2:25:49 PM] (506842) No include entries specified; assuming /<default workspace root>
2024-10-05 14:25:49.022 [info] [Info  - 2:25:49 PM] (506842) Auto-excluding **/node_modules
2024-10-05 14:25:49.022 [info] [Info  - 2:25:49 PM] (506842) Auto-excluding **/__pycache__
2024-10-05 14:25:49.022 [info] [Info  - 2:25:49 PM] (506842) Auto-excluding **/.*
2024-10-05 14:25:49.034 [info] [Info  - 2:25:49 PM] (506842) Assuming Python version 3.12.6.final.0
2024-10-05 14:25:49.057 [info] [Error - 2:25:49 PM] (506842) File or directory "/<default workspace root>" does not exist.
2024-10-05 14:25:49.057 [info] [Info  - 2:25:49 PM] (506842) No source files found.
2024-10-05 14:25:49.187 [info] [Info  - 2:25:49 PM] (506842) Background analysis(1) root directory: file:///home/poseidon/.vscode/extensions/ms-python.vscode-pylance-2024.9.2/dist
2024-10-05 14:25:49.188 [info] [Info  - 2:25:49 PM] (506842) Background analysis(1) started
