2024-10-05 14:16:10.946 [info] (Client) Pylance async client (2024.9.2) started with python extension (2024.16.0)
2024-10-05 14:16:11.209 [info] [Info  - 2:16:11 PM] (493313) Server root directory: file:///home/poseidon/.vscode/extensions/ms-python.vscode-pylance-2024.9.2/dist
2024-10-05 14:16:11.209 [info] [Info  - 2:16:11 PM] (493313) Pylance language server 2024.9.2 (pyright version 1.1.378, commit ce64adc1) starting
2024-10-05 14:16:11.219 [info] [Info  - 2:16:11 PM] (493313) Starting service instance "<default>"
2024-10-05 14:16:11.225 [info] [Info  - 2:16:11 PM] (493313) Setting environmentName for service "<default>": "3.12.6 (global)"
2024-10-05 14:16:11.226 [info] [Info  - 2:16:11 PM] (493313) Setting pythonPath for service "<default>": "/bin/python"
2024-10-05 14:16:11.226 [info] [Info  - 2:16:11 PM] (493313) No include entries specified; assuming /<default workspace root>
2024-10-05 14:16:11.226 [info] [Info  - 2:16:11 PM] (493313) Auto-excluding **/node_modules
2024-10-05 14:16:11.226 [info] [Info  - 2:16:11 PM] (493313) Auto-excluding **/__pycache__
2024-10-05 14:16:11.226 [info] [Info  - 2:16:11 PM] (493313) Auto-excluding **/.*
2024-10-05 14:16:11.244 [info] [Info  - 2:16:11 PM] (493313) Assuming Python version 3.12.6.final.0
2024-10-05 14:16:11.270 [info] [Error - 2:16:11 PM] (493313) File or directory "/<default workspace root>" does not exist.
2024-10-05 14:16:11.270 [info] [Info  - 2:16:11 PM] (493313) No source files found.
2024-10-05 14:16:11.288 [info] [Info  - 2:16:11 PM] (493313) Setting environmentName for service "<default>": "3.12.6 (global)"
2024-10-05 14:16:11.288 [info] [Info  - 2:16:11 PM] (493313) Setting pythonPath for service "<default>": "/bin/python"
2024-10-05 14:16:11.288 [info] [Info  - 2:16:11 PM] (493313) No include entries specified; assuming /<default workspace root>
2024-10-05 14:16:11.288 [info] [Info  - 2:16:11 PM] (493313) Auto-excluding **/node_modules
2024-10-05 14:16:11.288 [info] [Info  - 2:16:11 PM] (493313) Auto-excluding **/__pycache__
2024-10-05 14:16:11.288 [info] [Info  - 2:16:11 PM] (493313) Auto-excluding **/.*
2024-10-05 14:16:11.300 [info] [Info  - 2:16:11 PM] (493313) Assuming Python version 3.12.6.final.0
2024-10-05 14:16:11.321 [info] [Error - 2:16:11 PM] (493313) File or directory "/<default workspace root>" does not exist.
2024-10-05 14:16:11.321 [info] [Info  - 2:16:11 PM] (493313) No source files found.
2024-10-05 14:16:11.451 [info] [Info  - 2:16:11 PM] (493313) Background analysis(1) root directory: file:///home/poseidon/.vscode/extensions/ms-python.vscode-pylance-2024.9.2/dist
2024-10-05 14:16:11.452 [info] [Info  - 2:16:11 PM] (493313) Background analysis(1) started
