2024-11-06 21:32:30.007 [info] [main] Log level: Info
2024-11-06 21:32:30.007 [info] [main] Validating found git in: "git"
2024-11-06 21:32:30.007 [info] [main] Using git "2.47.0" from "git"
2024-11-06 21:32:30.007 [info] [Model][doInitialScan] Initial repository scan started
2024-11-06 21:32:30.007 [info] [Model][doInitialScan] Initial repository scan completed - repositories (0), closed repositories (0), parent repositories (0), unsafe repositories (0)
2024-11-06 21:33:00.282 [info] [main] Log level: Info
2024-11-06 21:33:00.282 [info] [main] Validating found git in: "git"
2024-11-06 21:33:00.282 [info] [main] Using git "2.47.0" from "git"
2024-11-06 21:33:00.282 [info] [Model][doInitialScan] Initial repository scan started
2024-11-06 21:33:00.282 [info] > git rev-parse --show-toplevel [14ms]
2024-11-06 21:33:00.282 [info] fatal: not a git repository (or any of the parent directories): .git
2024-11-06 21:33:00.282 [info] [Model][doInitialScan] Initial repository scan completed - repositories (0), closed repositories (0), parent repositories (0), unsafe repositories (0)
2024-11-06 21:33:00.851 [info] > git rev-parse --show-toplevel [0ms]
2024-11-06 21:33:00.851 [info] fatal: not a git repository (or any of the parent directories): .git
2024-11-06 21:33:02.446 [info] > git rev-parse --show-toplevel [1ms]
2024-11-06 21:33:02.446 [info] fatal: not a git repository (or any of the parent directories): .git
2024-11-06 21:42:07.628 [info] > git rev-parse --show-toplevel [0ms]
2024-11-06 21:42:07.628 [info] fatal: not a git repository (or any of the parent directories): .git
2024-11-06 21:55:56.781 [info] > git rev-parse --show-toplevel [1ms]
2024-11-06 21:55:56.781 [info] fatal: not a git repository (or any of the parent directories): .git
