2024-11-17 18:36:54.679 [info] [main] Log level: Info
2024-11-17 18:36:54.679 [info] [main] Validating found git in: "git"
2024-11-17 18:36:54.679 [info] [main] Using git "2.47.0" from "git"
2024-11-17 18:36:54.679 [info] [Model][doInitialScan] Initial repository scan started
2024-11-17 18:36:54.679 [info] > git rev-parse --show-toplevel [1ms]
2024-11-17 18:36:54.679 [info] fatal: not a git repository (or any of the parent directories): .git
2024-11-17 18:36:54.679 [info] > git rev-parse --show-toplevel [13ms]
2024-11-17 18:36:54.679 [info] fatal: not a git repository (or any of the parent directories): .git
2024-11-17 18:36:54.683 [info] > git rev-parse --show-toplevel [0ms]
2024-11-17 18:36:54.683 [info] fatal: not a git repository (or any of the parent directories): .git
2024-11-17 18:36:54.685 [info] > git rev-parse --show-toplevel [0ms]
2024-11-17 18:36:54.685 [info] fatal: not a git repository (or any of the parent directories): .git
2024-11-17 18:36:54.688 [info] > git rev-parse --show-toplevel [1ms]
2024-11-17 18:36:54.688 [info] fatal: not a git repository (or any of the parent directories): .git
2024-11-17 18:36:54.688 [info] [Model][doInitialScan] Initial repository scan completed - repositories (0), closed repositories (0), parent repositories (0), unsafe repositories (0)
2024-11-17 18:36:56.010 [info] > git rev-parse --show-toplevel [1ms]
2024-11-17 18:36:56.010 [info] fatal: not a git repository (or any of the parent directories): .git
2024-11-17 18:36:56.423 [info] > git rev-parse --show-toplevel [0ms]
2024-11-17 18:36:56.423 [info] fatal: not a git repository (or any of the parent directories): .git
2024-11-17 18:38:24.174 [info] [main] Log level: Info
2024-11-17 18:38:24.174 [info] [main] Validating found git in: "git"
2024-11-17 18:38:24.174 [info] [main] Using git "2.47.0" from "git"
2024-11-17 18:38:24.174 [info] [Model][doInitialScan] Initial repository scan started
2024-11-17 18:38:24.174 [info] > git rev-parse --show-toplevel [2ms]
2024-11-17 18:38:24.174 [info] fatal: not a git repository (or any of the parent directories): .git
2024-11-17 18:38:24.184 [info] > git rev-parse --show-toplevel [1ms]
2024-11-17 18:38:24.184 [info] fatal: not a git repository (or any of the parent directories): .git
2024-11-17 18:38:24.186 [info] > git rev-parse --show-toplevel [0ms]
2024-11-17 18:38:24.187 [info] fatal: not a git repository (or any of the parent directories): .git
2024-11-17 18:38:24.189 [info] > git rev-parse --show-toplevel [1ms]
2024-11-17 18:38:24.189 [info] fatal: not a git repository (or any of the parent directories): .git
2024-11-17 18:38:24.190 [info] [Model][doInitialScan] Initial repository scan completed - repositories (0), closed repositories (0), parent repositories (0), unsafe repositories (0)
2024-11-17 18:38:26.419 [info] > git rev-parse --show-toplevel [2ms]
2024-11-17 18:38:26.419 [info] fatal: not a git repository (or any of the parent directories): .git
2024-11-17 18:47:09.620 [info] > git rev-parse --show-toplevel [1ms]
2024-11-17 18:47:09.621 [info] fatal: not a git repository (or any of the parent directories): .git
2024-11-17 18:50:12.772 [info] > git rev-parse --show-toplevel [1ms]
2024-11-17 18:50:12.772 [info] fatal: not a git repository (or any of the parent directories): .git
2024-11-17 18:50:52.359 [info] > git rev-parse --show-toplevel [1ms]
2024-11-17 18:50:52.359 [info] fatal: not a git repository (or any of the parent directories): .git
2024-11-17 18:56:31.128 [info] > git rev-parse --show-toplevel [1ms]
2024-11-17 18:56:31.128 [info] fatal: not a git repository (or any of the parent directories): .git
2024-11-17 19:03:17.558 [info] > git rev-parse --show-toplevel [1ms]
2024-11-17 19:03:17.558 [info] fatal: not a git repository (or any of the parent directories): .git
2024-11-17 19:09:37.373 [info] > git rev-parse --show-toplevel [1ms]
2024-11-17 19:09:37.373 [info] fatal: not a git repository (or any of the parent directories): .git
2024-11-17 19:12:05.064 [info] > git rev-parse --show-toplevel [1ms]
2024-11-17 19:12:05.064 [info] fatal: not a git repository (or any of the parent directories): .git
2024-11-17 19:30:28.033 [info] > git rev-parse --show-toplevel [1ms]
2024-11-17 19:30:28.033 [info] fatal: not a git repository (or any of the parent directories): .git
2024-11-17 19:40:07.433 [info] > git rev-parse --show-toplevel [1ms]
2024-11-17 19:40:07.433 [info] fatal: not a git repository (or any of the parent directories): .git
2024-11-17 19:40:57.289 [info] > git rev-parse --show-toplevel [1ms]
2024-11-17 19:40:57.289 [info] fatal: not a git repository (or any of the parent directories): .git
2024-11-17 19:43:50.488 [info] > git rev-parse --show-toplevel [0ms]
2024-11-17 19:43:50.488 [info] fatal: not a git repository (or any of the parent directories): .git
2024-11-17 19:44:29.753 [info] > git rev-parse --show-toplevel [1ms]
2024-11-17 19:44:29.753 [info] fatal: not a git repository (or any of the parent directories): .git
2024-11-17 20:03:22.001 [info] > git rev-parse --show-toplevel [1ms]
2024-11-17 20:03:22.001 [info] fatal: not a git repository (or any of the parent directories): .git
2024-11-17 20:08:35.751 [info] > git rev-parse --show-toplevel [0ms]
2024-11-17 20:08:35.751 [info] fatal: not a git repository (or any of the parent directories): .git
2024-11-17 20:15:40.100 [info] > git rev-parse --show-toplevel [1ms]
2024-11-17 20:15:40.100 [info] fatal: not a git repository (or any of the parent directories): .git
2024-11-17 20:16:55.898 [info] > git rev-parse --show-toplevel [1ms]
2024-11-17 20:16:55.898 [info] fatal: not a git repository (or any of the parent directories): .git
2024-11-17 20:16:56.991 [info] > git rev-parse --show-toplevel [1ms]
2024-11-17 20:16:56.991 [info] fatal: not a git repository (or any of the parent directories): .git
2024-11-17 20:16:57.325 [info] > git rev-parse --show-toplevel [1ms]
2024-11-17 20:16:57.325 [info] fatal: not a git repository (or any of the parent directories): .git
2024-11-17 20:16:57.626 [info] > git rev-parse --show-toplevel [1ms]
2024-11-17 20:16:57.626 [info] fatal: not a git repository (or any of the parent directories): .git
2024-11-17 20:16:57.885 [info] > git rev-parse --show-toplevel [1ms]
2024-11-17 20:16:57.885 [info] fatal: not a git repository (or any of the parent directories): .git
2024-11-17 20:16:58.069 [info] > git rev-parse --show-toplevel [1ms]
2024-11-17 20:16:58.069 [info] fatal: not a git repository (or any of the parent directories): .git
2024-11-17 20:16:58.227 [info] > git rev-parse --show-toplevel [1ms]
2024-11-17 20:16:58.227 [info] fatal: not a git repository (or any of the parent directories): .git
2024-11-17 20:16:58.380 [info] > git rev-parse --show-toplevel [0ms]
2024-11-17 20:16:58.380 [info] fatal: not a git repository (or any of the parent directories): .git
2024-11-17 20:17:28.391 [info] > git rev-parse --show-toplevel [1ms]
2024-11-17 20:17:28.391 [info] fatal: not a git repository (or any of the parent directories): .git
2024-11-17 20:21:27.941 [info] > git rev-parse --show-toplevel [1ms]
2024-11-17 20:21:27.941 [info] fatal: not a git repository (or any of the parent directories): .git
2024-11-17 20:28:53.072 [info] > git rev-parse --show-toplevel [1ms]
2024-11-17 20:28:53.072 [info] fatal: not a git repository (or any of the parent directories): .git
2024-11-17 20:39:28.156 [info] > git rev-parse --show-toplevel [0ms]
2024-11-17 20:39:28.156 [info] fatal: not a git repository (or any of the parent directories): .git
