2024-11-14 12:24:32.537 [info] Added views:outline in workbench.view.explorer
2024-11-14 12:24:32.537 [info] Added views:workbench.view.search in workbench.view.search
2024-11-14 12:24:32.537 [info] Added views:workbench.scm in workbench.view.scm
2024-11-14 12:24:32.537 [info] Added views:workbench.panel.markers.view in workbench.panel.markers
2024-11-14 12:24:32.537 [info] Added views:workbench.panel.output in workbench.panel.output
2024-11-14 12:24:32.537 [info] Added views:terminal in terminal
2024-11-14 12:24:32.537 [info] Added views:timeline in workbench.view.explorer
2024-11-14 12:24:32.537 [info] Added views:workbench.explorer.fileView in workbench.view.explorer
2024-11-14 12:24:32.618 [info] Added views:workbench.debug.welcome in workbench.view.debug
2024-11-14 12:24:32.874 [info] Added views:workbench.panel.repl.view in workbench.panel.repl
2024-11-14 12:24:32.973 [info] Added views:~remote.forwardedPorts in ~remote.forwardedPortsContainer
2024-11-14 12:24:33.038 [info] Added views:workbench.view.testing in workbench.view.extension.test
2024-11-14 12:24:33.363 [info] Added views:workbench.scm.history in workbench.view.scm
2024-11-14 12:24:46.453 [info] Removed views:workbench.scm.history from workbench.view.scm
2024-11-14 12:24:46.454 [info] Removed views:workbench.view.testing from workbench.view.extension.test
2024-11-14 12:24:46.607 [info] Added views:outline in workbench.view.explorer
2024-11-14 12:24:46.607 [info] Added views:workbench.view.search in workbench.view.search
2024-11-14 12:24:46.607 [info] Added views:workbench.scm in workbench.view.scm
2024-11-14 12:24:46.607 [info] Added views:workbench.panel.markers.view in workbench.panel.markers
2024-11-14 12:24:46.607 [info] Added views:workbench.panel.output in workbench.panel.output
2024-11-14 12:24:46.607 [info] Added views:terminal in terminal
2024-11-14 12:24:46.607 [info] Added views:timeline in workbench.view.explorer
2024-11-14 12:24:46.607 [info] Added views:workbench.explorer.fileView in workbench.view.explorer
2024-11-14 12:24:46.643 [info] Added views:workbench.debug.welcome in workbench.view.debug
2024-11-14 12:24:46.928 [info] Added views:workbench.panel.repl.view in workbench.panel.repl
2024-11-14 12:24:46.956 [info] Added views:~remote.forwardedPorts in ~remote.forwardedPortsContainer
2024-11-14 12:24:47.081 [info] Added views:workbench.view.testing in workbench.view.extension.test
2024-11-14 15:45:23.980 [info] Removed views:workbench.view.testing from workbench.view.extension.test
