2024-11-18T09:50:51.748Z Info: Setting LTeX UI language to 'en-us'.
2024-11-18T09:50:51.748Z Info: Loading i18n messages...
2024-11-18T09:50:51.748Z Info: Loading default i18n messages...
2024-11-18T09:50:51.749Z Info: 
2024-11-18T09:50:51.749Z Info: ltex.ltex-ls.path not set.
2024-11-18T09:50:51.749Z Info: Searching for ltex-ls in '/home/poseidon/.vscode/extensions/valentjn.vscode-ltex-13.1.0/lib'...
2024-11-18T09:50:51.750Z Info: ltex-ls found in '/home/poseidon/.vscode/extensions/valentjn.vscode-ltex-13.1.0/lib/ltex-ls-15.2.0'.
2024-11-18T09:50:51.750Z Info: 
2024-11-18T09:50:51.750Z Info: Using ltex-ls from '/home/poseidon/.vscode/extensions/valentjn.vscode-ltex-13.1.0/lib/ltex-ls-15.2.0'.
2024-11-18T09:50:51.750Z Info: Using Java bundled with ltex-ls as ltex.java.path is not set.
2024-11-18T09:50:51.750Z Info: Testing ltex-ls...
2024-11-18T09:50:51.750Z Info:   Command: "/home/poseidon/.vscode/extensions/valentjn.vscode-ltex-13.1.0/lib/ltex-ls-15.2.0/bin/ltex-ls"
2024-11-18T09:50:51.750Z Info:   Arguments: ["--version"]
2024-11-18T09:50:51.750Z Info:   env['JAVA_HOME']: undefined
2024-11-18T09:50:51.750Z Info:   env['JAVA_OPTS']: "-Xms64m -Xmx512m"
2024-11-18T09:50:51.929Z Info: Test successful!
2024-11-18T09:50:51.929Z Info: 
2024-11-18T09:50:51.931Z Info: Starting ltex-ls...
2024-11-18T09:50:51.931Z Info:   Command: "/home/poseidon/.vscode/extensions/valentjn.vscode-ltex-13.1.0/lib/ltex-ls-15.2.0/bin/ltex-ls"
2024-11-18T09:50:51.931Z Info:   Arguments: []
2024-11-18T09:50:51.931Z Info:   env['JAVA_HOME']: undefined
2024-11-18T09:50:51.931Z Info:   env['JAVA_OPTS']: "-Xms64m -Xmx512m"
2024-11-18T09:50:51.931Z Info: 
2024-11-18T09:50:52.843Z Info: Started watching external setting file '/home/poseidon/Desktop/Documents/Computer science/AQA notes/.vscode/ltex.dictionary.en-GB.txt'.
2024-11-18T09:50:52.848Z Info: Started watching external setting file '/home/poseidon/Desktop/Documents/Computer science/AQA notes/.vscode/ltex.hiddenFalsePositives.en-GB.txt'.
