2024-11-06T20:01:43.248Z Info: Setting LTeX UI language to 'en-us'.
2024-11-06T20:01:43.248Z Info: Loading i18n messages...
2024-11-06T20:01:43.249Z Info: Loading default i18n messages...
2024-11-06T20:01:43.249Z Info: 
2024-11-06T20:01:43.250Z Info: ltex.ltex-ls.path not set.
2024-11-06T20:01:43.250Z Info: Searching for ltex-ls in '/home/poseidon/.vscode/extensions/valentjn.vscode-ltex-13.1.0/lib'...
2024-11-06T20:01:43.250Z Info: ltex-ls found in '/home/poseidon/.vscode/extensions/valentjn.vscode-ltex-13.1.0/lib/ltex-ls-15.2.0'.
2024-11-06T20:01:43.250Z Info: 
2024-11-06T20:01:43.250Z Info: Using ltex-ls from '/home/poseidon/.vscode/extensions/valentjn.vscode-ltex-13.1.0/lib/ltex-ls-15.2.0'.
2024-11-06T20:01:43.250Z Info: Using Java bundled with ltex-ls as ltex.java.path is not set.
2024-11-06T20:01:43.250Z Info: Testing ltex-ls...
2024-11-06T20:01:43.250Z Info:   Command: "/home/poseidon/.vscode/extensions/valentjn.vscode-ltex-13.1.0/lib/ltex-ls-15.2.0/bin/ltex-ls"
2024-11-06T20:01:43.250Z Info:   Arguments: ["--version"]
2024-11-06T20:01:43.250Z Info:   env['JAVA_HOME']: undefined
2024-11-06T20:01:43.250Z Info:   env['JAVA_OPTS']: "-Xms64m -Xmx512m"
2024-11-06T20:01:43.494Z Info: Test successful!
2024-11-06T20:01:43.494Z Info: 
2024-11-06T20:01:43.496Z Info: Starting ltex-ls...
2024-11-06T20:01:43.496Z Info:   Command: "/home/poseidon/.vscode/extensions/valentjn.vscode-ltex-13.1.0/lib/ltex-ls-15.2.0/bin/ltex-ls"
2024-11-06T20:01:43.496Z Info:   Arguments: []
2024-11-06T20:01:43.496Z Info:   env['JAVA_HOME']: undefined
2024-11-06T20:01:43.496Z Info:   env['JAVA_OPTS']: "-Xms64m -Xmx512m"
2024-11-06T20:01:43.496Z Info: 
2024-11-06T20:01:44.434Z Info: Started watching external setting file '/home/poseidon/Desktop/Documents/French/.vscode/ltex.dictionary.en-GB.txt'.
2024-11-06T20:01:44.436Z Info: Started watching external setting file '/home/poseidon/Desktop/Documents/French/.vscode/ltex.disabledRules.fr.txt'.
