2024-10-05T09:18:08.247Z Info: Setting LTeX UI language to 'en-us'.
2024-10-05T09:18:08.247Z Info: Loading i18n messages...
2024-10-05T09:18:08.248Z Info: Loading default i18n messages...
2024-10-05T09:18:08.248Z Info: 
2024-10-05T09:18:08.248Z Info: ltex.ltex-ls.path not set.
2024-10-05T09:18:08.248Z Info: Searching for ltex-ls in '/home/poseidon/.vscode/extensions/valentjn.vscode-ltex-13.1.0/lib'...
2024-10-05T09:18:08.249Z Info: ltex-ls found in '/home/poseidon/.vscode/extensions/valentjn.vscode-ltex-13.1.0/lib/ltex-ls-15.2.0'.
2024-10-05T09:18:08.249Z Info: 
2024-10-05T09:18:08.249Z Info: Using ltex-ls from '/home/poseidon/.vscode/extensions/valentjn.vscode-ltex-13.1.0/lib/ltex-ls-15.2.0'.
2024-10-05T09:18:08.249Z Info: Using Java bundled with ltex-ls as ltex.java.path is not set.
2024-10-05T09:18:08.249Z Info: Testing ltex-ls...
2024-10-05T09:18:08.249Z Info:   Command: "/home/poseidon/.vscode/extensions/valentjn.vscode-ltex-13.1.0/lib/ltex-ls-15.2.0/bin/ltex-ls"
2024-10-05T09:18:08.249Z Info:   Arguments: ["--version"]
2024-10-05T09:18:08.249Z Info:   env['JAVA_HOME']: undefined
2024-10-05T09:18:08.249Z Info:   env['JAVA_OPTS']: "-Xms64m -Xmx512m"
2024-10-05T09:18:08.417Z Info: Test successful!
2024-10-05T09:18:08.417Z Info: 
2024-10-05T09:18:08.420Z Info: Starting ltex-ls...
2024-10-05T09:18:08.420Z Info:   Command: "/home/poseidon/.vscode/extensions/valentjn.vscode-ltex-13.1.0/lib/ltex-ls-15.2.0/bin/ltex-ls"
2024-10-05T09:18:08.420Z Info:   Arguments: []
2024-10-05T09:18:08.420Z Info:   env['JAVA_HOME']: undefined
2024-10-05T09:18:08.420Z Info:   env['JAVA_OPTS']: "-Xms64m -Xmx512m"
2024-10-05T09:18:08.420Z Info: 
2024-10-05T09:36:02.978Z Info: Created directory '/home/poseidon/Desktop/Documents/French/.vscode' for external setting file '/home/poseidon/Desktop/Documents/French/.vscode/ltex.disabledRules.fr.txt' as it didn't exist.
2024-10-05T09:36:02.978Z Info: Created external setting file '/home/poseidon/Desktop/Documents/French/.vscode/ltex.disabledRules.fr.txt' as it didn't exist.
2024-10-05T09:36:02.978Z Info: Read external setting file '/home/poseidon/Desktop/Documents/French/.vscode/ltex.disabledRules.fr.txt'.
2024-10-05T09:36:02.978Z Info: Appended new entries to external setting file '/home/poseidon/Desktop/Documents/French/.vscode/ltex.disabledRules.fr.txt'.
2024-10-05T09:36:02.984Z Info: Started watching external setting file '/home/poseidon/Desktop/Documents/French/.vscode/ltex.disabledRules.fr.txt'.
