[2024-Oct-21 19:08:04.796 +01:00][237484:237484][info ] Logging initialized
[2024-Oct-21 19:08:04.796 +01:00][237484:237484][info ] Initializing krisp SDK...
[2024-Oct-21 19:08:04.796 +01:00][237484:237484][info ] DoKrispInitialize
[2024-Oct-21 19:08:05.040 +01:00][237484:237484][info ] LoadDynamicKrisp
[2024-Oct-21 19:08:05.040 +01:00][237484:237484][info ] Did not find KRISP_DYLIB_PATH, skipping dynamic loading
[2024-Oct-21 19:08:05.040 +01:00][237484:237484][info ] Initializing Krisp SDK in PID 237484, addr 0x7129065907a0
[2024-Oct-21 19:08:05.148 +01:00][237484:237484][info ] Initialized Krisp SDK successfully
[2024-Oct-21 19:08:05.148 +01:00][237484:237484][info ] Krisp SDK initialized
[2024-Oct-22 18:32:34.491 +01:00][641736:641736][info ] Logging initialized
[2024-Oct-22 18:32:34.491 +01:00][641736:641736][info ] Initializing krisp SDK...
[2024-Oct-22 18:32:34.491 +01:00][641736:641736][info ] DoKrispInitialize
[2024-Oct-22 18:32:34.704 +01:00][641736:641736][info ] LoadDynamicKrisp
[2024-Oct-22 18:32:34.704 +01:00][641736:641736][info ] Did not find KRISP_DYLIB_PATH, skipping dynamic loading
[2024-Oct-22 18:32:34.704 +01:00][641736:641736][info ] Initializing Krisp SDK in PID 641736, addr 0x71793d5907a0
[2024-Oct-22 18:32:34.813 +01:00][641736:641736][info ] Initialized Krisp SDK successfully
[2024-Oct-22 18:32:34.813 +01:00][641736:641736][info ] Krisp SDK initialized
[2024-Nov-02 18:30:49.527 +00:00][151143:151143][info ] Logging initialized
[2024-Nov-02 18:30:49.527 +00:00][151143:151143][info ] Initializing krisp SDK...
[2024-Nov-02 18:30:49.527 +00:00][151143:151143][info ] DoKrispInitialize
[2024-Nov-02 18:30:49.739 +00:00][151143:151143][info ] LoadDynamicKrisp
[2024-Nov-02 18:30:49.739 +00:00][151143:151143][info ] Did not find KRISP_DYLIB_PATH, skipping dynamic loading
[2024-Nov-02 18:30:49.739 +00:00][151143:151143][info ] Initializing Krisp SDK in PID 151143, addr 0x79c0a1b907a0
[2024-Nov-02 18:30:49.848 +00:00][151143:151143][info ] Initialized Krisp SDK successfully
[2024-Nov-02 18:30:49.848 +00:00][151143:151143][info ] Krisp SDK initialized
[2024-Nov-03 00:50:34.025 +00:00][21935:21935][info ] Logging initialized
[2024-Nov-03 00:50:34.025 +00:00][21935:21935][info ] Initializing krisp SDK...
[2024-Nov-03 00:50:34.025 +00:00][21935:21935][info ] DoKrispInitialize
[2024-Nov-03 00:50:34.245 +00:00][21935:21935][info ] LoadDynamicKrisp
[2024-Nov-03 00:50:34.245 +00:00][21935:21935][info ] Did not find KRISP_DYLIB_PATH, skipping dynamic loading
[2024-Nov-03 00:50:34.245 +00:00][21935:21935][info ] Initializing Krisp SDK in PID 21935, addr 0x727bc7f907a0
[2024-Nov-03 00:50:34.353 +00:00][21935:21935][info ] Initialized Krisp SDK successfully
[2024-Nov-03 00:50:34.353 +00:00][21935:21935][info ] Krisp SDK initialized
