[Info  - 7:10:45 PM] Starting ltex-ls...
Nov 05, 2024 7:10:46 PM org.bsplines.ltexls.server.LtexLanguageServer initialize
INFO: ltex-ls 15.2.0 - initializing...
Nov 05, 2024 7:10:46 PM org.bsplines.ltexls.tools.I18n setLocale
INFO: Setting locale to 'en'
Nov 05, 2024 7:10:46 PM org.bsplines.ltexls.settings.SettingsManager$Companion logDifferentSettings
FINE: Reinitializing LanguageTool due to different settings for language 'en-GB': setting 'settings', old 'null', new 'non-null'
Nov 05, 2024 7:10:47 PM org.bsplines.ltexls.server.DocumentChecker logTextToBeChecked
FINE: Checking the following text in language 'en-GB' via LanguageTool: "Unicode accent codes\n\nCharacter Code\n\n\u00E0 00E0\n\u00E2 00E2\n\u00E6 00E6\n\u00E7 00E7\n\u00E9 00E9\n\u00EA 00EA\n\u00EB 00EB\n\u00EE 00EE\n\u00CF 00CF"... (truncated to 100 characters)
Nov 05, 2024 7:10:47 PM org.eclipse.lsp4j.jsonrpc.services.GenericEndpoint notify
INFO: Unsupported notification method: $/setTrace
Nov 05, 2024 7:10:47 PM org.bsplines.ltexls.server.DocumentChecker checkAnnotatedTextFragment
FINE: Obtained 1 rule match
Nov 05, 2024 7:18:18 PM org.bsplines.ltexls.server.DocumentChecker logTextToBeChecked
FINE: Checking the following text in language 'en-GB' via LanguageTool: "Unicode accent codes\n\nCharacter Code\n\n\u00E0 00E0\n\u00E2 00E2\n\u00E6 00E6\n\u00E7 00E7\n\u00E9 00E9\n\u00EA 00EA\n\n| \u00EB         | 00EB "... (truncated to 100 characters)
Nov 05, 2024 7:18:18 PM org.bsplines.ltexls.server.DocumentChecker checkAnnotatedTextFragment
FINE: Obtained 33 rule matches
Nov 05, 2024 7:18:21 PM org.bsplines.ltexls.server.DocumentChecker logTextToBeChecked
FINE: Checking the following text in language 'en-GB' via LanguageTool: "Unicode accent codes\n\nCharacter Code\n\n\u00E0 00E0\n\u00E2 00E2\n\u00E6 00E6\n\u00E7 00E7\n\u00E9 00E9\n\u00EA 00EA\n\n\u00EB 00EB\n\u00EE 00EE\n\u00CF 00C"... (truncated to 100 characters)
Nov 05, 2024 7:18:21 PM org.bsplines.ltexls.server.DocumentChecker checkAnnotatedTextFragment
FINE: Obtained 1 rule match
Nov 05, 2024 7:18:22 PM org.bsplines.ltexls.server.DocumentChecker logTextToBeChecked
FINE: Checking the following text in language 'en-GB' via LanguageTool: "Unicode accent codes\n\nCharacter Code\n\n\u00E0 00E0\n\u00E2 00E2\n\u00E6 00E6\n\u00E7 00E7\n\u00E9 00E9\n\u00EA 00EA\n\n\u00EB 00EB\n\u00EE 00EE\n\u00CF 00C"... (truncated to 100 characters)
Nov 05, 2024 7:18:22 PM org.bsplines.ltexls.server.DocumentChecker checkAnnotatedTextFragment
FINE: Obtained 1 rule match
Nov 05, 2024 7:18:24 PM org.bsplines.ltexls.server.DocumentChecker logTextToBeChecked
FINE: Checking the following text in language 'en-GB' via LanguageTool: "Unicode accent codes\n\nCharacter Code\n\n\u00E0 00E0\n\u00E2 00E2\n\u00E6 00E6\n\u00E7 00E7\n\u00E9 00E9\n\u00EA 00EA\nu\n\u00EB 00EB\n\u00EE 00EE\n\u00CF 00"... (truncated to 100 characters)
Nov 05, 2024 7:18:24 PM org.bsplines.ltexls.server.DocumentChecker checkAnnotatedTextFragment
FINE: Obtained 1 rule match
Nov 05, 2024 7:18:26 PM org.bsplines.ltexls.server.DocumentChecker logTextToBeChecked
FINE: Checking the following text in language 'en-GB' via LanguageTool: "Unicode accent codes\n\nCharacter Code\n\n\u00E0 00E0\n\u00E2 00E2\n\u00E6 00E6\n\u00E7 00E7\n\u00E9 00E9\n\u00EA 00EA\nu00\n\u00EB 00EB\n\u00EE 00EE\n\u00CF "... (truncated to 100 characters)
Nov 05, 2024 7:18:26 PM org.bsplines.ltexls.server.DocumentChecker checkAnnotatedTextFragment
FINE: Obtained 1 rule match
Nov 05, 2024 7:18:27 PM org.bsplines.ltexls.server.DocumentChecker logTextToBeChecked
FINE: Checking the following text in language 'en-GB' via LanguageTool: "Unicode accent codes\n\nCharacter Code\n\n\u00E0 00E0\n\u00E2 00E2\n\u00E6 00E6\n\u00E7 00E7\n\u00E9 00E9\n\u00EA 00EA\nu00e9\n\u00EB 00EB\n\u00EE 00EE\n"... (truncated to 100 characters)
Nov 05, 2024 7:18:27 PM org.bsplines.ltexls.server.DocumentChecker checkAnnotatedTextFragment
FINE: Obtained 1 rule match
Nov 05, 2024 7:18:28 PM org.bsplines.ltexls.server.DocumentChecker logTextToBeChecked
FINE: Checking the following text in language 'en-GB' via LanguageTool: "Unicode accent codes\n\nCharacter Code\n\n\u00E0 00E0\n\u00E2 00E2\n\u00E6 00E6\n\u00E7 00E7\n\u00E9 00E9\n\u00EA 00EA\n\u00E9\n\u00EB 00EB\n\u00EE 00EE\n\u00CF 00"... (truncated to 100 characters)
Nov 05, 2024 7:18:28 PM org.bsplines.ltexls.server.DocumentChecker checkAnnotatedTextFragment
FINE: Obtained 1 rule match
Nov 05, 2024 7:18:29 PM org.bsplines.ltexls.server.DocumentChecker logTextToBeChecked
FINE: Checking the following text in language 'en-GB' via LanguageTool: "Unicode accent codes\n\nCharacter Code\n\n\u00E0 00E0\n\u00E2 00E2\n\u00E6 00E6\n\u00E7 00E7\n\u00E9 00E9\n\u00EA 00EA\n\n\u00EB 00EB\n\u00EE 00EE\n\u00CF 00C"... (truncated to 100 characters)
Nov 05, 2024 7:18:29 PM org.bsplines.ltexls.server.DocumentChecker checkAnnotatedTextFragment
FINE: Obtained 1 rule match
Nov 05, 2024 7:18:29 PM org.bsplines.ltexls.server.DocumentChecker logTextToBeChecked
FINE: Checking the following text in language 'en-GB' via LanguageTool: "Unicode accent codes\n\nCharacter Code\n\n\u00E0 00E0\n\u00E2 00E2\n\u00E6 00E6\n\u00E7 00E7\n\u00E9 00E9\n\u00EA 00EA\nu\n\u00EB 00EB\n\u00EE 00EE\n\u00CF 00"... (truncated to 100 characters)
Nov 05, 2024 7:18:29 PM org.bsplines.ltexls.server.DocumentChecker checkAnnotatedTextFragment
FINE: Obtained 1 rule match
Nov 05, 2024 7:18:31 PM org.bsplines.ltexls.server.DocumentChecker logTextToBeChecked
FINE: Checking the following text in language 'en-GB' via LanguageTool: "Unicode accent codes\n\nCharacter Code\n\n\u00E0 00E0\n\u00E2 00E2\n\u00E6 00E6\n\u00E7 00E7\n\u00E9 00E9\n\u00EA 00EA\nu00\n\u00EB 00EB\n\u00EE 00EE\n\u00CF "... (truncated to 100 characters)
Nov 05, 2024 7:18:31 PM org.bsplines.ltexls.server.DocumentChecker checkAnnotatedTextFragment
FINE: Obtained 1 rule match
Nov 05, 2024 7:18:32 PM org.bsplines.ltexls.server.DocumentChecker logTextToBeChecked
FINE: Checking the following text in language 'en-GB' via LanguageTool: "Unicode accent codes\n\nCharacter Code\n\n\u00E0 00E0\n\u00E2 00E2\n\u00E6 00E6\n\u00E7 00E7\n\u00E9 00E9\n\u00EA 00EA\nu00e8\n\u00EB 00EB\n\u00EE 00EE\n"... (truncated to 100 characters)
Nov 05, 2024 7:18:32 PM org.bsplines.ltexls.server.DocumentChecker checkAnnotatedTextFragment
FINE: Obtained 1 rule match
Nov 05, 2024 7:18:32 PM org.bsplines.ltexls.server.DocumentChecker logTextToBeChecked
FINE: Checking the following text in language 'en-GB' via LanguageTool: "Unicode accent codes\n\nCharacter Code\n\n\u00E0 00E0\n\u00E2 00E2\n\u00E6 00E6\n\u00E7 00E7\n\u00E9 00E9\n\u00EA 00EA\n\u00E8\n\u00EB 00EB\n\u00EE 00EE\n\u00CF 00"... (truncated to 100 characters)
Nov 05, 2024 7:18:32 PM org.bsplines.ltexls.server.DocumentChecker checkAnnotatedTextFragment
FINE: Obtained 1 rule match
Nov 05, 2024 7:18:37 PM org.bsplines.ltexls.server.DocumentChecker logTextToBeChecked
FINE: Checking the following text in language 'en-GB' via LanguageTool: "Unicode accent codes\n\nCharacter Code\n\n\u00E0 00E0\n\u00E2 00E2\n\u00E6 00E6\n\u00E7 00E7\n\u00E9 00E9\n\u00EA 00EA\n\u00E8\n\u00EB 00EB\n\u00EE 00EE\n\u00CF 00"... (truncated to 100 characters)
Nov 05, 2024 7:18:37 PM org.bsplines.ltexls.server.DocumentChecker checkAnnotatedTextFragment
FINE: Obtained 1 rule match
Nov 05, 2024 7:18:39 PM org.bsplines.ltexls.server.DocumentChecker logTextToBeChecked
FINE: Checking the following text in language 'en-GB' via LanguageTool: "Unicode accent codes\n\nCharacter Code\n\n\u00E0 00E0\n\u00E2 00E2\n\u00E6 00E6\n\u00E7 00E7\n\u00E9 00E9\n\u00EA 00EA\n\u00E8\n\u00EB 00EB\n\u00EE 00EE\n\u00CF 00"... (truncated to 100 characters)
Nov 05, 2024 7:18:39 PM org.bsplines.ltexls.server.DocumentChecker checkAnnotatedTextFragment
FINE: Obtained 1 rule match
Nov 05, 2024 7:18:41 PM org.bsplines.ltexls.server.DocumentChecker logTextToBeChecked
FINE: Checking the following text in language 'en-GB' via LanguageTool: "Unicode accent codes\n\nCharacter Code\n\n\u00E0 00E0\n\u00E2 00E2\n\u00E6 00E6\n\u00E7 00E7\n\u00E9 00E9\n\u00EA 00EA\n\u00E8\n\u00EB 00EB\n\u00EE 00EE\n\u00CF 00"... (truncated to 100 characters)
Nov 05, 2024 7:18:41 PM org.bsplines.ltexls.server.DocumentChecker checkAnnotatedTextFragment
FINE: Obtained 1 rule match
Nov 05, 2024 7:18:41 PM org.bsplines.ltexls.server.DocumentChecker logTextToBeChecked
FINE: Checking the following text in language 'en-GB' via LanguageTool: "Unicode accent codes\n\nCharacter Code\n\n\u00E0 00E0\n\u00E2 00E2\n\u00E6 00E6\n\u00E7 00E7\n\u00E9 00E9\n\u00EA 00EA\n\u00E8\n\u00EB 00EB\n\u00EE 00EE\n\u00CF 00"... (truncated to 100 characters)
Nov 05, 2024 7:18:41 PM org.bsplines.ltexls.server.DocumentChecker checkAnnotatedTextFragment
FINE: Obtained 1 rule match
Nov 05, 2024 7:18:42 PM org.bsplines.ltexls.server.DocumentChecker logTextToBeChecked
FINE: Checking the following text in language 'en-GB' via LanguageTool: "Unicode accent codes\n\nCharacter Code\n\n\u00E0 00E0\n\u00E2 00E2\n\u00E6 00E6\n\u00E7 00E7\n\u00E9 00E9\n\u00EA 00EA\n\u00E8\n\u00EB 00EB\n\u00EE 00EE\n\u00CF 00"... (truncated to 100 characters)
Nov 05, 2024 7:18:42 PM org.bsplines.ltexls.server.DocumentChecker checkAnnotatedTextFragment
FINE: Obtained 1 rule match
Nov 05, 2024 7:18:44 PM org.bsplines.ltexls.server.DocumentChecker logTextToBeChecked
FINE: Checking the following text in language 'en-GB' via LanguageTool: "Unicode accent codes\n\nCharacter Code\n\n\u00E0 00E0\n\u00E2 00E2\n\u00E6 00E6\n\u00E7 00E7\n\u00E9 00E9\n\u00EA 00EA\n\u00E8\n\u00EB 00EB\n\u00EE 00EE\n\u00CF 00"... (truncated to 100 characters)
Nov 05, 2024 7:18:44 PM org.bsplines.ltexls.server.DocumentChecker checkAnnotatedTextFragment
FINE: Obtained 1 rule match
Nov 05, 2024 7:18:44 PM org.bsplines.ltexls.server.DocumentChecker logTextToBeChecked
FINE: Checking the following text in language 'en-GB' via LanguageTool: "Unicode accent codes\n\nCharacter Code\n\n\u00E0 00E0\n\u00E2 00E2\n\u00E6 00E6\n\u00E7 00E7\n\u00E9 00E9\n\u00EA 00EA\n\u00E8\n\u00EB 00EB\n\u00EE 00EE\n\u00CF 00"... (truncated to 100 characters)
Nov 05, 2024 7:18:44 PM org.bsplines.ltexls.server.DocumentChecker checkAnnotatedTextFragment
FINE: Obtained 1 rule match
Nov 05, 2024 7:18:45 PM org.bsplines.ltexls.server.DocumentChecker logTextToBeChecked
FINE: Checking the following text in language 'en-GB' via LanguageTool: "Unicode accent codes\n\nCharacter Code\n\n\u00E0 00E0\n\u00E2 00E2\n\u00E6 00E6\n\u00E7 00E7\n\u00E9 00E9\n\u00EA 00EA\n\u00E8\n\u00EB 00EB\n\u00EE 00EE\n\u00CF 00"... (truncated to 100 characters)
Nov 05, 2024 7:18:45 PM org.bsplines.ltexls.server.DocumentChecker checkAnnotatedTextFragment
FINE: Obtained 1 rule match
Nov 05, 2024 7:18:45 PM org.bsplines.ltexls.server.DocumentChecker logTextToBeChecked
FINE: Checking the following text in language 'en-GB' via LanguageTool: "Unicode accent codes\n\nCharacter Code\n\n\u00E0 00E0\n\u00E2 00E2\n\u00E6 00E6\n\u00E7 00E7\n\u00E9 00E9\n\u00EA 00EA\n\u00E8\n\u00EB 00EB\n\u00EE 00EE\n\u00CF 00"... (truncated to 100 characters)
Nov 05, 2024 7:18:45 PM org.bsplines.ltexls.server.DocumentChecker checkAnnotatedTextFragment
FINE: Obtained 1 rule match
Nov 05, 2024 7:18:47 PM org.bsplines.ltexls.server.DocumentChecker logTextToBeChecked
FINE: Checking the following text in language 'en-GB' via LanguageTool: "Unicode accent codes\n\nCharacter Code\n\n\u00E0 00E0\n\u00E2 00E2\n\u00E6 00E6\n\u00E7 00E7\n\u00E9 00E9\n\u00EA 00EA\n\u00E8\n\u00EB 00EB\n\u00EE 00EE\n\u00CF 00"... (truncated to 100 characters)
Nov 05, 2024 7:18:47 PM org.bsplines.ltexls.server.DocumentChecker checkAnnotatedTextFragment
FINE: Obtained 1 rule match
Nov 05, 2024 7:18:48 PM org.bsplines.ltexls.server.DocumentChecker logTextToBeChecked
FINE: Checking the following text in language 'en-GB' via LanguageTool: "Unicode accent codes\n\nCharacter Code\n\n\u00E0 00E0\n\u00E2 00E2\n\u00E6 00E6\n\u00E7 00E7\n\u00E9 00E9\n\u00EA 00EA\n\u00E8\n\u00EB 00EB\n\u00EE 00EE\n\u00CF 00"... (truncated to 100 characters)
Nov 05, 2024 7:18:48 PM org.bsplines.ltexls.server.DocumentChecker checkAnnotatedTextFragment
FINE: Obtained 1 rule match
Nov 05, 2024 7:18:49 PM org.bsplines.ltexls.server.DocumentChecker logTextToBeChecked
FINE: Checking the following text in language 'en-GB' via LanguageTool: "Unicode accent codes\n\nCharacter Code\n\n\u00E0 00E0\n\u00E2 00E2\n\u00E6 00E6\n\u00E7 00E7\n\u00E9 00E9\n\u00EA 00EA\n\u00E8 00\n\u00EB 00EB\n\u00EE 00EE\n\u00CF"... (truncated to 100 characters)
Nov 05, 2024 7:18:49 PM org.bsplines.ltexls.server.DocumentChecker checkAnnotatedTextFragment
FINE: Obtained 1 rule match
Nov 05, 2024 7:18:50 PM org.bsplines.ltexls.server.DocumentChecker logTextToBeChecked
FINE: Checking the following text in language 'en-GB' via LanguageTool: "Unicode accent codes\n\nCharacter Code\n\n\u00E0 00E0\n\u00E2 00E2\n\u00E6 00E6\n\u00E7 00E7\n\u00E9 00E9\n\u00EA 00EA\n\u00E8 00E\n\u00EB 00EB\n\u00EE 00EE\n"... (truncated to 100 characters)
Nov 05, 2024 7:18:50 PM org.bsplines.ltexls.server.DocumentChecker checkAnnotatedTextFragment
FINE: Obtained 1 rule match
Nov 05, 2024 7:18:51 PM org.bsplines.ltexls.server.DocumentChecker logTextToBeChecked
FINE: Checking the following text in language 'en-GB' via LanguageTool: "Unicode accent codes\n\nCharacter Code\n\n\u00E0 00E0\n\u00E2 00E2\n\u00E6 00E6\n\u00E7 00E7\n\u00E9 00E9\n\u00EA 00EA\n\u00E8 00E8\n\u00EB 00EB\n\u00EE 00EE"... (truncated to 100 characters)
Nov 05, 2024 7:18:51 PM org.bsplines.ltexls.server.DocumentChecker checkAnnotatedTextFragment
FINE: Obtained 1 rule match
Nov 05, 2024 7:18:52 PM org.bsplines.ltexls.server.DocumentChecker logTextToBeChecked
FINE: Checking the following text in language 'en-GB' via LanguageTool: "Unicode accent codes\n\nCharacter Code\n\n\u00E0 00E0\n\u00E2 00E2\n\u00E6 00E6\n\u00E7 00E7\n\u00E9 00E9\n\u00EA 00EA\n\u00E8 00E8\n\u00EB 00EB\n\u00EE 00EE"... (truncated to 100 characters)
Nov 05, 2024 7:18:52 PM org.bsplines.ltexls.server.DocumentChecker checkAnnotatedTextFragment
FINE: Obtained 1 rule match
Nov 05, 2024 7:18:53 PM org.bsplines.ltexls.server.DocumentChecker logTextToBeChecked
FINE: Checking the following text in language 'en-GB' via LanguageTool: "Unicode accent codes\n\nCharacter Code\n\n\u00E0 00E0\n\u00E2 00E2\n\u00E6 00E6\n\u00E7 00E7\n\u00E9 00E9\n\u00EA 00EA\n\u00E8 00E8\n\u00EB 00EB\n\u00EE 00EE"... (truncated to 100 characters)
Nov 05, 2024 7:18:53 PM org.bsplines.ltexls.server.DocumentChecker checkAnnotatedTextFragment
FINE: Obtained 1 rule match
Nov 05, 2024 7:18:53 PM org.bsplines.ltexls.server.DocumentChecker logTextToBeChecked
FINE: Checking the following text in language 'en-GB' via LanguageTool: "Unicode accent codes\n\nCharacter Code\n\n\u00E0 00E0\n\u00E2 00E2\n\u00E6 00E6\n\u00E7 00E7\n\u00E9 00E9\n\u00EA 00EA\n\u00E8 00E8\n\u00EB 00EB\n\u00EE 00EE"... (truncated to 100 characters)
Nov 05, 2024 7:18:53 PM org.bsplines.ltexls.server.DocumentChecker checkAnnotatedTextFragment
FINE: Obtained 1 rule match
Nov 05, 2024 7:18:54 PM org.bsplines.ltexls.server.DocumentChecker logTextToBeChecked
FINE: Checking the following text in language 'en-GB' via LanguageTool: "Unicode accent codes\n\nCharacter Code\n\n\u00E0 00E0\n\u00E2 00E2\n\u00E6 00E6\n\u00E7 00E7\n\u00E9 00E9\n\u00EA 00EA\n\u00E8 00E8\n\u00EB 00EB\n\u00EE 00EE"... (truncated to 100 characters)
Nov 05, 2024 7:18:54 PM org.bsplines.ltexls.server.DocumentChecker checkAnnotatedTextFragment
FINE: Obtained 1 rule match
Nov 05, 2024 7:18:54 PM org.bsplines.ltexls.server.DocumentChecker logTextToBeChecked
FINE: Checking the following text in language 'en-GB' via LanguageTool: "Unicode accent codes\n\nCharacter Code\n\n\u00E0 00E0\n\u00E2 00E2\n\u00E6 00E6\n\u00E7 00E7\n\u00E9 00E9\n\u00EA 00EA\n\u00E8 00E8\n\u00EB 00EB\n\u00EE 00EE"... (truncated to 100 characters)
Nov 05, 2024 7:18:54 PM org.bsplines.ltexls.server.DocumentChecker checkAnnotatedTextFragment
FINE: Obtained 1 rule match
Nov 05, 2024 7:18:56 PM org.bsplines.ltexls.server.DocumentChecker logTextToBeChecked
FINE: Checking the following text in language 'en-GB' via LanguageTool: "Unicode accent codes\n\nCharacter Code\n\n\u00E0 00E0\n\u00E2 00E2\n\u00E6 00E6\n\u00E7 00E7\n\u00E9 00E9\n\u00EA 00EA\n\u00E8 00E8\n\u00EB 00EB\n\u00EE 00EE"... (truncated to 100 characters)
Nov 05, 2024 7:18:56 PM org.bsplines.ltexls.server.DocumentChecker checkAnnotatedTextFragment
FINE: Obtained 1 rule match
Nov 05, 2024 7:18:57 PM org.bsplines.ltexls.server.DocumentChecker logTextToBeChecked
FINE: Checking the following text in language 'en-GB' via LanguageTool: "Unicode accent codes\n\nCharacter Code\n\n\u00E0 00E0\n\u00E2 00E2\n\u00E6 00E6\n\u00E7 00E7\n\u00E9 00E9\n\u00EA 00EA\n\u00E8 00E8\n\u00EB 00EB\n\u00EE 00EE"... (truncated to 100 characters)
Nov 05, 2024 7:18:57 PM org.bsplines.ltexls.server.DocumentChecker checkAnnotatedTextFragment
FINE: Obtained 1 rule match
Nov 05, 2024 7:18:59 PM org.bsplines.ltexls.server.DocumentChecker logTextToBeChecked
FINE: Checking the following text in language 'en-GB' via LanguageTool: "Unicode accent codes\n\nCharacter Code\n\n\u00E0 00E0\n\u00E2 00E2\n\u00E6 00E6\n\u00E7 00E7\n\u00E9 00E9\n\u00EA 00EA\n\u00E8 00E8 u\n\u00EB 00EB\n\u00EE 00"... (truncated to 100 characters)
Nov 05, 2024 7:18:59 PM org.bsplines.ltexls.server.DocumentChecker checkAnnotatedTextFragment
FINE: Obtained 1 rule match
Nov 05, 2024 7:19:00 PM org.bsplines.ltexls.server.DocumentChecker logTextToBeChecked
FINE: Checking the following text in language 'en-GB' via LanguageTool: "Unicode accent codes\n\nCharacter Code\n\n\u00E0 00E0\n\u00E2 00E2\n\u00E6 00E6\n\u00E7 00E7\n\u00E9 00E9\n\u00EA 00EA\n\u00E8 00E8 u00\n\u00EB 00EB\n\u00EE "... (truncated to 100 characters)
Nov 05, 2024 7:19:00 PM org.bsplines.ltexls.server.DocumentChecker checkAnnotatedTextFragment
FINE: Obtained 1 rule match
Nov 05, 2024 7:19:01 PM org.bsplines.ltexls.server.DocumentChecker logTextToBeChecked
FINE: Checking the following text in language 'en-GB' via LanguageTool: "Unicode accent codes\n\nCharacter Code\n\n\u00E0 00E0\n\u00E2 00E2\n\u00E6 00E6\n\u00E7 00E7\n\u00E9 00E9\n\u00EA 00EA\n\u00E8 00E8 u00eb\n\u00EB 00EB\n"... (truncated to 100 characters)
Nov 05, 2024 7:19:01 PM org.bsplines.ltexls.server.DocumentChecker checkAnnotatedTextFragment
FINE: Obtained 1 rule match
Nov 05, 2024 7:19:01 PM org.bsplines.ltexls.server.DocumentChecker logTextToBeChecked
FINE: Checking the following text in language 'en-GB' via LanguageTool: "Unicode accent codes\n\nCharacter Code\n\n\u00E0 00E0\n\u00E2 00E2\n\u00E6 00E6\n\u00E7 00E7\n\u00E9 00E9\n\u00EA 00EA\n\u00E8 00E8 \u00EB\n\u00EB 00EB\n\u00EE 00"... (truncated to 100 characters)
Nov 05, 2024 7:19:01 PM org.bsplines.ltexls.server.DocumentChecker checkAnnotatedTextFragment
FINE: Obtained 2 rule matches
Nov 05, 2024 7:19:02 PM org.bsplines.ltexls.server.DocumentChecker logTextToBeChecked
FINE: Checking the following text in language 'en-GB' via LanguageTool: "Unicode accent codes\n\nCharacter Code\n\n\u00E0 00E0\n\u00E2 00E2\n\u00E6 00E6\n\u00E7 00E7\n\u00E9 00E9\n\u00EA 00EA\n\u00E8 00E8\n\u00EB 00EB\n\u00EE 00EE"... (truncated to 100 characters)
Nov 05, 2024 7:19:02 PM org.bsplines.ltexls.server.DocumentChecker checkAnnotatedTextFragment
FINE: Obtained 1 rule match
Nov 05, 2024 7:19:11 PM org.bsplines.ltexls.server.DocumentChecker logTextToBeChecked
FINE: Checking the following text in language 'en-GB' via LanguageTool: "Unicode accent codes\n\nCharacter Code\n\n\u00E0 00E0\n\u00E2 00E2\n\u00E6 00E6\n\u00E7 00E7\n\u00E9 00E9\n\u00EA 00EA\n\u00E8 00E8\n\u00EB 00EB\n\u00EE 00EE"... (truncated to 100 characters)
Nov 05, 2024 7:19:11 PM org.bsplines.ltexls.server.DocumentChecker checkAnnotatedTextFragment
FINE: Obtained 1 rule match
Nov 05, 2024 7:19:13 PM org.bsplines.ltexls.server.DocumentChecker logTextToBeChecked
FINE: Checking the following text in language 'en-GB' via LanguageTool: "Unicode accent codes\n\nCharacter Code\n\n\u00E0 00E0\n\u00E2 00E2\n\u00E6 00E6\n\u00E7 00E7\n\u00E9 00E9\n\u00EA 00EA\n\u00E8 00E8\n\u00EB 00EB\n\u00EE 00EE"... (truncated to 100 characters)
Nov 05, 2024 7:19:13 PM org.bsplines.ltexls.server.DocumentChecker checkAnnotatedTextFragment
FINE: Obtained 1 rule match
Nov 05, 2024 7:19:14 PM org.bsplines.ltexls.server.DocumentChecker logTextToBeChecked
FINE: Checking the following text in language 'en-GB' via LanguageTool: "Unicode accent codes\n\nCharacter Code\n\n\u00E0 00E0\n\u00E2 00E2\n\u00E6 00E6\n\u00E7 00E7\n\u00E9 00E9\n\u00EA 00EA\n\u00E8 00E8\n\u00EB 00EB\n\u00EE 00EE"... (truncated to 100 characters)
Nov 05, 2024 7:19:14 PM org.bsplines.ltexls.server.DocumentChecker checkAnnotatedTextFragment
FINE: Obtained 1 rule match
Nov 05, 2024 7:19:14 PM org.bsplines.ltexls.server.DocumentChecker logTextToBeChecked
FINE: Checking the following text in language 'en-GB' via LanguageTool: "Unicode accent codes\n\nCharacter Code\n\n\u00E0 00E0\n\u00E2 00E2\n\u00E6 00E6\n\u00E7 00E7\n\u00E9 00E9\n\u00EA 00EA\n\u00E8 00E8\n\u00EB 00EB\n\u00EE 00EE"... (truncated to 100 characters)
Nov 05, 2024 7:19:14 PM org.bsplines.ltexls.server.DocumentChecker checkAnnotatedTextFragment
FINE: Obtained 1 rule match
Nov 05, 2024 7:19:15 PM org.bsplines.ltexls.server.DocumentChecker logTextToBeChecked
FINE: Checking the following text in language 'en-GB' via LanguageTool: "Unicode accent codes\n\nCharacter Code\n\n\u00E0 00E0\n\u00E2 00E2\n\u00E6 00E6\n\u00E7 00E7\n\u00E9 00E9\n\u00EA 00EA\n\u00E8 00E8\n\u00EB 00EB\n\u00EE 00EE"... (truncated to 100 characters)
Nov 05, 2024 7:19:15 PM org.bsplines.ltexls.server.DocumentChecker checkAnnotatedTextFragment
FINE: Obtained 1 rule match
Nov 05, 2024 7:19:15 PM org.bsplines.ltexls.server.DocumentChecker logTextToBeChecked
FINE: Checking the following text in language 'en-GB' via LanguageTool: "Unicode accent codes\n\nCharacter Code\n\n\u00E0 00E0\n\u00E2 00E2\n\u00E6 00E6\n\u00E7 00E7\n\u00E9 00E9\n\u00EA 00EA\n\u00E8 00E8\n\u00EB 00EB\n\u00EE 00EE"... (truncated to 100 characters)
Nov 05, 2024 7:19:16 PM org.bsplines.ltexls.server.DocumentChecker checkAnnotatedTextFragment
FINE: Obtained 15 rule matches
Nov 05, 2024 7:19:17 PM org.bsplines.ltexls.server.DocumentChecker logTextToBeChecked
FINE: Checking the following text in language 'en-GB' via LanguageTool: "Unicode accent codes\n\nCharacter Code\n\n\u00E0 00E0\n\u00E2 00E2\n\u00E6 00E6\n\u00E7 00E7\n\u00E9 00E9\n\u00EA 00EA\n\u00E8 00E8\n\u00EB 00EB\n\u00EE 00EE"... (truncated to 100 characters)
Nov 05, 2024 7:19:17 PM org.bsplines.ltexls.server.DocumentChecker checkAnnotatedTextFragment
FINE: Obtained 1 rule match
Nov 05, 2024 7:19:18 PM org.bsplines.ltexls.server.DocumentChecker logTextToBeChecked
FINE: Checking the following text in language 'en-GB' via LanguageTool: "Unicode accent codes\n\nCharacter Code\n\n\u00E0 00E0\n\u00E2 00E2\n\u00E6 00E6\n\u00E7 00E7\n\u00E9 00E9\n\u00EA 00EA\n\u00E8 00E8\n\u00EB 00EB\n\u00EE 00EE"... (truncated to 100 characters)
Nov 05, 2024 7:19:18 PM org.bsplines.ltexls.server.DocumentChecker checkAnnotatedTextFragment
FINE: Obtained 1 rule match
Nov 05, 2024 7:19:19 PM org.bsplines.ltexls.server.DocumentChecker logTextToBeChecked
FINE: Checking the following text in language 'en-GB' via LanguageTool: "Unicode accent codes\n\nCharacter Code\n\n\u00E0 00E0\n\u00E2 00E2\n\u00E6 00E6\n\u00E7 00E7\n\u00E9 00E9\n\u00EA 00EA\n\u00E8 00E8\n\u00EB 00EB\n\u00EE 00EE"... (truncated to 100 characters)
Nov 05, 2024 7:19:19 PM org.bsplines.ltexls.server.DocumentChecker checkAnnotatedTextFragment
FINE: Obtained 1 rule match
Nov 05, 2024 7:19:20 PM org.bsplines.ltexls.server.DocumentChecker logTextToBeChecked
FINE: Checking the following text in language 'en-GB' via LanguageTool: "Unicode accent codes\n\nCharacter Code\n\n\u00E0 00E0\n\u00E2 00E2\n\u00E6 00E6\n\u00E7 00E7\n\u00E9 00E9\n\u00EA 00EA\n\u00E8 00E8\n\u00EB 00EB\n\u00EE 00EE"... (truncated to 100 characters)
Nov 05, 2024 7:19:20 PM org.bsplines.ltexls.server.DocumentChecker checkAnnotatedTextFragment
FINE: Obtained 1 rule match
Nov 05, 2024 7:19:21 PM org.bsplines.ltexls.server.DocumentChecker logTextToBeChecked
FINE: Checking the following text in language 'en-GB' via LanguageTool: "Unicode accent codes\n\nCharacter Code\n\n\u00E0 00E0\n\u00E2 00E2\n\u00E6 00E6\n\u00E7 00E7\n\u00E9 00E9\n\u00EA 00EA\n\u00E8 00E8\n\u00EB 00EB\n\u00EE 00EE"... (truncated to 100 characters)
Nov 05, 2024 7:19:21 PM org.bsplines.ltexls.server.DocumentChecker checkAnnotatedTextFragment
FINE: Obtained 1 rule match
Nov 05, 2024 7:19:21 PM org.bsplines.ltexls.server.DocumentChecker logTextToBeChecked
FINE: Checking the following text in language 'en-GB' via LanguageTool: "Unicode accent codes\n\nCharacter Code\n\n\u00E0 00E0\n\u00E2 00E2\n\u00E6 00E6\n\u00E7 00E7\n\u00E9 00E9\n\u00EA 00EA\n\u00E8 00E8\n\u00EB 00EB\n\u00EE 00EE"... (truncated to 100 characters)
Nov 05, 2024 7:19:21 PM org.bsplines.ltexls.server.DocumentChecker checkAnnotatedTextFragment
FINE: Obtained 1 rule match
Nov 05, 2024 7:19:22 PM org.bsplines.ltexls.server.DocumentChecker logTextToBeChecked
FINE: Checking the following text in language 'en-GB' via LanguageTool: "Unicode accent codes\n\nCharacter Code\n\n\u00E0 00E0\n\u00E2 00E2\n\u00E6 00E6\n\u00E7 00E7\n\u00E9 00E9\n\u00EA 00EA\n\u00E8 00E8\n\u00EB 00EB\n\u00EE 00EE"... (truncated to 100 characters)
Nov 05, 2024 7:19:22 PM org.bsplines.ltexls.server.DocumentChecker checkAnnotatedTextFragment
FINE: Obtained 1 rule match
Nov 05, 2024 7:19:23 PM org.bsplines.ltexls.server.DocumentChecker logTextToBeChecked
FINE: Checking the following text in language 'en-GB' via LanguageTool: "Unicode accent codes\n\nCharacter Code\n\n\u00E0 00E0\n\u00E2 00E2\n\u00E6 00E6\n\u00E7 00E7\n\u00E9 00E9\n\u00EA 00EA\n\u00E8 00E8\n\u00EB 00EB\n\u00EE 00EE"... (truncated to 100 characters)
Nov 05, 2024 7:19:23 PM org.bsplines.ltexls.server.DocumentChecker checkAnnotatedTextFragment
FINE: Obtained 1 rule match
Nov 05, 2024 7:19:24 PM org.bsplines.ltexls.server.DocumentChecker logTextToBeChecked
FINE: Checking the following text in language 'en-GB' via LanguageTool: "Unicode accent codes\n\nCharacter Code\n\n\u00E0 00E0\n\u00E2 00E2\n\u00E6 00E6\n\u00E7 00E7\n\u00E9 00E9\n\u00EA 00EA\n\u00E8 00E8\n\u00EB 00EB\n\u00EE 00EE"... (truncated to 100 characters)
Nov 05, 2024 7:19:24 PM org.bsplines.ltexls.server.DocumentChecker checkAnnotatedTextFragment
FINE: Obtained 1 rule match
Nov 05, 2024 7:19:25 PM org.bsplines.ltexls.server.DocumentChecker logTextToBeChecked
FINE: Checking the following text in language 'en-GB' via LanguageTool: "Unicode accent codes\n\nCharacter Code\n\n\u00E0 00E0\n\u00E2 00E2\n\u00E6 00E6\n\u00E7 00E7\n\u00E9 00E9\n\u00EA 00EA\n\u00E8 00E8\n\u00EB 00EB\n\u00EE 00EE"... (truncated to 100 characters)
Nov 05, 2024 7:19:25 PM org.bsplines.ltexls.server.DocumentChecker checkAnnotatedTextFragment
FINE: Obtained 1 rule match
Nov 05, 2024 7:19:26 PM org.bsplines.ltexls.server.DocumentChecker logTextToBeChecked
FINE: Checking the following text in language 'en-GB' via LanguageTool: "Unicode accent codes\n\nCharacter Code\n\n\u00E0 00E0\n\u00E2 00E2\n\u00E6 00E6\n\u00E7 00E7\n\u00E9 00E9\n\u00EA 00EA\n\u00E8 00E8\n\u00EB 00EB\n\u00EE 00EE"... (truncated to 100 characters)
Nov 05, 2024 7:19:26 PM org.bsplines.ltexls.server.DocumentChecker checkAnnotatedTextFragment
FINE: Obtained 1 rule match
Nov 05, 2024 7:19:27 PM org.bsplines.ltexls.server.DocumentChecker logTextToBeChecked
FINE: Checking the following text in language 'en-GB' via LanguageTool: "Unicode accent codes\n\nCharacter Code\n\n\u00E0 00E0\n\u00E2 00E2\n\u00E6 00E6\n\u00E7 00E7\n\u00E9 00E9\n\u00EA 00EA\n\u00E8 00E8\n\u00EB 00EB\n\u00EE 00EE"... (truncated to 100 characters)
Nov 05, 2024 7:19:27 PM org.bsplines.ltexls.server.DocumentChecker checkAnnotatedTextFragment
FINE: Obtained 1 rule match
Nov 05, 2024 7:19:28 PM org.bsplines.ltexls.server.DocumentChecker logTextToBeChecked
FINE: Checking the following text in language 'en-GB' via LanguageTool: "Unicode accent codes\n\nCharacter Code\n\n\u00E0 00E0\n\u00E2 00E2\n\u00E6 00E6\n\u00E7 00E7\n\u00E9 00E9\n\u00EA 00EA\n\u00E8 00E8\n\u00EB 00EB\n\u00EE 00EE"... (truncated to 100 characters)
Nov 05, 2024 7:19:28 PM org.bsplines.ltexls.server.DocumentChecker checkAnnotatedTextFragment
FINE: Obtained 1 rule match
Nov 05, 2024 7:19:28 PM org.bsplines.ltexls.server.DocumentChecker logTextToBeChecked
FINE: Checking the following text in language 'en-GB' via LanguageTool: "Unicode accent codes\n\nCharacter Code\n\n\u00E0 00E0\n\u00E2 00E2\n\u00E6 00E6\n\u00E7 00E7\n\u00E9 00E9\n\u00EA 00EA\n\u00E8 00E8\n\u00EB 00EB\n\u00EE 00EE"... (truncated to 100 characters)
Nov 05, 2024 7:19:28 PM org.bsplines.ltexls.server.DocumentChecker checkAnnotatedTextFragment
FINE: Obtained 1 rule match
Nov 05, 2024 7:19:29 PM org.bsplines.ltexls.server.DocumentChecker logTextToBeChecked
FINE: Checking the following text in language 'en-GB' via LanguageTool: "Unicode accent codes\n\nCharacter Code\n\n\u00E0 00E0\n\u00E2 00E2\n\u00E6 00E6\n\u00E7 00E7\n\u00E9 00E9\n\u00EA 00EA\n\u00E8 00E8\n\u00EB 00EB\n\u00EE 00EE"... (truncated to 100 characters)
Nov 05, 2024 7:19:29 PM org.bsplines.ltexls.server.DocumentChecker checkAnnotatedTextFragment
FINE: Obtained 1 rule match
Nov 05, 2024 7:19:30 PM org.bsplines.ltexls.server.DocumentChecker logTextToBeChecked
FINE: Checking the following text in language 'en-GB' via LanguageTool: "Unicode accent codes\n\nCharacter Code\n\n\u00E0 00E0\n\u00E2 00E2\n\u00E6 00E6\n\u00E7 00E7\n\u00E9 00E9\n\u00EA 00EA\n\u00E8 00E8\n\u00EB 00EB\n\u00EE 00EE"... (truncated to 100 characters)
Nov 05, 2024 7:19:30 PM org.bsplines.ltexls.server.DocumentChecker checkAnnotatedTextFragment
FINE: Obtained 1 rule match
Nov 05, 2024 7:19:31 PM org.bsplines.ltexls.server.DocumentChecker logTextToBeChecked
FINE: Checking the following text in language 'en-GB' via LanguageTool: "Unicode accent codes\n\nCharacter Code\n\n\u00E0 00E0\n\u00E2 00E2\n\u00E6 00E6\n\u00E7 00E7\n\u00E9 00E9\n\u00EA 00EA\n\u00E8 00E8\n\u00EB 00EB\n\u00EE 00EE"... (truncated to 100 characters)
Nov 05, 2024 7:19:31 PM org.bsplines.ltexls.server.DocumentChecker checkAnnotatedTextFragment
FINE: Obtained 1 rule match
