2024-10-05 09:17:31.862 [info] Extension host with pid 68990 started
2024-10-05 09:17:31.862 [info] Skipping acquiring lock for /home/poseidon/.config/Code/User/workspaceStorage/077a11f49e936fc99266f2a54d278790.
2024-10-05 09:17:31.903 [info] ExtensionService#_doActivateExtension vscode.emmet, startup: false, activationEvent: 'onLanguage'
2024-10-05 09:17:31.914 [info] ExtensionService#_doActivateExtension vscode.extension-editing, startup: false, activationEvent: 'onLanguage:markdown'
2024-10-05 09:17:31.922 [info] ExtensionService#_doActivateExtension vscode.markdown-language-features, startup: false, activationEvent: 'onLanguage:markdown'
2024-10-05 09:17:31.955 [info] ExtensionService#_doActivateExtension valentjn.vscode-ltex, startup: false, activationEvent: 'onLanguage:markdown'
2024-10-05 09:17:32.374 [info] ExtensionService#_doActivateExtension vscode.git-base, startup: true, activationEvent: '*', root cause: vscode.git
2024-10-05 09:17:32.381 [info] ExtensionService#_doActivateExtension vscode.markdown-math, startup: false, activationEvent: 'api', root cause: vscode.markdown-language-features
2024-10-05 09:17:32.391 [warning] [vscode.markdown-math] Accessing a resource scoped configuration without providing a resource is not expected. To get the effective value for 'markdown.math.macros', provide the URI of a resource or 'null' for any resource.
2024-10-05 09:17:32.403 [info] ExtensionService#_doActivateExtension vscode.git, startup: true, activationEvent: '*'
2024-10-05 09:17:32.431 [info] ExtensionService#_doActivateExtension vscode.github, startup: true, activationEvent: '*'
2024-10-05 09:17:32.467 [warning] [vscode.git] Accessing a resource scoped configuration without providing a resource is not expected. To get the effective value for 'git.openRepositoryInParentFolders', provide the URI of a resource or 'null' for any resource.
2024-10-05 09:17:32.467 [warning] [vscode.git] Accessing a resource scoped configuration without providing a resource is not expected. To get the effective value for 'git.showProgress', provide the URI of a resource or 'null' for any resource.
2024-10-05 09:17:32.473 [info] Eager extensions activated
2024-10-05 09:17:32.482 [info] ExtensionService#_doActivateExtension vscode.debug-auto-launch, startup: false, activationEvent: 'onStartupFinished'
2024-10-05 09:17:32.483 [info] ExtensionService#_doActivateExtension vscode.merge-conflict, startup: false, activationEvent: 'onStartupFinished'
2024-10-05 09:17:55.090 [info] ExtensionService#_doActivateExtension vscode.configuration-editing, startup: false, activationEvent: 'onLanguage:jsonc'
2024-10-05 09:17:55.094 [info] ExtensionService#_doActivateExtension vscode.json-language-features, startup: false, activationEvent: 'onLanguage:jsonc'
2024-10-05 09:17:55.118 [info] ExtensionService#_doActivateExtension vscode.typescript-language-features, startup: false, activationEvent: 'onLanguage:jsonc'
2024-10-05 09:18:16.863 [info] Extension host terminating: renderer closed the MessagePort
2024-10-05 09:18:16.871 [info] Extension host with pid 68990 exiting with code 0
2024-10-05 09:18:17.319 [info] Extension host with pid 69888 started
2024-10-05 09:18:17.319 [info] Skipping acquiring lock for /home/poseidon/.config/Code/User/workspaceStorage/5ccd3978d0d21f3d063f30f65405c88b.
2024-10-05 09:18:17.363 [info] ExtensionService#_doActivateExtension vscode.git-base, startup: true, activationEvent: '*'
2024-10-05 09:18:17.371 [info] ExtensionService#_doActivateExtension vscode.github, startup: true, activationEvent: '*'
2024-10-05 09:18:17.391 [info] Eager extensions activated
2024-10-05 09:18:17.391 [info] ExtensionService#_doActivateExtension vscode.debug-auto-launch, startup: false, activationEvent: 'onStartupFinished'
2024-10-05 09:18:17.392 [info] ExtensionService#_doActivateExtension vscode.merge-conflict, startup: false, activationEvent: 'onStartupFinished'
2024-10-05 09:18:19.816 [info] ExtensionService#_doActivateExtension vscode.git, startup: false, activationEvent: 'api', root cause: vscode.github
2024-10-05 09:18:19.868 [warning] [vscode.git] Accessing a resource scoped configuration without providing a resource is not expected. To get the effective value for 'git.openRepositoryInParentFolders', provide the URI of a resource or 'null' for any resource.
2024-10-05 09:18:19.868 [warning] [vscode.git] Accessing a resource scoped configuration without providing a resource is not expected. To get the effective value for 'git.showProgress', provide the URI of a resource or 'null' for any resource.
2024-10-05 09:18:23.883 [info] ExtensionService#_doActivateExtension vscode.emmet, startup: false, activationEvent: 'onLanguage'
2024-10-05 09:18:29.993 [info] ExtensionService#_doActivateExtension ms-python.python, startup: false, activationEvent: 'onLanguage:python', root cause: ms-python.debugpy
2024-10-05 09:18:30.120 [warning] [ms-python.python] Accessing a window scoped configuration for a resource is not expected. To associate 'python.languageServer' to a resource, define its scope to 'resource' in configuration contributions in 'package.json'.
2024-10-05 09:18:30.121 [warning] [ms-python.python] Accessing a window scoped configuration for a resource is not expected. To associate 'python.languageServer' to a resource, define its scope to 'resource' in configuration contributions in 'package.json'.
2024-10-05 09:18:30.123 [warning] [ms-python.python] Accessing a resource scoped configuration without providing a resource is not expected. To get the effective value for 'python.terminal.shellIntegration.enabled', provide the URI of a resource or 'null' for any resource.
2024-10-05 09:18:30.123 [warning] [ms-python.python] Accessing a window scoped configuration for a resource is not expected. To associate 'python.languageServer' to a resource, define its scope to 'resource' in configuration contributions in 'package.json'.
2024-10-05 09:18:30.132 [warning] [ms-python.python] Accessing a resource scoped configuration without providing a resource is not expected. To get the effective value for 'python.envFile', provide the URI of a resource or 'null' for any resource.
2024-10-05 09:18:30.132 [warning] [ms-python.python] Accessing a resource scoped configuration without providing a resource is not expected. To get the effective value for 'python.envFile', provide the URI of a resource or 'null' for any resource.
2024-10-05 09:18:30.144 [info] ExtensionService#_doActivateExtension ms-python.debugpy, startup: false, activationEvent: 'onLanguage:python'
2024-10-05 09:18:30.168 [info] ExtensionService#_doActivateExtension ms-python.vscode-pylance, startup: false, activationEvent: 'onLanguage:python'
2024-10-05 09:18:30.317 [warning] [ms-python.debugpy] Accessing a resource scoped configuration without providing a resource is not expected. To get the effective value for 'debugpy.showPythonInlineValues', provide the URI of a resource or 'null' for any resource.
2024-10-05 09:18:30.352 [warning] [ms-python.python] Accessing a window scoped configuration for a resource is not expected. To associate 'python.languageServer' to a resource, define its scope to 'resource' in configuration contributions in 'package.json'.
2024-10-05 09:18:30.352 [warning] [ms-python.python] Accessing a window scoped configuration for a resource is not expected. To associate 'python.languageServer' to a resource, define its scope to 'resource' in configuration contributions in 'package.json'.
2024-10-05 09:18:30.353 [warning] [ms-python.python] Accessing a window scoped configuration for a resource is not expected. To associate 'python.languageServer' to a resource, define its scope to 'resource' in configuration contributions in 'package.json'.
2024-10-05 09:18:31.197 [warning] Accessing a resource scoped configuration without providing a resource is not expected. To get the effective value for 'files.watcherExclude', provide the URI of a resource or 'null' for any resource.
2024-10-05 09:23:50.761 [info] ExtensionService#_doActivateExtension vscode.npm, startup: false, activationEvent: 'onTerminalQuickFixRequest:ms-vscode.npm-command'
2024-10-05 10:06:11.259 [info] Extension host terminating: renderer closed the MessagePort
2024-10-05 10:06:11.272 [info] Extension host with pid 69888 exiting with code 0
2024-10-05 10:06:11.744 [info] Extension host with pid 148241 started
2024-10-05 10:06:11.744 [info] Skipping acquiring lock for /home/poseidon/.config/Code/User/workspaceStorage/07d8da3340a78768a10fc16601745d57.
2024-10-05 10:06:11.770 [info] ExtensionService#_doActivateExtension vscode.git-base, startup: true, activationEvent: '*', root cause: vscode.git
2024-10-05 10:06:11.784 [info] ExtensionService#_doActivateExtension vscode.git, startup: true, activationEvent: '*'
2024-10-05 10:06:11.813 [info] ExtensionService#_doActivateExtension vscode.github, startup: true, activationEvent: '*'
2024-10-05 10:06:11.850 [warning] [vscode.git] Accessing a resource scoped configuration without providing a resource is not expected. To get the effective value for 'git.openRepositoryInParentFolders', provide the URI of a resource or 'null' for any resource.
2024-10-05 10:06:11.850 [warning] [vscode.git] Accessing a resource scoped configuration without providing a resource is not expected. To get the effective value for 'git.showProgress', provide the URI of a resource or 'null' for any resource.
2024-10-05 10:06:11.855 [info] Eager extensions activated
2024-10-05 10:06:11.867 [info] ExtensionService#_doActivateExtension vscode.debug-auto-launch, startup: false, activationEvent: 'onStartupFinished'
2024-10-05 10:06:11.867 [info] ExtensionService#_doActivateExtension vscode.merge-conflict, startup: false, activationEvent: 'onStartupFinished'
2024-10-05 10:06:17.187 [info] ExtensionService#_doActivateExtension vscode.emmet, startup: false, activationEvent: 'onLanguage'
2024-10-05 10:06:21.754 [info] ExtensionService#_doActivateExtension vscode.extension-editing, startup: false, activationEvent: 'onLanguage:markdown'
2024-10-05 10:06:21.761 [info] ExtensionService#_doActivateExtension vscode.markdown-language-features, startup: false, activationEvent: 'onLanguage:markdown'
2024-10-05 10:06:21.794 [info] ExtensionService#_doActivateExtension valentjn.vscode-ltex, startup: false, activationEvent: 'onLanguage:markdown'
2024-10-05 10:06:22.176 [info] ExtensionService#_doActivateExtension vscode.markdown-math, startup: false, activationEvent: 'api', root cause: vscode.markdown-language-features
2024-10-05 10:06:22.185 [warning] [vscode.markdown-math] Accessing a resource scoped configuration without providing a resource is not expected. To get the effective value for 'markdown.math.macros', provide the URI of a resource or 'null' for any resource.
2024-10-05 10:08:21.344 [info] Extension host terminating: renderer closed the MessagePort
2024-10-05 10:08:21.350 [info] Extension host with pid 148241 exiting with code 0
2024-10-05 10:08:21.553 [info] Extension host with pid 152354 started
2024-10-05 10:08:21.553 [info] Skipping acquiring lock for /home/poseidon/.config/Code/User/workspaceStorage/07d8da3340a78768a10fc16601745d57.
2024-10-05 10:08:21.556 [info] ExtensionService#_doActivateExtension vscode.emmet, startup: false, activationEvent: 'onLanguage'
2024-10-05 10:08:21.563 [info] ExtensionService#_doActivateExtension vscode.extension-editing, startup: false, activationEvent: 'onLanguage:markdown'
2024-10-05 10:08:21.568 [info] ExtensionService#_doActivateExtension vscode.markdown-language-features, startup: false, activationEvent: 'onLanguage:markdown'
2024-10-05 10:08:21.700 [info] ExtensionService#_doActivateExtension vscode.git-base, startup: true, activationEvent: '*', root cause: vscode.git
2024-10-05 10:08:21.728 [info] ExtensionService#_doActivateExtension vscode.git, startup: true, activationEvent: '*'
2024-10-05 10:08:21.755 [info] ExtensionService#_doActivateExtension vscode.github, startup: true, activationEvent: '*'
2024-10-05 10:08:21.765 [info] ExtensionService#_doActivateExtension vscode.markdown-math, startup: false, activationEvent: 'api', root cause: vscode.markdown-language-features
2024-10-05 10:08:21.791 [warning] [vscode.markdown-math] Accessing a resource scoped configuration without providing a resource is not expected. To get the effective value for 'markdown.math.macros', provide the URI of a resource or 'null' for any resource.
2024-10-05 10:08:21.795 [warning] [vscode.git] Accessing a resource scoped configuration without providing a resource is not expected. To get the effective value for 'git.openRepositoryInParentFolders', provide the URI of a resource or 'null' for any resource.
2024-10-05 10:08:21.795 [warning] [vscode.git] Accessing a resource scoped configuration without providing a resource is not expected. To get the effective value for 'git.showProgress', provide the URI of a resource or 'null' for any resource.
2024-10-05 10:08:21.800 [info] Eager extensions activated
2024-10-05 10:08:21.809 [info] ExtensionService#_doActivateExtension vscode.debug-auto-launch, startup: false, activationEvent: 'onStartupFinished'
2024-10-05 10:08:21.810 [info] ExtensionService#_doActivateExtension vscode.merge-conflict, startup: false, activationEvent: 'onStartupFinished'
2024-10-05 10:15:04.356 [warning] vscode.markdown-language-features created a webview without a content security policy: https://aka.ms/vscode-webview-missing-csp
2024-10-05 10:18:08.218 [info] ExtensionService#_doActivateExtension valentjn.vscode-ltex, startup: false, activationEvent: 'onLanguage:markdown'
2024-10-05 10:20:54.347 [info] ExtensionService#_doActivateExtension vscode.configuration-editing, startup: false, activationEvent: 'onLanguage:jsonc'
2024-10-05 10:20:54.353 [info] ExtensionService#_doActivateExtension vscode.json-language-features, startup: false, activationEvent: 'onLanguage:jsonc'
2024-10-05 10:20:54.377 [info] ExtensionService#_doActivateExtension vscode.typescript-language-features, startup: false, activationEvent: 'onLanguage:jsonc'
2024-10-05 10:47:43.311 [info] Extension host terminating: renderer closed the MessagePort
2024-10-05 10:47:43.325 [info] Extension host with pid 152354 exiting with code 0
2024-10-05 10:47:43.793 [info] Extension host with pid 200067 started
2024-10-05 10:47:43.793 [info] Skipping acquiring lock for /home/poseidon/.config/Code/User/workspaceStorage/077a11f49e936fc99266f2a54d278790.
2024-10-05 10:47:43.862 [info] ExtensionService#_doActivateExtension vscode.git-base, startup: true, activationEvent: '*', root cause: vscode.git
2024-10-05 10:47:43.874 [info] ExtensionService#_doActivateExtension vscode.git, startup: true, activationEvent: '*'
2024-10-05 10:47:43.905 [info] ExtensionService#_doActivateExtension vscode.github, startup: true, activationEvent: '*'
2024-10-05 10:47:43.937 [warning] [vscode.git] Accessing a resource scoped configuration without providing a resource is not expected. To get the effective value for 'git.openRepositoryInParentFolders', provide the URI of a resource or 'null' for any resource.
2024-10-05 10:47:43.937 [warning] [vscode.git] Accessing a resource scoped configuration without providing a resource is not expected. To get the effective value for 'git.showProgress', provide the URI of a resource or 'null' for any resource.
2024-10-05 10:47:43.943 [info] Eager extensions activated
2024-10-05 10:47:43.951 [info] ExtensionService#_doActivateExtension vscode.debug-auto-launch, startup: false, activationEvent: 'onStartupFinished'
2024-10-05 10:47:43.951 [info] ExtensionService#_doActivateExtension vscode.merge-conflict, startup: false, activationEvent: 'onStartupFinished'
2024-10-05 10:47:46.277 [info] ExtensionService#_doActivateExtension vscode.extension-editing, startup: false, activationEvent: 'onLanguage:markdown'
2024-10-05 10:47:46.284 [info] ExtensionService#_doActivateExtension vscode.markdown-language-features, startup: false, activationEvent: 'onLanguage:markdown'
2024-10-05 10:47:46.316 [info] ExtensionService#_doActivateExtension valentjn.vscode-ltex, startup: false, activationEvent: 'onLanguage:markdown'
2024-10-05 10:47:46.338 [info] ExtensionService#_doActivateExtension vscode.emmet, startup: false, activationEvent: 'onLanguage'
2024-10-05 10:47:46.696 [info] ExtensionService#_doActivateExtension vscode.markdown-math, startup: false, activationEvent: 'api', root cause: vscode.markdown-language-features
2024-10-05 10:47:46.710 [warning] [vscode.markdown-math] Accessing a resource scoped configuration without providing a resource is not expected. To get the effective value for 'markdown.math.macros', provide the URI of a resource or 'null' for any resource.
2024-10-05 10:47:48.252 [warning] vscode.markdown-language-features created a webview without a content security policy: https://aka.ms/vscode-webview-missing-csp
2024-10-05 10:50:44.700 [info] Extension host terminating: renderer closed the MessagePort
2024-10-05 10:50:44.708 [info] Extension host with pid 200067 exiting with code 0
