2024-11-06 21:32:29.699 [info] Added views:outline in workbench.view.explorer
2024-11-06 21:32:29.699 [info] Added views:workbench.view.search in workbench.view.search
2024-11-06 21:32:29.699 [info] Added views:workbench.scm in workbench.view.scm
2024-11-06 21:32:29.699 [info] Added views:workbench.panel.markers.view in workbench.panel.markers
2024-11-06 21:32:29.699 [info] Added views:workbench.panel.output in workbench.panel.output
2024-11-06 21:32:29.699 [info] Added views:terminal in terminal
2024-11-06 21:32:29.699 [info] Added views:timeline in workbench.view.explorer
2024-11-06 21:32:29.699 [info] Added views:workbench.explorer.emptyView in workbench.view.explorer
2024-11-06 21:32:29.728 [info] Added views:workbench.debug.welcome in workbench.view.debug
2024-11-06 21:32:29.846 [info] Added views:~remote.forwardedPorts in ~remote.forwardedPortsContainer
2024-11-06 21:32:29.930 [info] Added views:workbench.panel.repl.view in workbench.panel.repl
2024-11-06 21:32:59.931 [info] Added views:outline in workbench.view.explorer
2024-11-06 21:32:59.932 [info] Added views:workbench.view.search in workbench.view.search
2024-11-06 21:32:59.932 [info] Added views:workbench.scm in workbench.view.scm
2024-11-06 21:32:59.932 [info] Added views:workbench.panel.markers.view in workbench.panel.markers
2024-11-06 21:32:59.932 [info] Added views:workbench.panel.output in workbench.panel.output
2024-11-06 21:32:59.932 [info] Added views:terminal in terminal
2024-11-06 21:32:59.932 [info] Added views:timeline in workbench.view.explorer
2024-11-06 21:32:59.932 [info] Added views:workbench.explorer.fileView in workbench.view.explorer
2024-11-06 21:32:59.961 [info] Added views:workbench.debug.variablesView,workbench.debug.watchExpressionsView,workbench.debug.callStackView,workbench.debug.breakPointsView in workbench.view.debug
2024-11-06 21:33:00.100 [info] Added views:~remote.forwardedPorts in ~remote.forwardedPortsContainer
2024-11-06 21:33:00.183 [info] Added views:workbench.panel.repl.view in workbench.panel.repl
2024-11-06 21:33:00.183 [info] Removed views:workbench.debug.breakPointsView,workbench.debug.callStackView,workbench.debug.watchExpressionsView,workbench.debug.variablesView from workbench.view.debug
2024-11-06 21:33:00.184 [info] Added views:workbench.debug.welcome in workbench.view.debug
