2024-11-06 20:01:43.566 [info] [main] Log level: Info
2024-11-06 20:01:43.566 [info] [main] Validating found git in: "git"
2024-11-06 20:01:43.566 [info] [main] Using git "2.47.0" from "git"
2024-11-06 20:01:43.566 [info] [Model][doInitialScan] Initial repository scan started
2024-11-06 20:01:43.566 [info] > git rev-parse --show-toplevel [27ms]
2024-11-06 20:01:43.566 [info] fatal: not a git repository (or any of the parent directories): .git
2024-11-06 20:01:43.566 [info] > git rev-parse --show-toplevel [2ms]
2024-11-06 20:01:43.566 [info] fatal: not a git repository (or any of the parent directories): .git
2024-11-06 20:01:43.566 [info] > git rev-parse --show-toplevel [1ms]
2024-11-06 20:01:43.566 [info] fatal: not a git repository (or any of the parent directories): .git
2024-11-06 20:01:43.569 [info] > git rev-parse --show-toplevel [1ms]
2024-11-06 20:01:43.569 [info] fatal: not a git repository (or any of the parent directories): .git
2024-11-06 20:01:43.571 [info] > git rev-parse --show-toplevel [1ms]
2024-11-06 20:01:43.571 [info] fatal: not a git repository (or any of the parent directories): .git
2024-11-06 20:01:43.572 [info] [Model][doInitialScan] Initial repository scan completed - repositories (0), closed repositories (0), parent repositories (0), unsafe repositories (0)
2024-11-06 20:01:45.652 [info] > git rev-parse --show-toplevel [1ms]
2024-11-06 20:01:45.652 [info] fatal: not a git repository (or any of the parent directories): .git
2024-11-06 20:01:45.704 [info] > git rev-parse --show-toplevel [1ms]
2024-11-06 20:01:45.704 [info] fatal: not a git repository (or any of the parent directories): .git
2024-11-06 20:01:57.798 [info] > git rev-parse --show-toplevel [2ms]
2024-11-06 20:01:57.798 [info] fatal: not a git repository (or any of the parent directories): .git
2024-11-06 20:02:00.960 [info] > git rev-parse --show-toplevel [1ms]
2024-11-06 20:02:00.960 [info] fatal: not a git repository (or any of the parent directories): .git
2024-11-06 20:12:29.984 [info] > git rev-parse --show-toplevel [1ms]
2024-11-06 20:12:29.984 [info] fatal: not a git repository (or any of the parent directories): .git
