2024-11-15 11:27:39.634 [info] [main] Log level: Info
2024-11-15 11:27:39.634 [info] [main] Validating found git in: "git"
2024-11-15 11:27:39.634 [info] [main] Using git "2.47.0" from "git"
2024-11-15 11:27:39.634 [info] [Model][doInitialScan] Initial repository scan started
2024-11-15 11:27:39.634 [info] > git rev-parse --show-toplevel [15ms]
2024-11-15 11:27:39.634 [info] > git rev-parse --git-dir --git-common-dir [2ms]
2024-11-15 11:27:39.634 [info] [Model][openRepository] Opened repository: /home/poseidon/Desktop/Code/CharacterCloneAI
2024-11-15 11:27:39.634 [info] > git rev-parse --show-toplevel [1ms]
2024-11-15 11:27:39.635 [info] > git config --get commit.template [4ms]
2024-11-15 11:27:39.643 [info] > git for-each-ref --format=%(refname)%00%(upstream:short)%00%(objectname)%00%(upstream:track)%00%(upstream:remotename)%00%(upstream:remoteref) refs/heads/main refs/remotes/main [1ms]
2024-11-15 11:27:39.643 [info] > git rev-parse --show-toplevel [3ms]
2024-11-15 11:27:39.644 [info] [Model][doInitialScan] Initial repository scan completed - repositories (1), closed repositories (0), parent repositories (0), unsafe repositories (0)
2024-11-15 11:27:39.650 [info] > git status -z -uall [3ms]
2024-11-15 11:27:39.651 [info] > git for-each-ref --sort -committerdate --format %(refname) %(objectname) %(*objectname) [1ms]
2024-11-15 11:27:39.662 [info] > git for-each-ref --format=%(refname)%00%(upstream:short)%00%(objectname)%00%(upstream:track)%00%(upstream:remotename)%00%(upstream:remoteref) refs/heads/main refs/remotes/main [5ms]
2024-11-15 11:27:39.666 [info] > git config --local branch.main.vscode-merge-base [1ms]
2024-11-15 11:27:39.669 [info] > git config --get commit.template [8ms]
2024-11-15 11:27:39.670 [info] > git for-each-ref --format=%(refname)%00%(upstream:short)%00%(objectname)%00%(upstream:track)%00%(upstream:remotename)%00%(upstream:remoteref) refs/heads/origin/main refs/remotes/origin/main [1ms]
2024-11-15 11:27:39.679 [info] > git merge-base refs/heads/main refs/remotes/origin/main [6ms]
2024-11-15 11:27:39.682 [info] > git for-each-ref --format=%(refname)%00%(upstream:short)%00%(objectname)%00%(upstream:track)%00%(upstream:remotename)%00%(upstream:remoteref) refs/heads/main refs/remotes/main [3ms]
2024-11-15 11:27:39.686 [info] > git status -z -uall [2ms]
2024-11-15 11:27:39.687 [info] > git diff --name-status -z --diff-filter=ADMR ac19d14d12464bbbe343e07e48bb183b79f25ac8...refs/remotes/origin/main [6ms]
2024-11-15 11:27:39.687 [info] > git for-each-ref --sort -committerdate --format %(refname) %(objectname) %(*objectname) [1ms]
2024-11-15 11:27:39.931 [info] > git show --textconv :character_creation.py [4ms]
2024-11-15 11:27:39.931 [info] > git ls-files --stage -- /home/poseidon/Desktop/Code/CharacterCloneAI/character_creation.py [1ms]
2024-11-15 11:27:39.935 [info] > git cat-file -s 12c6fb05ab1465c11c002700ce9a0539a76aeccf [1ms]
2024-11-15 11:27:40.142 [info] > git check-ignore -v -z --stdin [1ms]
2024-11-15 11:41:14.554 [info] > git config --get commit.template [3ms]
2024-11-15 11:41:14.554 [info] > git for-each-ref --format=%(refname)%00%(upstream:short)%00%(objectname)%00%(upstream:track)%00%(upstream:remotename)%00%(upstream:remoteref) refs/heads/main refs/remotes/main [1ms]
2024-11-15 11:41:14.560 [info] > git status -z -uall [3ms]
2024-11-15 11:41:14.560 [info] > git for-each-ref --sort -committerdate --format %(refname) %(objectname) %(*objectname) [0ms]
2024-11-15 11:51:00.431 [info] > git config --get commit.template [4ms]
2024-11-15 11:51:00.431 [info] > git for-each-ref --format=%(refname)%00%(upstream:short)%00%(objectname)%00%(upstream:track)%00%(upstream:remotename)%00%(upstream:remoteref) refs/heads/main refs/remotes/main [0ms]
2024-11-15 11:51:00.437 [info] > git status -z -uall [3ms]
2024-11-15 11:51:00.437 [info] > git for-each-ref --sort -committerdate --format %(refname) %(objectname) %(*objectname) [1ms]
2024-11-15 11:51:13.411 [info] > git config --get commit.template [5ms]
2024-11-15 11:51:13.411 [info] > git for-each-ref --format=%(refname)%00%(upstream:short)%00%(objectname)%00%(upstream:track)%00%(upstream:remotename)%00%(upstream:remoteref) refs/heads/main refs/remotes/main [1ms]
2024-11-15 11:51:13.418 [info] > git status -z -uall [3ms]
2024-11-15 11:51:13.419 [info] > git for-each-ref --sort -committerdate --format %(refname) %(objectname) %(*objectname) [1ms]
2024-11-15 11:56:01.705 [info] > git config --get commit.template [1ms]
2024-11-15 11:56:01.713 [info] > git for-each-ref --format=%(refname)%00%(upstream:short)%00%(objectname)%00%(upstream:track)%00%(upstream:remotename)%00%(upstream:remoteref) refs/heads/main refs/remotes/main [2ms]
2024-11-15 11:56:01.721 [info] > git status -z -uall [4ms]
2024-11-15 11:56:01.722 [info] > git for-each-ref --sort -committerdate --format %(refname) %(objectname) %(*objectname) [1ms]
2024-11-15 12:03:42.021 [info] > git config --get commit.template [6ms]
2024-11-15 12:03:42.022 [info] > git for-each-ref --format=%(refname)%00%(upstream:short)%00%(objectname)%00%(upstream:track)%00%(upstream:remotename)%00%(upstream:remoteref) refs/heads/main refs/remotes/main [1ms]
2024-11-15 12:03:42.032 [info] > git status -z -uall [6ms]
2024-11-15 12:03:42.033 [info] > git for-each-ref --sort -committerdate --format %(refname) %(objectname) %(*objectname) [2ms]
2024-11-15 12:05:12.101 [info] > git config --get commit.template [1ms]
2024-11-15 12:05:12.106 [info] > git for-each-ref --format=%(refname)%00%(upstream:short)%00%(objectname)%00%(upstream:track)%00%(upstream:remotename)%00%(upstream:remoteref) refs/heads/main refs/remotes/main [1ms]
2024-11-15 12:05:12.113 [info] > git status -z -uall [3ms]
2024-11-15 12:05:12.116 [info] > git for-each-ref --sort -committerdate --format %(refname) %(objectname) %(*objectname) [3ms]
2024-11-15 12:05:31.193 [info] > git config --get commit.template [4ms]
2024-11-15 12:05:31.193 [info] > git for-each-ref --format=%(refname)%00%(upstream:short)%00%(objectname)%00%(upstream:track)%00%(upstream:remotename)%00%(upstream:remoteref) refs/heads/main refs/remotes/main [1ms]
2024-11-15 12:05:31.200 [info] > git status -z -uall [4ms]
2024-11-15 12:05:31.201 [info] > git for-each-ref --sort -committerdate --format %(refname) %(objectname) %(*objectname) [1ms]
2024-11-15 12:07:12.853 [info] > git config --get commit.template [3ms]
2024-11-15 12:07:12.854 [info] > git for-each-ref --format=%(refname)%00%(upstream:short)%00%(objectname)%00%(upstream:track)%00%(upstream:remotename)%00%(upstream:remoteref) refs/heads/main refs/remotes/main [1ms]
2024-11-15 12:07:12.862 [info] > git status -z -uall [4ms]
2024-11-15 12:07:12.863 [info] > git for-each-ref --sort -committerdate --format %(refname) %(objectname) %(*objectname) [1ms]
2024-11-15 12:07:19.666 [info] > git config --get commit.template [3ms]
2024-11-15 12:07:19.666 [info] > git for-each-ref --format=%(refname)%00%(upstream:short)%00%(objectname)%00%(upstream:track)%00%(upstream:remotename)%00%(upstream:remoteref) refs/heads/main refs/remotes/main [0ms]
2024-11-15 12:07:19.673 [info] > git status -z -uall [4ms]
2024-11-15 12:07:19.673 [info] > git for-each-ref --sort -committerdate --format %(refname) %(objectname) %(*objectname) [1ms]
2024-11-15 12:07:24.691 [info] > git config --get commit.template [10ms]
2024-11-15 12:07:24.693 [info] > git for-each-ref --format=%(refname)%00%(upstream:short)%00%(objectname)%00%(upstream:track)%00%(upstream:remotename)%00%(upstream:remoteref) refs/heads/main refs/remotes/main [3ms]
2024-11-15 12:07:24.703 [info] > git status -z -uall [6ms]
2024-11-15 12:07:24.704 [info] > git for-each-ref --sort -committerdate --format %(refname) %(objectname) %(*objectname) [1ms]
2024-11-15 17:10:58.656 [info] > git config --get commit.template [5ms]
2024-11-15 17:10:58.656 [info] > git for-each-ref --format=%(refname)%00%(upstream:short)%00%(objectname)%00%(upstream:track)%00%(upstream:remotename)%00%(upstream:remoteref) refs/heads/main refs/remotes/main [1ms]
2024-11-15 17:10:58.663 [info] > git status -z -uall [3ms]
2024-11-15 17:10:58.664 [info] > git for-each-ref --sort -committerdate --format %(refname) %(objectname) %(*objectname) [1ms]
2024-11-15 19:07:51.621 [info] [main] Log level: Info
2024-11-15 19:07:51.621 [info] [main] Validating found git in: "git"
2024-11-15 19:07:51.621 [info] [main] Using git "2.47.0" from "git"
2024-11-15 19:07:51.621 [info] [Model][doInitialScan] Initial repository scan started
2024-11-15 19:07:51.621 [info] > git rev-parse --show-toplevel [2ms]
2024-11-15 19:07:51.633 [info] > git rev-parse --git-dir --git-common-dir [9ms]
2024-11-15 19:07:51.636 [info] [Model][openRepository] Opened repository: /home/poseidon/Desktop/Code/CharacterCloneAI
2024-11-15 19:07:51.644 [info] > git rev-parse --show-toplevel [1ms]
2024-11-15 19:07:51.644 [info] > git config --get commit.template [4ms]
2024-11-15 19:07:51.650 [info] > git rev-parse --show-toplevel [3ms]
2024-11-15 19:07:51.651 [info] [Model][doInitialScan] Initial repository scan completed - repositories (1), closed repositories (0), parent repositories (0), unsafe repositories (0)
2024-11-15 19:07:51.651 [info] > git for-each-ref --format=%(refname)%00%(upstream:short)%00%(objectname)%00%(upstream:track)%00%(upstream:remotename)%00%(upstream:remoteref) refs/heads/main refs/remotes/main [1ms]
2024-11-15 19:07:51.657 [info] > git status -z -uall [3ms]
2024-11-15 19:07:51.659 [info] > git for-each-ref --sort -committerdate --format %(refname) %(objectname) %(*objectname) [3ms]
2024-11-15 19:07:51.667 [info] > git for-each-ref --format=%(refname)%00%(upstream:short)%00%(objectname)%00%(upstream:track)%00%(upstream:remotename)%00%(upstream:remoteref) refs/heads/main refs/remotes/main [3ms]
2024-11-15 19:07:51.670 [info] > git config --get commit.template [3ms]
2024-11-15 19:07:51.671 [info] > git config --local branch.main.vscode-merge-base [1ms]
2024-11-15 19:07:51.677 [info] > git for-each-ref --format=%(refname)%00%(upstream:short)%00%(objectname)%00%(upstream:track)%00%(upstream:remotename)%00%(upstream:remoteref) refs/heads/origin/main refs/remotes/origin/main [2ms]
2024-11-15 19:07:51.686 [info] > git merge-base refs/heads/main refs/remotes/origin/main [7ms]
2024-11-15 19:07:51.689 [info] > git for-each-ref --format=%(refname)%00%(upstream:short)%00%(objectname)%00%(upstream:track)%00%(upstream:remotename)%00%(upstream:remoteref) refs/heads/main refs/remotes/main [13ms]
2024-11-15 19:07:51.694 [info] > git status -z -uall [3ms]
2024-11-15 19:07:51.694 [info] > git diff --name-status -z --diff-filter=ADMR ac19d14d12464bbbe343e07e48bb183b79f25ac8...refs/remotes/origin/main [5ms]
2024-11-15 19:07:51.695 [info] > git for-each-ref --sort -committerdate --format %(refname) %(objectname) %(*objectname) [0ms]
2024-11-15 19:07:52.149 [info] > git check-ignore -v -z --stdin [1ms]
2024-11-15 19:07:54.516 [info] > git show --textconv :character_creation.py [4ms]
2024-11-15 19:07:54.516 [info] > git ls-files --stage -- /home/poseidon/Desktop/Code/CharacterCloneAI/character_creation.py [1ms]
2024-11-15 19:07:54.519 [info] > git cat-file -s 12c6fb05ab1465c11c002700ce9a0539a76aeccf [0ms]
2024-11-15 19:16:56.514 [info] > git show --textconv :messaging.py [6ms]
2024-11-15 19:16:56.516 [info] > git ls-files --stage -- /home/poseidon/Desktop/Code/CharacterCloneAI/messaging.py [2ms]
2024-11-15 19:16:56.524 [info] > git cat-file -s 5e01a1869b94cab2fe04b4f629f791730722b7f3 [2ms]
2024-11-15 19:16:57.170 [info] > git show --textconv :character_creation.py [8ms]
2024-11-15 19:16:57.171 [info] > git ls-files --stage -- /home/poseidon/Desktop/Code/CharacterCloneAI/character_creation.py [2ms]
2024-11-15 19:16:57.180 [info] > git cat-file -s 12c6fb05ab1465c11c002700ce9a0539a76aeccf [2ms]
2024-11-15 19:16:57.602 [info] > git show --textconv :messaging.py [10ms]
2024-11-15 19:16:57.603 [info] > git ls-files --stage -- /home/poseidon/Desktop/Code/CharacterCloneAI/messaging.py [2ms]
2024-11-15 19:16:57.613 [info] > git cat-file -s 5e01a1869b94cab2fe04b4f629f791730722b7f3 [1ms]
2024-11-15 19:16:57.965 [info] > git show --textconv :character_creation.py [3ms]
2024-11-15 19:16:57.966 [info] > git ls-files --stage -- /home/poseidon/Desktop/Code/CharacterCloneAI/character_creation.py [1ms]
2024-11-15 19:16:57.971 [info] > git cat-file -s 12c6fb05ab1465c11c002700ce9a0539a76aeccf [2ms]
2024-11-15 19:16:58.357 [info] > git show --textconv :messaging.py [12ms]
2024-11-15 19:16:58.358 [info] > git ls-files --stage -- /home/poseidon/Desktop/Code/CharacterCloneAI/messaging.py [2ms]
2024-11-15 19:16:58.367 [info] > git cat-file -s 5e01a1869b94cab2fe04b4f629f791730722b7f3 [1ms]
2024-11-15 19:16:58.715 [info] > git show --textconv :character_creation.py [12ms]
2024-11-15 19:16:58.717 [info] > git ls-files --stage -- /home/poseidon/Desktop/Code/CharacterCloneAI/character_creation.py [2ms]
2024-11-15 19:16:58.727 [info] > git cat-file -s 12c6fb05ab1465c11c002700ce9a0539a76aeccf [3ms]
2024-11-15 19:16:59.014 [info] > git show --textconv :messaging.py [8ms]
2024-11-15 19:16:59.014 [info] > git ls-files --stage -- /home/poseidon/Desktop/Code/CharacterCloneAI/messaging.py [1ms]
2024-11-15 19:16:59.023 [info] > git cat-file -s 5e01a1869b94cab2fe04b4f629f791730722b7f3 [2ms]
2024-11-15 19:16:59.307 [info] > git show --textconv :character_creation.py [7ms]
2024-11-15 19:16:59.308 [info] > git ls-files --stage -- /home/poseidon/Desktop/Code/CharacterCloneAI/character_creation.py [2ms]
2024-11-15 19:16:59.314 [info] > git cat-file -s 12c6fb05ab1465c11c002700ce9a0539a76aeccf [1ms]
2024-11-15 19:16:59.637 [info] > git show --textconv :messaging.py [5ms]
2024-11-15 19:16:59.638 [info] > git ls-files --stage -- /home/poseidon/Desktop/Code/CharacterCloneAI/messaging.py [3ms]
2024-11-15 19:16:59.651 [info] > git cat-file -s 5e01a1869b94cab2fe04b4f629f791730722b7f3 [3ms]
2024-11-15 19:17:00.131 [info] > git show --textconv :character_creation.py [7ms]
2024-11-15 19:17:00.132 [info] > git ls-files --stage -- /home/poseidon/Desktop/Code/CharacterCloneAI/character_creation.py [1ms]
2024-11-15 19:17:00.140 [info] > git cat-file -s 12c6fb05ab1465c11c002700ce9a0539a76aeccf [2ms]
2024-11-15 19:17:00.505 [info] > git show --textconv :messaging.py [12ms]
2024-11-15 19:17:00.507 [info] > git ls-files --stage -- /home/poseidon/Desktop/Code/CharacterCloneAI/messaging.py [3ms]
2024-11-15 19:17:00.515 [info] > git cat-file -s 5e01a1869b94cab2fe04b4f629f791730722b7f3 [2ms]
2024-11-15 19:21:24.682 [info] > git show --textconv :character_creation.py [8ms]
2024-11-15 19:21:24.684 [info] > git ls-files --stage -- /home/poseidon/Desktop/Code/CharacterCloneAI/character_creation.py [3ms]
2024-11-15 19:21:24.695 [info] > git cat-file -s 12c6fb05ab1465c11c002700ce9a0539a76aeccf [3ms]
2024-11-15 19:21:27.421 [info] > git show --textconv :messaging.py [4ms]
2024-11-15 19:21:27.421 [info] > git ls-files --stage -- /home/poseidon/Desktop/Code/CharacterCloneAI/messaging.py [1ms]
2024-11-15 19:21:27.425 [info] > git cat-file -s 5e01a1869b94cab2fe04b4f629f791730722b7f3 [1ms]
2024-11-15 19:24:16.419 [info] > git config --get commit.template [5ms]
2024-11-15 19:24:16.419 [info] > git for-each-ref --format=%(refname)%00%(upstream:short)%00%(objectname)%00%(upstream:track)%00%(upstream:remotename)%00%(upstream:remoteref) refs/heads/main refs/remotes/main [1ms]
2024-11-15 19:24:16.425 [info] > git status -z -uall [3ms]
2024-11-15 19:24:16.426 [info] > git for-each-ref --sort -committerdate --format %(refname) %(objectname) %(*objectname) [1ms]
2024-11-15 19:25:02.643 [info] > git config --get commit.template [4ms]
2024-11-15 19:25:02.644 [info] > git for-each-ref --format=%(refname)%00%(upstream:short)%00%(objectname)%00%(upstream:track)%00%(upstream:remotename)%00%(upstream:remoteref) refs/heads/main refs/remotes/main [1ms]
2024-11-15 19:25:02.656 [info] > git status -z -uall [8ms]
2024-11-15 19:25:02.657 [info] > git for-each-ref --sort -committerdate --format %(refname) %(objectname) %(*objectname) [1ms]
2024-11-15 19:25:08.146 [info] > git config --get commit.template [4ms]
2024-11-15 19:25:08.146 [info] > git for-each-ref --format=%(refname)%00%(upstream:short)%00%(objectname)%00%(upstream:track)%00%(upstream:remotename)%00%(upstream:remoteref) refs/heads/main refs/remotes/main [1ms]
2024-11-15 19:25:08.152 [info] > git status -z -uall [3ms]
2024-11-15 19:25:08.152 [info] > git for-each-ref --sort -committerdate --format %(refname) %(objectname) %(*objectname) [0ms]
2024-11-15 19:25:13.171 [info] > git config --get commit.template [6ms]
2024-11-15 19:25:13.172 [info] > git for-each-ref --format=%(refname)%00%(upstream:short)%00%(objectname)%00%(upstream:track)%00%(upstream:remotename)%00%(upstream:remoteref) refs/heads/main refs/remotes/main [2ms]
2024-11-15 19:25:13.189 [info] > git status -z -uall [8ms]
2024-11-15 19:25:13.192 [info] > git for-each-ref --sort -committerdate --format %(refname) %(objectname) %(*objectname) [3ms]
2024-11-15 19:25:18.211 [info] > git config --get commit.template [3ms]
2024-11-15 19:25:18.213 [info] > git for-each-ref --format=%(refname)%00%(upstream:short)%00%(objectname)%00%(upstream:track)%00%(upstream:remotename)%00%(upstream:remoteref) refs/heads/main refs/remotes/main [3ms]
2024-11-15 19:25:18.227 [info] > git status -z -uall [6ms]
2024-11-15 19:25:18.228 [info] > git for-each-ref --sort -committerdate --format %(refname) %(objectname) %(*objectname) [1ms]
2024-11-15 19:26:14.694 [info] > git config --get commit.template [11ms]
2024-11-15 19:26:14.695 [info] > git for-each-ref --format=%(refname)%00%(upstream:short)%00%(objectname)%00%(upstream:track)%00%(upstream:remotename)%00%(upstream:remoteref) refs/heads/main refs/remotes/main [2ms]
2024-11-15 19:26:14.710 [info] > git status -z -uall [4ms]
2024-11-15 19:26:14.711 [info] > git for-each-ref --sort -committerdate --format %(refname) %(objectname) %(*objectname) [2ms]
2024-11-15 19:28:16.730 [info] > git config --get commit.template [11ms]
2024-11-15 19:28:16.732 [info] > git for-each-ref --format=%(refname)%00%(upstream:short)%00%(objectname)%00%(upstream:track)%00%(upstream:remotename)%00%(upstream:remoteref) refs/heads/main refs/remotes/main [2ms]
2024-11-15 19:28:16.751 [info] > git status -z -uall [10ms]
2024-11-15 19:28:16.753 [info] > git for-each-ref --sort -committerdate --format %(refname) %(objectname) %(*objectname) [3ms]
2024-11-15 19:41:31.997 [info] > git config --get commit.template [4ms]
2024-11-15 19:41:31.997 [info] > git for-each-ref --format=%(refname)%00%(upstream:short)%00%(objectname)%00%(upstream:track)%00%(upstream:remotename)%00%(upstream:remoteref) refs/heads/main refs/remotes/main [0ms]
2024-11-15 19:41:32.004 [info] > git status -z -uall [3ms]
2024-11-15 19:41:32.004 [info] > git for-each-ref --sort -committerdate --format %(refname) %(objectname) %(*objectname) [0ms]
