2024-11-13 19:04:18.578 [info] Added views:outline in workbench.view.explorer
2024-11-13 19:04:18.578 [info] Added views:workbench.view.search in workbench.view.search
2024-11-13 19:04:18.578 [info] Added views:workbench.scm in workbench.view.scm
2024-11-13 19:04:18.578 [info] Added views:workbench.panel.markers.view in workbench.panel.markers
2024-11-13 19:04:18.578 [info] Added views:workbench.panel.output in workbench.panel.output
2024-11-13 19:04:18.578 [info] Added views:terminal in terminal
2024-11-13 19:04:18.578 [info] Added views:timeline in workbench.view.explorer
2024-11-13 19:04:18.578 [info] Added views:workbench.explorer.fileView in workbench.view.explorer
2024-11-13 19:04:18.662 [info] Added views:workbench.debug.welcome in workbench.view.debug
2024-11-13 19:04:18.909 [info] Added views:workbench.panel.repl.view in workbench.panel.repl
2024-11-13 19:04:18.998 [info] Added views:~remote.forwardedPorts in ~remote.forwardedPortsContainer
2024-11-13 19:04:19.074 [info] Added views:workbench.view.testing in workbench.view.extension.test
2024-11-13 19:04:35.477 [info] Removed views:workbench.view.testing from workbench.view.extension.test
2024-11-13 19:04:35.636 [info] Added views:outline in workbench.view.explorer
2024-11-13 19:04:35.636 [info] Added views:workbench.view.search in workbench.view.search
2024-11-13 19:04:35.636 [info] Added views:workbench.scm in workbench.view.scm
2024-11-13 19:04:35.636 [info] Added views:workbench.panel.markers.view in workbench.panel.markers
2024-11-13 19:04:35.636 [info] Added views:workbench.panel.output in workbench.panel.output
2024-11-13 19:04:35.636 [info] Added views:terminal in terminal
2024-11-13 19:04:35.636 [info] Added views:timeline in workbench.view.explorer
2024-11-13 19:04:35.636 [info] Added views:workbench.explorer.fileView in workbench.view.explorer
2024-11-13 19:04:35.656 [info] Added views:workbench.debug.welcome in workbench.view.debug
2024-11-13 19:04:35.943 [info] Added views:workbench.panel.repl.view in workbench.panel.repl
2024-11-13 19:04:35.964 [info] Added views:~remote.forwardedPorts in ~remote.forwardedPortsContainer
2024-11-13 19:04:36.103 [info] Added views:workbench.view.testing in workbench.view.extension.test
2024-11-13 19:04:36.429 [info] Added views:workbench.scm.history in workbench.view.scm
2024-11-13 21:17:14.795 [info] Removed views:workbench.scm.history from workbench.view.scm
2024-11-13 21:17:14.796 [info] Removed views:workbench.view.testing from workbench.view.extension.test
