[875521:1011/195341.991167:ERROR:object_proxy.cc(623)] Failed to call method: org.freedesktop.DBus.Properties.Get: object_path= /org/freedesktop/portal/desktop: org.freedesktop.DBus.Error.InvalidArgs: No such interface “org.freedesktop.portal.FileChooser”
[875521:1011/195341.991192:ERROR:select_file_dialog_linux_portal.cc(242)] Failed to read portal version property
MESA-LOADER: failed to retrieve device information
KMS: DRM_IOCTL_MODE_CREATE_DUMB failed: Permission denied
KMS: DRM_IOCTL_MODE_CREATE_DUMB failed: Permission denied
KMS: DRM_IOCTL_MODE_CREATE_DUMB failed: Permission denied
KMS: DRM_IOCTL_MODE_CREATE_DUMB failed: Permission denied
KMS: DRM_IOCTL_MODE_CREATE_DUMB failed: Permission denied
KMS: DRM_IOCTL_MODE_CREATE_DUMB failed: Permission denied
KMS: DRM_IOCTL_MODE_CREATE_DUMB failed: Permission denied
KMS: DRM_IOCTL_MODE_CREATE_DUMB failed: Permission denied
KMS: DRM_IOCTL_MODE_CREATE_DUMB failed: Permission denied
KMS: DRM_IOCTL_MODE_CREATE_DUMB failed: Permission denied
KMS: DRM_IOCTL_MODE_CREATE_DUMB failed: Permission denied
KMS: DRM_IOCTL_MODE_CREATE_DUMB failed: Permission denied
KMS: DRM_IOCTL_MODE_CREATE_DUMB failed: Permission denied
KMS: DRM_IOCTL_MODE_CREATE_DUMB failed: Permission denied
KMS: DRM_IOCTL_MODE_CREATE_DUMB failed: Permission denied
KMS: DRM_IOCTL_MODE_CREATE_DUMB failed: Permission denied
KMS: DRM_IOCTL_MODE_CREATE_DUMB failed: Permission denied
KMS: DRM_IOCTL_MODE_CREATE_DUMB failed: Permission denied
KMS: DRM_IOCTL_MODE_CREATE_DUMB failed: Permission denied
KMS: DRM_IOCTL_MODE_CREATE_DUMB failed: Permission denied
KMS: DRM_IOCTL_MODE_CREATE_DUMB failed: Permission denied
KMS: DRM_IOCTL_MODE_CREATE_DUMB failed: Permission denied
KMS: DRM_IOCTL_MODE_CREATE_DUMB failed: Permission denied
KMS: DRM_IOCTL_MODE_CREATE_DUMB failed: Permission denied
KMS: DRM_IOCTL_MODE_CREATE_DUMB failed: Permission denied
KMS: DRM_IOCTL_MODE_CREATE_DUMB failed: Permission denied
KMS: DRM_IOCTL_MODE_CREATE_DUMB failed: Permission denied
KMS: DRM_IOCTL_MODE_CREATE_DUMB failed: Permission denied
KMS: DRM_IOCTL_MODE_CREATE_DUMB failed: Permission denied
KMS: DRM_IOCTL_MODE_CREATE_DUMB failed: Permission denied
KMS: DRM_IOCTL_MODE_CREATE_DUMB failed: Permission denied
KMS: DRM_IOCTL_MODE_CREATE_DUMB failed: Permission denied
KMS: DRM_IOCTL_MODE_CREATE_DUMB failed: Permission denied
KMS: DRM_IOCTL_MODE_CREATE_DUMB failed: Permission denied
KMS: DRM_IOCTL_MODE_CREATE_DUMB failed: Permission denied
KMS: DRM_IOCTL_MODE_CREATE_DUMB failed: Permission denied
KMS: DRM_IOCTL_MODE_CREATE_DUMB failed: Permission denied
KMS: DRM_IOCTL_MODE_CREATE_DUMB failed: Permission denied
KMS: DRM_IOCTL_MODE_CREATE_DUMB failed: Permission denied
KMS: DRM_IOCTL_MODE_CREATE_DUMB failed: Permission denied
Error occurred in handler for 'keychain:get-password': [Error: The name is not activatable]
Error occurred in handler for 'keychain:get-password': [Error: The name is not activatable]
Error occurred in handler for 'keychain:get-password': [Error: The name is not activatable]
Error occurred in handler for 'keychain:get-password': [Error: The name is not activatable]
Error occurred in handler for 'keychain:get-password': [Error: The name is not activatable]
Error occurred in handler for 'keychain:get-password': [Error: The name is not activatable]
Error occurred in handler for 'keychain:get-password': [Error: The name is not activatable]
Error occurred in handler for 'keychain:delete-password': [Error: The name is not activatable]
Error occurred in handler for 'keychain:delete-password': [Error: The name is not activatable]
Error occurred in handler for 'keychain:get-password': [Error: The name is not activatable]
Error occurred in handler for 'keychain:delete-password': [Error: The name is not activatable]
Error occurred in handler for 'keychain:get-password': [Error: The name is not activatable]
Error occurred in handler for 'keychain:get-password': [Error: The name is not activatable]
Error occurred in handler for 'keychain:get-password': [Error: The name is not activatable]
Error occurred in handler for 'keychain:get-password': [Error: The name is not activatable]
Error occurred in handler for 'keychain:delete-password': [Error: The name is not activatable]
