2024-11-16 19:34:59.696 [info] Added views:outline in workbench.view.explorer
2024-11-16 19:34:59.696 [info] Added views:workbench.view.search in workbench.view.search
2024-11-16 19:34:59.696 [info] Added views:workbench.scm in workbench.view.scm
2024-11-16 19:34:59.696 [info] Added views:workbench.panel.markers.view in workbench.panel.markers
2024-11-16 19:34:59.696 [info] Added views:workbench.panel.output in workbench.panel.output
2024-11-16 19:34:59.696 [info] Added views:terminal in terminal
2024-11-16 19:34:59.696 [info] Added views:timeline in workbench.view.explorer
2024-11-16 19:34:59.696 [info] Added views:workbench.explorer.emptyView in workbench.view.explorer
2024-11-16 19:34:59.762 [info] Added views:workbench.debug.welcome in workbench.view.debug
2024-11-16 19:34:59.857 [info] Added views:~remote.forwardedPorts in ~remote.forwardedPortsContainer
2024-11-16 19:34:59.996 [info] Added views:workbench.panel.repl.view in workbench.panel.repl
2024-11-16 19:35:07.248 [info] Added views:outline in workbench.view.explorer
2024-11-16 19:35:07.248 [info] Added views:workbench.view.search in workbench.view.search
2024-11-16 19:35:07.248 [info] Added views:workbench.scm in workbench.view.scm
2024-11-16 19:35:07.248 [info] Added views:workbench.panel.markers.view in workbench.panel.markers
2024-11-16 19:35:07.248 [info] Added views:workbench.panel.output in workbench.panel.output
2024-11-16 19:35:07.248 [info] Added views:terminal in terminal
2024-11-16 19:35:07.248 [info] Added views:timeline in workbench.view.explorer
2024-11-16 19:35:07.248 [info] Added views:workbench.explorer.fileView in workbench.view.explorer
2024-11-16 19:35:07.271 [info] Added views:workbench.debug.welcome in workbench.view.debug
2024-11-16 19:35:07.414 [info] Added views:~remote.forwardedPorts in ~remote.forwardedPortsContainer
2024-11-16 19:35:07.510 [info] Added views:workbench.panel.repl.view in workbench.panel.repl
2024-11-16 19:35:20.932 [info] Added views:workbench.view.testing in workbench.view.extension.test
2024-11-16 20:57:40.326 [info] Removed views:workbench.view.testing from workbench.view.extension.test
