2024-11-18 08:33:01.015 [info] Extension host with pid 22365 started
2024-11-18 08:33:01.015 [info] Skipping acquiring lock for /home/poseidon/.config/Code/User/workspaceStorage/5c1dea26bacb1b890601b15a0c155542.
2024-11-18 08:33:01.066 [info] ExtensionService#_doActivateExtension vscode.emmet, startup: false, activationEvent: 'onLanguage'
2024-11-18 08:33:01.075 [info] ExtensionService#_doActivateExtension vscode.extension-editing, startup: false, activationEvent: 'onLanguage:markdown'
2024-11-18 08:33:01.081 [info] ExtensionService#_doActivateExtension vscode.markdown-language-features, startup: false, activationEvent: 'onLanguage:markdown'
2024-11-18 08:33:01.123 [info] ExtensionService#_doActivateExtension valentjn.vscode-ltex, startup: false, activationEvent: 'onLanguage:markdown'
2024-11-18 08:33:01.533 [info] ExtensionService#_doActivateExtension vscode.git-base, startup: true, activationEvent: '*', root cause: vscode.git
2024-11-18 08:33:01.537 [info] ExtensionService#_doActivateExtension vscode.git, startup: true, activationEvent: '*'
2024-11-18 08:33:01.565 [info] ExtensionService#_doActivateExtension vscode.github, startup: true, activationEvent: '*'
2024-11-18 08:33:01.623 [warning] [vscode.git] Accessing a resource scoped configuration without providing a resource is not expected. To get the effective value for 'git.openRepositoryInParentFolders', provide the URI of a resource or 'null' for any resource.
2024-11-18 08:33:01.623 [warning] [vscode.git] Accessing a resource scoped configuration without providing a resource is not expected. To get the effective value for 'git.showProgress', provide the URI of a resource or 'null' for any resource.
2024-11-18 08:33:01.628 [info] Eager extensions activated
2024-11-18 08:33:01.628 [info] ExtensionService#_doActivateExtension vscode.markdown-math, startup: false, activationEvent: 'api', root cause: vscode.markdown-language-features
2024-11-18 08:33:01.640 [info] ExtensionService#_doActivateExtension vscode.debug-auto-launch, startup: false, activationEvent: 'onStartupFinished'
2024-11-18 08:33:01.642 [info] ExtensionService#_doActivateExtension vscode.merge-conflict, startup: false, activationEvent: 'onStartupFinished'
2024-11-18 08:33:01.655 [warning] [vscode.markdown-math] Accessing a resource scoped configuration without providing a resource is not expected. To get the effective value for 'markdown.math.macros', provide the URI of a resource or 'null' for any resource.
2024-11-18 08:33:38.179 [warning] vscode.markdown-language-features created a webview without a content security policy: https://aka.ms/vscode-webview-missing-csp
2024-11-18 08:39:14.683 [warning] vscode.markdown-language-features created a webview without a content security policy: https://aka.ms/vscode-webview-missing-csp
2024-11-18 09:28:56.462 [info] Extension host terminating: renderer closed the MessagePort
2024-11-18 09:28:56.469 [info] Extension host with pid 22365 exiting with code 0
