2024-10-05 09:17:31.653 [info] Started local extension host with pid 68990.
2024-10-05 09:17:31.750 [error] Error scanning extensions at /$HOME/.vscode-oss/extensions/undefined_publisher.wallbash-0.0.1: Unable to resolve nonexistent file '/$HOME/.vscode-oss/extensions/undefined_publisher.wallbash-0.0.1'
2024-10-05 09:17:35.002 [info] [perf] Render performance baseline is 12ms
2024-10-05 09:18:17.106 [info] Started local extension host with pid 69888.
2024-10-05 09:18:17.205 [error] Error scanning extensions at /$HOME/.vscode-oss/extensions/undefined_publisher.wallbash-0.0.1: Unable to resolve nonexistent file '/$HOME/.vscode-oss/extensions/undefined_publisher.wallbash-0.0.1'
2024-10-05 09:18:17.317 [warning] No search provider registered for scheme: file, waiting
2024-10-05 09:18:19.692 [info] [perf] Render performance baseline is 26ms
2024-10-05 10:06:11.522 [info] Started local extension host with pid 148241.
2024-10-05 10:06:11.626 [error] Error scanning extensions at /$HOME/.vscode-oss/extensions/undefined_publisher.wallbash-0.0.1: Unable to resolve nonexistent file '/$HOME/.vscode-oss/extensions/undefined_publisher.wallbash-0.0.1'
2024-10-05 10:06:11.732 [warning] No search provider registered for scheme: file, waiting
2024-10-05 10:06:14.103 [info] [perf] Render performance baseline is 26ms
2024-10-05 10:08:21.366 [info] Started local extension host with pid 152354.
2024-10-05 10:47:43.500 [error] Cannot read properties of undefined (reading 'activate'): TypeError: Cannot read properties of undefined (reading 'activate')
    at XVe.centerLayout (vscode-file://vscode-app/opt/visual-studio-code/resources/app/out/vs/workbench/workbench.desktop.main.js:779:55660)
    at VTs.centerMainEditorLayout (vscode-file://vscode-app/opt/visual-studio-code/resources/app/out/vs/workbench/workbench.desktop.main.js:3070:58611)
    at NQ.value (vscode-file://vscode-app/opt/visual-studio-code/resources/app/out/vs/workbench/workbench.desktop.main.js:3070:38453)
    at x.B (vscode-file://vscode-app/opt/visual-studio-code/resources/app/out/vs/workbench/workbench.desktop.main.js:30:733)
    at x.C (vscode-file://vscode-app/opt/visual-studio-code/resources/app/out/vs/workbench/workbench.desktop.main.js:30:803)
    at x.fire (vscode-file://vscode-app/opt/visual-studio-code/resources/app/out/vs/workbench/workbench.desktop.main.js:30:1020)
    at XVe.rc (vscode-file://vscode-app/opt/visual-studio-code/resources/app/out/vs/workbench/workbench.desktop.main.js:779:56684)
    at XVe.oc (vscode-file://vscode-app/opt/visual-studio-code/resources/app/out/vs/workbench/workbench.desktop.main.js:779:55821)
    at XVe.Q (vscode-file://vscode-app/opt/visual-studio-code/resources/app/out/vs/workbench/workbench.desktop.main.js:779:53685)
    at XVe.create (vscode-file://vscode-app/opt/visual-studio-code/resources/app/out/vs/workbench/workbench.desktop.main.js:667:67667)
    at VTs.rc (vscode-file://vscode-app/opt/visual-studio-code/resources/app/out/vs/workbench/workbench.desktop.main.js:3070:82687)
    at vscode-file://vscode-app/opt/visual-studio-code/resources/app/out/vs/workbench/workbench.desktop.main.js:3070:79917
    at dlt.invokeFunction (vscode-file://vscode-app/opt/visual-studio-code/resources/app/out/vs/workbench/workbench.desktop.main.js:1355:673)
    at VTs.startup (vscode-file://vscode-app/opt/visual-studio-code/resources/app/out/vs/workbench/workbench.desktop.main.js:3070:79635)
    at _Ms.open (vscode-file://vscode-app/opt/visual-studio-code/resources/app/out/vs/workbench/workbench.desktop.main.js:3072:98026)
    at async $ (vscode-file://vscode-app/opt/visual-studio-code/resources/app/out/vs/code/electron-sandbox/workbench/workbench.js:3:764)
2024-10-05 10:47:43.566 [info] Started local extension host with pid 200067.
2024-10-05 10:47:43.699 [error] Error scanning extensions at /$HOME/.vscode-oss/extensions/undefined_publisher.wallbash-0.0.1: Unable to resolve nonexistent file '/$HOME/.vscode-oss/extensions/undefined_publisher.wallbash-0.0.1'
2024-10-05 10:47:46.136 [info] [perf] Render performance baseline is 18ms
