2024-10-05 09:17:31.592 [info] Added views:outline in workbench.view.explorer
2024-10-05 09:17:31.592 [info] Added views:workbench.view.search in workbench.view.search
2024-10-05 09:17:31.592 [info] Added views:workbench.scm in workbench.view.scm
2024-10-05 09:17:31.592 [info] Added views:workbench.panel.markers.view in workbench.panel.markers
2024-10-05 09:17:31.592 [info] Added views:workbench.panel.output in workbench.panel.output
2024-10-05 09:17:31.592 [info] Added views:terminal in terminal
2024-10-05 09:17:31.592 [info] Added views:timeline in workbench.view.explorer
2024-10-05 09:17:31.592 [info] Added views:workbench.explorer.fileView in workbench.view.explorer
2024-10-05 09:17:31.680 [info] Added views:workbench.debug.welcome in workbench.view.debug
2024-10-05 09:17:31.904 [info] Added views:workbench.panel.repl.view in workbench.panel.repl
2024-10-05 09:17:32.433 [info] Added views:~remote.forwardedPorts in ~remote.forwardedPortsContainer
2024-10-05 09:18:17.066 [info] Added views:outline in workbench.view.explorer
2024-10-05 09:18:17.066 [info] Added views:workbench.view.search in workbench.view.search
2024-10-05 09:18:17.066 [info] Added views:workbench.scm in workbench.view.scm
2024-10-05 09:18:17.066 [info] Added views:workbench.panel.markers.view in workbench.panel.markers
2024-10-05 09:18:17.066 [info] Added views:workbench.panel.output in workbench.panel.output
2024-10-05 09:18:17.066 [info] Added views:terminal in terminal
2024-10-05 09:18:17.066 [info] Added views:timeline in workbench.view.explorer
2024-10-05 09:18:17.066 [info] Added views:workbench.explorer.fileView in workbench.view.explorer
2024-10-05 09:18:17.140 [info] Added views:workbench.debug.variablesView,workbench.debug.watchExpressionsView,workbench.debug.callStackView,workbench.debug.breakPointsView in workbench.view.debug
2024-10-05 09:18:17.270 [info] Added views:~remote.forwardedPorts in ~remote.forwardedPortsContainer
2024-10-05 09:18:17.362 [info] Added views:workbench.panel.repl.view in workbench.panel.repl
2024-10-05 09:18:17.362 [info] Removed views:workbench.debug.breakPointsView,workbench.debug.callStackView,workbench.debug.watchExpressionsView,workbench.debug.variablesView from workbench.view.debug
2024-10-05 09:18:17.363 [info] Added views:workbench.debug.welcome in workbench.view.debug
2024-10-05 09:18:30.127 [info] Added views:workbench.view.testing in workbench.view.extension.test
2024-10-05 09:52:56.095 [info] Added views:workbench.views.extensions.installed,workbench.views.extensions.popular,extensions.recommendedList in workbench.view.extensions
2024-10-05 09:52:56.096 [info] Removed views:workbench.views.extensions.popular from workbench.view.extensions
2024-10-05 10:06:11.261 [info] Removed views:workbench.view.testing from workbench.view.extension.test
2024-10-05 10:06:11.470 [info] Added views:outline in workbench.view.explorer
2024-10-05 10:06:11.470 [info] Added views:workbench.view.search in workbench.view.search
2024-10-05 10:06:11.470 [info] Added views:workbench.scm in workbench.view.scm
2024-10-05 10:06:11.470 [info] Added views:workbench.panel.markers.view in workbench.panel.markers
2024-10-05 10:06:11.470 [info] Added views:workbench.panel.output in workbench.panel.output
2024-10-05 10:06:11.470 [info] Added views:terminal in terminal
2024-10-05 10:06:11.470 [info] Added views:timeline in workbench.view.explorer
2024-10-05 10:06:11.470 [info] Added views:workbench.explorer.fileView in workbench.view.explorer
2024-10-05 10:06:11.501 [info] Added views:workbench.debug.variablesView,workbench.debug.watchExpressionsView,workbench.debug.callStackView,workbench.debug.breakPointsView in workbench.view.debug
2024-10-05 10:06:11.690 [info] Added views:~remote.forwardedPorts in ~remote.forwardedPortsContainer
2024-10-05 10:06:11.768 [info] Added views:workbench.panel.repl.view in workbench.panel.repl
2024-10-05 10:06:11.768 [info] Removed views:workbench.debug.breakPointsView,workbench.debug.callStackView,workbench.debug.watchExpressionsView,workbench.debug.variablesView from workbench.view.debug
2024-10-05 10:06:11.768 [info] Added views:workbench.debug.welcome in workbench.view.debug
2024-10-05 10:08:13.832 [info] Added views:workbench.views.extensions.installed,workbench.views.extensions.popular,extensions.recommendedList in workbench.view.extensions
2024-10-05 10:08:13.833 [info] Removed views:workbench.views.extensions.popular from workbench.view.extensions
2024-10-05 10:08:21.435 [info] Removed views:workbench.panel.repl.view from workbench.panel.repl
2024-10-05 10:08:21.556 [info] Added views:workbench.panel.repl.view in workbench.panel.repl
2024-10-05 10:47:43.518 [info] Added views:outline in workbench.view.explorer
2024-10-05 10:47:43.518 [info] Added views:workbench.view.search in workbench.view.search
2024-10-05 10:47:43.518 [info] Added views:workbench.scm in workbench.view.scm
2024-10-05 10:47:43.518 [info] Added views:workbench.panel.markers.view in workbench.panel.markers
2024-10-05 10:47:43.518 [info] Added views:workbench.panel.output in workbench.panel.output
2024-10-05 10:47:43.518 [info] Added views:terminal in terminal
2024-10-05 10:47:43.518 [info] Added views:timeline in workbench.view.explorer
2024-10-05 10:47:43.518 [info] Added views:workbench.explorer.fileView in workbench.view.explorer
2024-10-05 10:47:43.543 [info] Added views:workbench.debug.welcome in workbench.view.debug
2024-10-05 10:47:43.756 [info] Added views:~remote.forwardedPorts in ~remote.forwardedPortsContainer
2024-10-05 10:47:43.857 [info] Added views:workbench.panel.repl.view in workbench.panel.repl
