2024-11-06 20:45:18.421 [info] Added views:outline in workbench.view.explorer
2024-11-06 20:45:18.421 [info] Added views:workbench.view.search in workbench.view.search
2024-11-06 20:45:18.421 [info] Added views:workbench.scm in workbench.view.scm
2024-11-06 20:45:18.421 [info] Added views:workbench.panel.markers.view in workbench.panel.markers
2024-11-06 20:45:18.421 [info] Added views:workbench.panel.output in workbench.panel.output
2024-11-06 20:45:18.421 [info] Added views:terminal in terminal
2024-11-06 20:45:18.421 [info] Added views:timeline in workbench.view.explorer
2024-11-06 20:45:18.421 [info] Added views:workbench.explorer.fileView in workbench.view.explorer
2024-11-06 20:45:18.679 [info] Added views:workbench.debug.welcome in workbench.view.debug
2024-11-06 20:45:18.711 [info] Added views:workbench.panel.repl.view in workbench.panel.repl
2024-11-06 20:45:20.822 [info] Added views:~remote.forwardedPorts in ~remote.forwardedPortsContainer
2024-11-06 20:45:22.492 [info] Added views:outline in workbench.view.explorer
2024-11-06 20:45:22.492 [info] Added views:workbench.view.search in workbench.view.search
2024-11-06 20:45:22.492 [info] Added views:workbench.scm in workbench.view.scm
2024-11-06 20:45:22.492 [info] Added views:workbench.panel.markers.view in workbench.panel.markers
2024-11-06 20:45:22.492 [info] Added views:workbench.panel.output in workbench.panel.output
2024-11-06 20:45:22.492 [info] Added views:terminal in terminal
2024-11-06 20:45:22.492 [info] Added views:timeline in workbench.view.explorer
2024-11-06 20:45:22.492 [info] Added views:workbench.explorer.fileView in workbench.view.explorer
2024-11-06 20:45:22.753 [info] Added views:workbench.debug.welcome in workbench.view.debug
2024-11-06 20:45:22.760 [info] Added views:workbench.panel.repl.view in workbench.panel.repl
2024-11-06 20:45:24.500 [info] Added views:outline in workbench.view.explorer
2024-11-06 20:45:24.500 [info] Added views:workbench.view.search in workbench.view.search
2024-11-06 20:45:24.500 [info] Added views:workbench.scm in workbench.view.scm
2024-11-06 20:45:24.500 [info] Added views:workbench.panel.markers.view in workbench.panel.markers
2024-11-06 20:45:24.500 [info] Added views:workbench.panel.output in workbench.panel.output
2024-11-06 20:45:24.500 [info] Added views:terminal in terminal
2024-11-06 20:45:24.500 [info] Added views:timeline in workbench.view.explorer
2024-11-06 20:45:24.500 [info] Added views:workbench.explorer.fileView in workbench.view.explorer
2024-11-06 20:45:24.742 [info] Added views:workbench.debug.welcome in workbench.view.debug
2024-11-06 20:45:24.760 [info] Added views:workbench.panel.repl.view in workbench.panel.repl
2024-11-06 20:45:25.532 [info] Added views:outline in workbench.view.explorer
2024-11-06 20:45:25.532 [info] Added views:workbench.view.search in workbench.view.search
2024-11-06 20:45:25.532 [info] Added views:workbench.scm in workbench.view.scm
2024-11-06 20:45:25.532 [info] Added views:workbench.panel.markers.view in workbench.panel.markers
2024-11-06 20:45:25.532 [info] Added views:workbench.panel.output in workbench.panel.output
2024-11-06 20:45:25.532 [info] Added views:terminal in terminal
2024-11-06 20:45:25.532 [info] Added views:timeline in workbench.view.explorer
2024-11-06 20:45:25.532 [info] Added views:workbench.explorer.fileView in workbench.view.explorer
2024-11-06 20:45:25.801 [info] Added views:workbench.debug.welcome in workbench.view.debug
2024-11-06 20:45:25.837 [info] Added views:workbench.panel.repl.view in workbench.panel.repl
2024-11-06 20:45:28.138 [info] Added views:outline in workbench.view.explorer
2024-11-06 20:45:28.138 [info] Added views:workbench.view.search in workbench.view.search
2024-11-06 20:45:28.138 [info] Added views:workbench.scm in workbench.view.scm
2024-11-06 20:45:28.138 [info] Added views:workbench.panel.markers.view in workbench.panel.markers
2024-11-06 20:45:28.138 [info] Added views:workbench.panel.output in workbench.panel.output
2024-11-06 20:45:28.138 [info] Added views:terminal in terminal
2024-11-06 20:45:28.138 [info] Added views:timeline in workbench.view.explorer
2024-11-06 20:45:28.138 [info] Added views:workbench.explorer.fileView in workbench.view.explorer
2024-11-06 20:45:28.374 [info] Added views:workbench.debug.welcome in workbench.view.debug
2024-11-06 20:45:28.389 [info] Added views:workbench.panel.repl.view in workbench.panel.repl
2024-11-06 20:45:34.273 [info] Added views:~remote.forwardedPorts in ~remote.forwardedPortsContainer
2024-11-06 20:45:59.841 [info] Added views:workbench.views.extensions.installed,workbench.views.extensions.popular,extensions.recommendedList in workbench.view.extensions
2024-11-06 20:45:59.844 [info] Removed views:workbench.views.extensions.popular from workbench.view.extensions
