2024-10-05 14:00:54.092 [info] Starting Python Locator /home/poseidon/.vscode/extensions/ms-python.python-2024.16.0-linux-x64/python-env-tools/bin/pet server
2024-10-05 14:00:54.308 [info] Discovered env: /bin/python
2024-10-05 14:00:54.310 [info] Discovered env: /usr/bin/python
2024-10-05 14:00:54.310 [info] Env ("/usr/sbin/python") in Path resolved as ResolvedPythonEnv { executable: "/usr/sbin/python", prefix: "/usr", version: "3.12.6.final.0", is64_bit: true, symlinks: Some(["/usr/sbin/python"]) } and reported as Some(GlobalPaths)
2024-10-05 14:00:54.310 [info] Discovered env: /usr/sbin/python
2024-10-05 14:00:54.310 [info] Discovered manager: (Conda) /home/poseidon/text-generation-webui/installer_files/conda/bin/conda
2024-10-05 14:00:54.310 [info] Discovered env: /home/poseidon/text-generation-webui/installer_files/conda/bin/python
2024-10-05 14:00:54.311 [info] Discovered env: /home/poseidon/text-generation-webui/installer_files/env/bin/python
2024-10-05 14:00:54.311 [info] Env ("/sbin/python") in Path resolved as ResolvedPythonEnv { executable: "/sbin/python", prefix: "/usr", version: "3.12.6.final.0", is64_bit: true, symlinks: Some(["/sbin/python"]) } and reported as Some(GlobalPaths)
2024-10-05 14:00:54.311 [info] Discovered env: /sbin/python
2024-10-05 14:00:54.311 [info] Env ("/usr/sbin/python3") in Path resolved as ResolvedPythonEnv { executable: "/usr/sbin/python3", prefix: "/usr", version: "3.12.6.final.0", is64_bit: true, symlinks: Some(["/usr/sbin/python3"]) } and reported as Some(GlobalPaths)
2024-10-05 14:00:54.311 [info] Discovered env: /usr/sbin/python3
2024-10-05 14:00:54.311 [info] Env ("/sbin/python3") in Path resolved as ResolvedPythonEnv { executable: "/sbin/python3", prefix: "/usr", version: "3.12.6.final.0", is64_bit: true, symlinks: Some(["/sbin/python3"]) } and reported as Some(GlobalPaths)
2024-10-05 14:00:54.311 [info] Discovered env: /sbin/python3
2024-10-05 14:00:54.311 [info] Env ("/usr/sbin/python3.12") in Path resolved as ResolvedPythonEnv { executable: "/usr/sbin/python3.12", prefix: "/usr", version: "3.12.6.final.0", is64_bit: true, symlinks: Some(["/usr/sbin/python3.12"]) } and reported as Some(GlobalPaths)
2024-10-05 14:00:54.311 [info] Discovered env: /usr/sbin/python3.12
2024-10-05 14:00:54.311 [info] Env ("/sbin/python3.12") in Path resolved as ResolvedPythonEnv { executable: "/sbin/python3.12", prefix: "/usr", version: "3.12.6.final.0", is64_bit: true, symlinks: Some(["/sbin/python3.12"]) } and reported as Some(GlobalPaths)
2024-10-05 14:00:54.311 [info] Discovered env: /sbin/python3.12
2024-10-05 14:00:54.311 [info] Locator Conda took 93.512139ms
2024-10-05 14:00:54.311 [info] Locator Homebrew took 113.74µs
2024-10-05 14:00:54.311 [info] Locator LinuxGlobal took 80.016616ms
2024-10-05 14:00:54.311 [info] Locator PipEnv took 16.276µs
2024-10-05 14:00:54.311 [info] Locator Poetry took 107.487µs
2024-10-05 14:00:54.311 [info] Locator PyEnv took 381.877µs
2024-10-05 14:00:54.311 [info] Locator Venv took 64.441µs
2024-10-05 14:00:54.311 [info] Locator VirtualEnv took 42.411µs
2024-10-05 14:00:54.311 [info] Locator VirtualEnvWrapper took 19.533µs
2024-10-05 14:00:54.311 [info] Locator GlobalVirtualEnvs took 152.585µs
2024-10-05 14:00:54.312 [info] Locator Locators took 93.609147ms
2024-10-05 14:00:54.312 [info] Locator Path took 181.153031ms
2024-10-05 14:00:54.312 [info] Locator Workspaces took 1.832µs
2024-10-05 14:00:54.312 [info] Refresh completed in 181ms
