2024-11-05 19:10:34.988 [info] Extension host with pid 80817 started
2024-11-05 19:10:34.988 [info] Skipping acquiring lock for /home/poseidon/.config/Code/User/workspaceStorage/cb2651b09c43b078e46834876f0827ea.
2024-11-05 19:10:34.994 [info] ExtensionService#_doActivateExtension vscode.markdown-language-features, startup: false, activationEvent: 'onWebviewPanel:markdown.preview'
2024-11-05 19:10:35.136 [info] ExtensionService#_doActivateExtension vscode.git-base, startup: true, activationEvent: '*', root cause: vscode.git
2024-11-05 19:10:35.150 [info] ExtensionService#_doActivateExtension vscode.git, startup: true, activationEvent: '*'
2024-11-05 19:10:35.196 [info] ExtensionService#_doActivateExtension vscode.github, startup: true, activationEvent: '*'
2024-11-05 19:10:35.259 [info] ExtensionService#_doActivateExtension vscode.extension-editing, startup: false, activationEvent: 'onLanguage:markdown'
2024-11-05 19:10:35.264 [info] ExtensionService#_doActivateExtension valentjn.vscode-ltex, startup: false, activationEvent: 'onLanguage:markdown'
2024-11-05 19:10:35.280 [info] ExtensionService#_doActivateExtension vscode.emmet, startup: false, activationEvent: 'onLanguage'
2024-11-05 19:10:35.290 [info] ExtensionService#_doActivateExtension vscode.markdown-math, startup: false, activationEvent: 'api', root cause: vscode.markdown-language-features
2024-11-05 19:10:35.299 [warning] [vscode.git] Accessing a resource scoped configuration without providing a resource is not expected. To get the effective value for 'git.openRepositoryInParentFolders', provide the URI of a resource or 'null' for any resource.
2024-11-05 19:10:35.299 [warning] [vscode.git] Accessing a resource scoped configuration without providing a resource is not expected. To get the effective value for 'git.showProgress', provide the URI of a resource or 'null' for any resource.
2024-11-05 19:10:35.306 [info] Eager extensions activated
2024-11-05 19:10:35.582 [warning] [vscode.markdown-math] Accessing a resource scoped configuration without providing a resource is not expected. To get the effective value for 'markdown.math.macros', provide the URI of a resource or 'null' for any resource.
2024-11-05 19:10:35.595 [info] ExtensionService#_doActivateExtension vscode.debug-auto-launch, startup: false, activationEvent: 'onStartupFinished'
2024-11-05 19:10:35.596 [info] ExtensionService#_doActivateExtension vscode.merge-conflict, startup: false, activationEvent: 'onStartupFinished'
2024-11-05 19:10:45.082 [info] Extension host terminating: renderer closed the MessagePort
2024-11-05 19:10:45.091 [info] Extension host with pid 80817 exiting with code 0
2024-11-05 19:10:45.506 [info] Extension host with pid 81180 started
2024-11-05 19:10:45.506 [info] Skipping acquiring lock for /home/poseidon/.config/Code/User/workspaceStorage/07d8da3340a78768a10fc16601745d57.
2024-11-05 19:10:45.581 [info] ExtensionService#_doActivateExtension vscode.emmet, startup: false, activationEvent: 'onLanguage'
2024-11-05 19:10:45.589 [info] ExtensionService#_doActivateExtension vscode.extension-editing, startup: false, activationEvent: 'onLanguage:markdown'
2024-11-05 19:10:45.595 [info] ExtensionService#_doActivateExtension vscode.markdown-language-features, startup: false, activationEvent: 'onLanguage:markdown'
2024-11-05 19:10:45.634 [info] ExtensionService#_doActivateExtension valentjn.vscode-ltex, startup: false, activationEvent: 'onLanguage:markdown'
2024-11-05 19:10:45.932 [info] ExtensionService#_doActivateExtension vscode.git-base, startup: true, activationEvent: '*', root cause: vscode.git
2024-11-05 19:10:45.958 [info] ExtensionService#_doActivateExtension vscode.git, startup: true, activationEvent: '*'
2024-11-05 19:10:45.986 [info] ExtensionService#_doActivateExtension vscode.github, startup: true, activationEvent: '*'
2024-11-05 19:10:45.998 [info] ExtensionService#_doActivateExtension vscode.markdown-math, startup: false, activationEvent: 'api', root cause: vscode.markdown-language-features
2024-11-05 19:10:46.026 [warning] [vscode.markdown-math] Accessing a resource scoped configuration without providing a resource is not expected. To get the effective value for 'markdown.math.macros', provide the URI of a resource or 'null' for any resource.
2024-11-05 19:10:46.031 [warning] [vscode.git] Accessing a resource scoped configuration without providing a resource is not expected. To get the effective value for 'git.openRepositoryInParentFolders', provide the URI of a resource or 'null' for any resource.
2024-11-05 19:10:46.032 [warning] [vscode.git] Accessing a resource scoped configuration without providing a resource is not expected. To get the effective value for 'git.showProgress', provide the URI of a resource or 'null' for any resource.
2024-11-05 19:10:46.036 [info] Eager extensions activated
2024-11-05 19:10:46.044 [info] ExtensionService#_doActivateExtension vscode.debug-auto-launch, startup: false, activationEvent: 'onStartupFinished'
2024-11-05 19:10:46.045 [info] ExtensionService#_doActivateExtension vscode.merge-conflict, startup: false, activationEvent: 'onStartupFinished'
2024-11-05 19:10:50.147 [warning] vscode.markdown-language-features created a webview without a content security policy: https://aka.ms/vscode-webview-missing-csp
2024-11-05 21:00:15.843 [info] Extension host terminating: renderer closed the MessagePort
2024-11-05 21:00:15.848 [info] Extension host with pid 81180 exiting with code 0
