2024-11-05 19:10:34.768 [info] Added views:outline in workbench.view.explorer
2024-11-05 19:10:34.768 [info] Added views:workbench.view.search in workbench.view.search
2024-11-05 19:10:34.768 [info] Added views:workbench.scm in workbench.view.scm
2024-11-05 19:10:34.768 [info] Added views:workbench.panel.markers.view in workbench.panel.markers
2024-11-05 19:10:34.768 [info] Added views:workbench.panel.output in workbench.panel.output
2024-11-05 19:10:34.768 [info] Added views:terminal in terminal
2024-11-05 19:10:34.768 [info] Added views:timeline in workbench.view.explorer
2024-11-05 19:10:34.768 [info] Added views:workbench.explorer.fileView in workbench.view.explorer
2024-11-05 19:10:34.988 [info] Added views:workbench.debug.welcome in workbench.view.debug
2024-11-05 19:10:34.995 [info] Added views:workbench.panel.repl.view in workbench.panel.repl
2024-11-05 19:10:35.227 [info] Added views:~remote.forwardedPorts in ~remote.forwardedPortsContainer
2024-11-05 19:10:45.250 [info] Added views:outline in workbench.view.explorer
2024-11-05 19:10:45.250 [info] Added views:workbench.view.search in workbench.view.search
2024-11-05 19:10:45.250 [info] Added views:workbench.scm in workbench.view.scm
2024-11-05 19:10:45.250 [info] Added views:workbench.panel.markers.view in workbench.panel.markers
2024-11-05 19:10:45.250 [info] Added views:workbench.panel.output in workbench.panel.output
2024-11-05 19:10:45.250 [info] Added views:terminal in terminal
2024-11-05 19:10:45.250 [info] Added views:timeline in workbench.view.explorer
2024-11-05 19:10:45.250 [info] Added views:workbench.explorer.fileView in workbench.view.explorer
2024-11-05 19:10:45.332 [info] Added views:workbench.debug.welcome in workbench.view.debug
2024-11-05 19:10:45.581 [info] Added views:workbench.panel.repl.view in workbench.panel.repl
2024-11-05 19:10:45.770 [info] Added views:~remote.forwardedPorts in ~remote.forwardedPortsContainer
