2024-11-17 18:36:53.855 [info] Added views:outline in workbench.view.explorer
2024-11-17 18:36:53.855 [info] Added views:workbench.view.search in workbench.view.search
2024-11-17 18:36:53.855 [info] Added views:workbench.scm in workbench.view.scm
2024-11-17 18:36:53.855 [info] Added views:workbench.panel.markers.view in workbench.panel.markers
2024-11-17 18:36:53.855 [info] Added views:workbench.panel.output in workbench.panel.output
2024-11-17 18:36:53.855 [info] Added views:terminal in terminal
2024-11-17 18:36:53.855 [info] Added views:timeline in workbench.view.explorer
2024-11-17 18:36:53.855 [info] Added views:workbench.explorer.fileView in workbench.view.explorer
2024-11-17 18:36:53.940 [info] Added views:workbench.debug.welcome in workbench.view.debug
2024-11-17 18:36:54.208 [info] Added views:workbench.panel.repl.view in workbench.panel.repl
2024-11-17 18:36:54.288 [info] Added views:~remote.forwardedPorts in ~remote.forwardedPortsContainer
2024-11-17 18:36:54.370 [info] Added views:workbench.view.testing in workbench.view.extension.test
2024-11-17 18:38:23.714 [info] Removed views:workbench.view.testing from workbench.view.extension.test
2024-11-17 18:38:23.863 [info] Added views:outline in workbench.view.explorer
2024-11-17 18:38:23.863 [info] Added views:workbench.view.search in workbench.view.search
2024-11-17 18:38:23.863 [info] Added views:workbench.scm in workbench.view.scm
2024-11-17 18:38:23.863 [info] Added views:workbench.panel.markers.view in workbench.panel.markers
2024-11-17 18:38:23.863 [info] Added views:workbench.panel.output in workbench.panel.output
2024-11-17 18:38:23.863 [info] Added views:terminal in terminal
2024-11-17 18:38:23.863 [info] Added views:timeline in workbench.view.explorer
2024-11-17 18:38:23.863 [info] Added views:workbench.explorer.fileView in workbench.view.explorer
2024-11-17 18:38:23.885 [info] Added views:workbench.debug.welcome in workbench.view.debug
2024-11-17 18:38:24.035 [info] Added views:~remote.forwardedPorts in ~remote.forwardedPortsContainer
2024-11-17 18:38:24.084 [info] Added views:workbench.panel.repl.view in workbench.panel.repl
