2024-11-06T22:06:30.743Z Info: Setting LTeX UI language to 'en-us'.
2024-11-06T22:06:30.743Z Info: Loading i18n messages...
2024-11-06T22:06:30.743Z Info: Loading default i18n messages...
2024-11-06T22:06:30.744Z Info: 
2024-11-06T22:06:30.744Z Info: ltex.ltex-ls.path not set.
2024-11-06T22:06:30.744Z Info: Searching for ltex-ls in '/home/poseidon/.vscode/extensions/valentjn.vscode-ltex-13.1.0/lib'...
2024-11-06T22:06:30.744Z Info: ltex-ls found in '/home/poseidon/.vscode/extensions/valentjn.vscode-ltex-13.1.0/lib/ltex-ls-15.2.0'.
2024-11-06T22:06:30.744Z Info: 
2024-11-06T22:06:30.744Z Info: Using ltex-ls from '/home/poseidon/.vscode/extensions/valentjn.vscode-ltex-13.1.0/lib/ltex-ls-15.2.0'.
2024-11-06T22:06:30.744Z Info: Using Java bundled with ltex-ls as ltex.java.path is not set.
2024-11-06T22:06:30.745Z Info: Testing ltex-ls...
2024-11-06T22:06:30.745Z Info:   Command: "/home/poseidon/.vscode/extensions/valentjn.vscode-ltex-13.1.0/lib/ltex-ls-15.2.0/bin/ltex-ls"
2024-11-06T22:06:30.745Z Info:   Arguments: ["--version"]
2024-11-06T22:06:30.745Z Info:   env['JAVA_HOME']: undefined
2024-11-06T22:06:30.745Z Info:   env['JAVA_OPTS']: "-Xms64m -Xmx512m"
2024-11-06T22:06:30.938Z Info: Test successful!
2024-11-06T22:06:30.938Z Info: 
2024-11-06T22:06:30.940Z Info: Starting ltex-ls...
2024-11-06T22:06:30.940Z Info:   Command: "/home/poseidon/.vscode/extensions/valentjn.vscode-ltex-13.1.0/lib/ltex-ls-15.2.0/bin/ltex-ls"
2024-11-06T22:06:30.940Z Info:   Arguments: []
2024-11-06T22:06:30.940Z Info:   env['JAVA_HOME']: undefined
2024-11-06T22:06:30.940Z Info:   env['JAVA_OPTS']: "-Xms64m -Xmx512m"
2024-11-06T22:06:30.940Z Info: 
2024-11-06T22:06:31.914Z Info: Started watching external setting file '/home/poseidon/Desktop/Documents/French/mindmaps/.vscode/ltex.dictionary.fr.txt'.
