2024-10-05 13:07:09.497 [info] Extension host with pid 409659 started
2024-10-05 13:07:09.497 [info] Skipping acquiring lock for /home/poseidon/.config/Code/User/workspaceStorage/077a11f49e936fc99266f2a54d278790.
2024-10-05 13:07:09.588 [info] ExtensionService#_doActivateExtension vscode.emmet, startup: false, activationEvent: 'onLanguage'
2024-10-05 13:07:09.597 [info] ExtensionService#_doActivateExtension vscode.extension-editing, startup: false, activationEvent: 'onLanguage:markdown'
2024-10-05 13:07:09.602 [info] ExtensionService#_doActivateExtension vscode.markdown-language-features, startup: false, activationEvent: 'onLanguage:markdown'
2024-10-05 13:07:09.641 [info] ExtensionService#_doActivateExtension valentjn.vscode-ltex, startup: false, activationEvent: 'onLanguage:markdown'
2024-10-05 13:07:09.987 [info] ExtensionService#_doActivateExtension vscode.git-base, startup: true, activationEvent: '*', root cause: vscode.git
2024-10-05 13:07:10.013 [info] ExtensionService#_doActivateExtension vscode.git, startup: true, activationEvent: '*'
2024-10-05 13:07:10.040 [info] ExtensionService#_doActivateExtension vscode.github, startup: true, activationEvent: '*'
2024-10-05 13:07:10.050 [info] ExtensionService#_doActivateExtension vscode.markdown-math, startup: false, activationEvent: 'api', root cause: vscode.markdown-language-features
2024-10-05 13:07:10.078 [warning] [vscode.markdown-math] Accessing a resource scoped configuration without providing a resource is not expected. To get the effective value for 'markdown.math.macros', provide the URI of a resource or 'null' for any resource.
2024-10-05 13:07:10.090 [warning] [vscode.git] Accessing a resource scoped configuration without providing a resource is not expected. To get the effective value for 'git.openRepositoryInParentFolders', provide the URI of a resource or 'null' for any resource.
2024-10-05 13:07:10.090 [warning] [vscode.git] Accessing a resource scoped configuration without providing a resource is not expected. To get the effective value for 'git.showProgress', provide the URI of a resource or 'null' for any resource.
2024-10-05 13:07:10.097 [info] Eager extensions activated
2024-10-05 13:07:10.109 [info] ExtensionService#_doActivateExtension vscode.debug-auto-launch, startup: false, activationEvent: 'onStartupFinished'
2024-10-05 13:07:10.110 [info] ExtensionService#_doActivateExtension vscode.merge-conflict, startup: false, activationEvent: 'onStartupFinished'
2024-10-05 13:08:05.334 [warning] vscode.markdown-language-features created a webview without a content security policy: https://aka.ms/vscode-webview-missing-csp
2024-10-05 13:48:16.497 [info] Extension host terminating: renderer closed the MessagePort
2024-10-05 13:48:16.502 [info] Extension host with pid 409659 exiting with code 0
2024-10-05 13:48:16.965 [info] Extension host with pid 454001 started
2024-10-05 13:48:16.965 [info] Skipping acquiring lock for /home/poseidon/.config/Code/User/workspaceStorage/077a11f49e936fc99266f2a54d278790.
2024-10-05 13:48:17.019 [info] ExtensionService#_doActivateExtension vscode.emmet, startup: false, activationEvent: 'onLanguage'
2024-10-05 13:48:17.026 [info] ExtensionService#_doActivateExtension vscode.extension-editing, startup: false, activationEvent: 'onLanguage:markdown'
2024-10-05 13:48:17.031 [info] ExtensionService#_doActivateExtension vscode.markdown-language-features, startup: false, activationEvent: 'onLanguage:markdown'
2024-10-05 13:48:17.064 [info] ExtensionService#_doActivateExtension valentjn.vscode-ltex, startup: false, activationEvent: 'onLanguage:markdown'
2024-10-05 13:48:17.411 [info] ExtensionService#_doActivateExtension vscode.git-base, startup: true, activationEvent: '*', root cause: vscode.git
2024-10-05 13:48:17.413 [info] ExtensionService#_doActivateExtension vscode.markdown-math, startup: false, activationEvent: 'api', root cause: vscode.markdown-language-features
2024-10-05 13:48:17.422 [warning] [vscode.markdown-math] Accessing a resource scoped configuration without providing a resource is not expected. To get the effective value for 'markdown.math.macros', provide the URI of a resource or 'null' for any resource.
2024-10-05 13:48:17.424 [info] ExtensionService#_doActivateExtension vscode.git, startup: true, activationEvent: '*'
2024-10-05 13:48:17.453 [info] ExtensionService#_doActivateExtension vscode.github, startup: true, activationEvent: '*'
2024-10-05 13:48:17.486 [warning] [vscode.git] Accessing a resource scoped configuration without providing a resource is not expected. To get the effective value for 'git.openRepositoryInParentFolders', provide the URI of a resource or 'null' for any resource.
2024-10-05 13:48:17.486 [warning] [vscode.git] Accessing a resource scoped configuration without providing a resource is not expected. To get the effective value for 'git.showProgress', provide the URI of a resource or 'null' for any resource.
2024-10-05 13:48:17.490 [info] Eager extensions activated
2024-10-05 13:48:17.508 [info] ExtensionService#_doActivateExtension vscode.debug-auto-launch, startup: false, activationEvent: 'onStartupFinished'
2024-10-05 13:48:17.509 [info] ExtensionService#_doActivateExtension vscode.merge-conflict, startup: false, activationEvent: 'onStartupFinished'
2024-10-05 13:48:25.548 [info] Extension host terminating: renderer closed the MessagePort
2024-10-05 13:48:25.554 [info] Extension host with pid 454001 exiting with code 0
