2024-10-05T12:48:17.098Z Info: Setting LTeX UI language to 'en-us'.
2024-10-05T12:48:17.099Z Info: Loading i18n messages...
2024-10-05T12:48:17.099Z Info: Loading default i18n messages...
2024-10-05T12:48:17.100Z Info: 
2024-10-05T12:48:17.100Z Info: ltex.ltex-ls.path not set.
2024-10-05T12:48:17.100Z Info: Searching for ltex-ls in '/home/poseidon/.vscode/extensions/valentjn.vscode-ltex-13.1.0/lib'...
2024-10-05T12:48:17.100Z Info: ltex-ls found in '/home/poseidon/.vscode/extensions/valentjn.vscode-ltex-13.1.0/lib/ltex-ls-15.2.0'.
2024-10-05T12:48:17.100Z Info: 
2024-10-05T12:48:17.100Z Info: Using ltex-ls from '/home/poseidon/.vscode/extensions/valentjn.vscode-ltex-13.1.0/lib/ltex-ls-15.2.0'.
2024-10-05T12:48:17.100Z Info: Using Java bundled with ltex-ls as ltex.java.path is not set.
2024-10-05T12:48:17.100Z Info: Testing ltex-ls...
2024-10-05T12:48:17.100Z Info:   Command: "/home/poseidon/.vscode/extensions/valentjn.vscode-ltex-13.1.0/lib/ltex-ls-15.2.0/bin/ltex-ls"
2024-10-05T12:48:17.100Z Info:   Arguments: ["--version"]
2024-10-05T12:48:17.100Z Info:   env['JAVA_HOME']: undefined
2024-10-05T12:48:17.100Z Info:   env['JAVA_OPTS']: "-Xms64m -Xmx512m"
2024-10-05T12:48:17.276Z Info: Test successful!
2024-10-05T12:48:17.276Z Info: 
2024-10-05T12:48:17.279Z Info: Starting ltex-ls...
2024-10-05T12:48:17.279Z Info:   Command: "/home/poseidon/.vscode/extensions/valentjn.vscode-ltex-13.1.0/lib/ltex-ls-15.2.0/bin/ltex-ls"
2024-10-05T12:48:17.279Z Info:   Arguments: []
2024-10-05T12:48:17.279Z Info:   env['JAVA_HOME']: undefined
2024-10-05T12:48:17.279Z Info:   env['JAVA_OPTS']: "-Xms64m -Xmx512m"
2024-10-05T12:48:17.279Z Info: 
2024-10-05T12:48:18.306Z Info: Started watching external setting file '/home/poseidon/Desktop/Documents/MLB/.vscode/ltex.dictionary.en-GB.txt'.
2024-10-05T12:48:18.306Z Info: Started watching external setting file '/home/poseidon/Desktop/Documents/MLB/.vscode/ltex.dictionary.en-US.txt'.
2024-10-05T12:48:18.308Z Info: Started watching external setting file '/home/poseidon/Desktop/Documents/MLB/.vscode/ltex.disabledRules.en-GB.txt'.
2024-10-05T12:48:18.308Z Info: Started watching external setting file '/home/poseidon/Desktop/Documents/MLB/.vscode/ltex.disabledRules.en-US.txt'.
2024-10-05T12:48:18.311Z Info: Started watching external setting file '/home/poseidon/Desktop/Documents/MLB/.vscode/ltex.hiddenFalsePositives.en-GB.txt'.
2024-10-05T12:48:18.311Z Info: Started watching external setting file '/home/poseidon/Desktop/Documents/MLB/.vscode/ltex.hiddenFalsePositives.en-US.txt'.
