[Info  - 10:47:46 AM] Starting ltex-ls...
Oct 05, 2024 10:47:47 AM org.bsplines.ltexls.server.LtexLanguageServer initialize
INFO: ltex-ls 15.2.0 - initializing...
Oct 05, 2024 10:47:47 AM org.bsplines.ltexls.tools.I18n setLocale
INFO: Setting locale to 'en'
Oct 05, 2024 10:47:47 AM org.bsplines.ltexls.settings.SettingsManager$Companion logDifferentSettings
FINE: Reinitializing LanguageTool due to different settings for language 'en-GB': setting 'settings', old 'null', new 'non-null'
Oct 05, 2024 10:47:47 AM org.bsplines.ltexls.server.DocumentChecker logTextToBeChecked
FINE: Checking the following text in language 'en-GB' via LanguageTool: "Title\n\nPRESENT\nPost akuma\n\nChat Noir finds Ladybug sitting on a roof alone (a month after last seein"... (truncated to 100 characters)
Oct 05, 2024 10:47:49 AM org.bsplines.ltexls.server.DocumentChecker checkAnnotatedTextFragment
FINE: Obtained 117 rule matches
Oct 05, 2024 10:48:06 AM org.bsplines.ltexls.server.DocumentChecker logTextToBeChecked
FINE: Checking the following text in language 'en-GB' via LanguageTool: "Title\n\nPRESENT\nPost akuma\n\nChat Noir finds Ladybug sitting on a roof alone (a month after last seein"... (truncated to 100 characters)
Oct 05, 2024 10:48:06 AM org.bsplines.ltexls.server.DocumentChecker checkAnnotatedTextFragment
FINE: Obtained 100 rule matches
Oct 05, 2024 10:48:10 AM org.bsplines.ltexls.server.DocumentChecker logTextToBeChecked
FINE: Checking the following text in language 'en-GB' via LanguageTool: "Title\n\nPRESENT\nPost akuma\n\nChat Noir finds Ladybug sitting on a roof alone (a month after last seein"... (truncated to 100 characters)
Oct 05, 2024 10:48:10 AM org.bsplines.ltexls.server.DocumentChecker checkAnnotatedTextFragment
FINE: Obtained 98 rule matches
Oct 05, 2024 10:48:19 AM org.bsplines.ltexls.server.DocumentChecker logTextToBeChecked
FINE: Checking the following text in language 'en-GB' via LanguageTool: "Title\n\nPRESENT\nPost akuma\n\nChat Noir finds Ladybug sitting on a roof alone (a month after last seein"... (truncated to 100 characters)
Oct 05, 2024 10:48:19 AM org.bsplines.ltexls.server.DocumentChecker checkAnnotatedTextFragment
FINE: Obtained 26 rule matches
Oct 05, 2024 10:48:30 AM org.bsplines.ltexls.server.DocumentChecker logTextToBeChecked
FINE: Checking the following text in language 'en-GB' via LanguageTool: "Title\n\nPRESENT\nPost akuma\n\nChat Noir finds Ladybug sitting on a roof alone (a month after last seein"... (truncated to 100 characters)
Oct 05, 2024 10:48:30 AM org.bsplines.ltexls.server.DocumentChecker checkAnnotatedTextFragment
FINE: Obtained 26 rule matches
Oct 05, 2024 10:48:30 AM org.bsplines.ltexls.server.DocumentChecker removeIgnoredMatches
FINE: Hiding false positive with rule 'PRP_MD_NN' and sentence 'Marinette takes the clipboard and detransforms to recharge Tikki with her macaroons, and to wait for Chat Noir to retransform, so he can cataclysm the clipboard.'
Oct 05, 2024 10:48:30 AM org.bsplines.ltexls.server.DocumentChecker removeIgnoredMatches
FINE: Hid 1 false positive
Oct 05, 2024 10:49:03 AM org.bsplines.ltexls.server.DocumentChecker logTextToBeChecked
FINE: Checking the following text in language 'en-GB' via LanguageTool: "Title\n\nPRESENT\nPost akuma\n\nChat Noir finds Ladybug sitting on a roof alone (a month after last seein"... (truncated to 100 characters)
Oct 05, 2024 10:49:03 AM org.bsplines.ltexls.server.DocumentChecker checkAnnotatedTextFragment
FINE: Obtained 22 rule matches
Oct 05, 2024 10:49:03 AM org.bsplines.ltexls.server.DocumentChecker removeIgnoredMatches
FINE: Hiding false positive with rule 'PRP_MD_NN' and sentence 'Marinette takes the clipboard and detransforms to recharge Tikki with her macaroons, and to wait for Chat Noir to retransform, so he can cataclysm the clipboard.'
Oct 05, 2024 10:49:03 AM org.bsplines.ltexls.server.DocumentChecker removeIgnoredMatches
FINE: Hid 1 false positive
Oct 05, 2024 10:49:03 AM org.bsplines.ltexls.server.DocumentChecker logTextToBeChecked
FINE: Checking the following text in language 'en-GB' via LanguageTool: "Title\n\nPRESENT\nPost akuma\n\nChat Noir finds Ladybug sitting on a roof alone (a month after last seein"... (truncated to 100 characters)
Oct 05, 2024 10:49:03 AM org.bsplines.ltexls.server.DocumentChecker checkAnnotatedTextFragment
FINE: Obtained 22 rule matches
Oct 05, 2024 10:49:03 AM org.bsplines.ltexls.server.DocumentChecker removeIgnoredMatches
FINE: Hiding false positive with rule 'PRP_MD_NN' and sentence 'Marinette takes the clipboard and detransforms to recharge Tikki with her macaroons, and to wait for Chat Noir to retransform, so he can cataclysm the clipboard.'
Oct 05, 2024 10:49:03 AM org.bsplines.ltexls.server.DocumentChecker removeIgnoredMatches
FINE: Hid 1 false positive
Oct 05, 2024 10:49:13 AM org.bsplines.ltexls.server.DocumentChecker logTextToBeChecked
FINE: Checking the following text in language 'en-GB' via LanguageTool: "Title\n\nPRESENT\nPost akuma\n\nChat Noir finds Ladybug sitting on a roof alone (a month after last seein"... (truncated to 100 characters)
Oct 05, 2024 10:49:13 AM org.bsplines.ltexls.server.DocumentChecker checkAnnotatedTextFragment
FINE: Obtained 21 rule matches
Oct 05, 2024 10:49:13 AM org.bsplines.ltexls.server.DocumentChecker removeIgnoredMatches
FINE: Hiding false positive with rule 'PRP_MD_NN' and sentence 'Marinette takes the clipboard and detransforms to recharge Tikki with her macaroons, and to wait for Chat Noir to retransform, so he can cataclysm the clipboard.'
Oct 05, 2024 10:49:13 AM org.bsplines.ltexls.server.DocumentChecker removeIgnoredMatches
FINE: Hid 1 false positive
Oct 05, 2024 10:49:20 AM org.bsplines.ltexls.server.DocumentChecker logTextToBeChecked
FINE: Checking the following text in language 'en-GB' via LanguageTool: "Title\n\nPRESENT\nPost akuma\n\nChat Noir finds Ladybug sitting on a roof alone (a month after last seein"... (truncated to 100 characters)
Oct 05, 2024 10:49:20 AM org.bsplines.ltexls.server.DocumentChecker checkAnnotatedTextFragment
FINE: Obtained 21 rule matches
Oct 05, 2024 10:49:20 AM org.bsplines.ltexls.server.DocumentChecker removeIgnoredMatches
FINE: Hiding false positive with rule 'PRP_MD_NN' and sentence 'Marinette takes the clipboard and detransforms to recharge Tikki with her macaroons, and to wait for Chat Noir to retransform, so he can cataclysm the clipboard.'
Oct 05, 2024 10:49:20 AM org.bsplines.ltexls.server.DocumentChecker removeIgnoredMatches
FINE: Hiding false positive with rule 'PRP_RB_NO_VB' and sentence 'She internally monologues about how this is a mission that she must complete alone and how they wouldn't want to talk to her anyway'
Oct 05, 2024 10:49:20 AM org.bsplines.ltexls.server.DocumentChecker removeIgnoredMatches
FINE: Hid 2 false positives
Oct 05, 2024 10:49:28 AM org.bsplines.ltexls.server.DocumentChecker logTextToBeChecked
FINE: Checking the following text in language 'en-GB' via LanguageTool: "Title\n\nPRESENT\nPost akuma\n\nChat Noir finds Ladybug sitting on a roof alone (a month after last seein"... (truncated to 100 characters)
Oct 05, 2024 10:49:28 AM org.bsplines.ltexls.server.DocumentChecker checkAnnotatedTextFragment
FINE: Obtained 17 rule matches
Oct 05, 2024 10:49:28 AM org.bsplines.ltexls.server.DocumentChecker removeIgnoredMatches
FINE: Hiding false positive with rule 'PRP_MD_NN' and sentence 'Marinette takes the clipboard and detransforms to recharge Tikki with her macaroons, and to wait for Chat Noir to retransform, so he can cataclysm the clipboard.'
Oct 05, 2024 10:49:28 AM org.bsplines.ltexls.server.DocumentChecker removeIgnoredMatches
FINE: Hiding false positive with rule 'PRP_RB_NO_VB' and sentence 'She internally monologues about how this is a mission that she must complete alone and how they wouldn't want to talk to her anyway'
Oct 05, 2024 10:49:28 AM org.bsplines.ltexls.server.DocumentChecker removeIgnoredMatches
FINE: Hid 2 false positives
Oct 05, 2024 10:49:33 AM org.bsplines.ltexls.server.DocumentChecker logTextToBeChecked
FINE: Checking the following text in language 'en-GB' via LanguageTool: "Title\n\nPRESENT\nPost akuma\n\nChat Noir finds Ladybug sitting on a roof alone (a month after last seein"... (truncated to 100 characters)
Oct 05, 2024 10:49:33 AM org.bsplines.ltexls.server.DocumentChecker checkAnnotatedTextFragment
FINE: Obtained 16 rule matches
Oct 05, 2024 10:49:33 AM org.bsplines.ltexls.server.DocumentChecker removeIgnoredMatches
FINE: Hiding false positive with rule 'PRP_MD_NN' and sentence 'Marinette takes the clipboard and detransforms to recharge Tikki with her macaroons, and to wait for Chat Noir to retransform, so he can cataclysm the clipboard.'
Oct 05, 2024 10:49:33 AM org.bsplines.ltexls.server.DocumentChecker removeIgnoredMatches
FINE: Hiding false positive with rule 'PRP_RB_NO_VB' and sentence 'She internally monologues about how this is a mission that she must complete alone and how they wouldn't want to talk to her anyway'
Oct 05, 2024 10:49:33 AM org.bsplines.ltexls.server.DocumentChecker removeIgnoredMatches
FINE: Hid 2 false positives
Oct 05, 2024 10:49:47 AM org.bsplines.ltexls.server.DocumentChecker logTextToBeChecked
FINE: Checking the following text in language 'en-GB' via LanguageTool: "Title\n\nPRESENT\nPost akuma\n\nChat Noir finds Ladybug sitting on a roof alone (a month after last seein"... (truncated to 100 characters)
Oct 05, 2024 10:49:47 AM org.bsplines.ltexls.server.DocumentChecker checkAnnotatedTextFragment
FINE: Obtained 10 rule matches
Oct 05, 2024 10:49:47 AM org.bsplines.ltexls.server.DocumentChecker removeIgnoredMatches
FINE: Hiding false positive with rule 'PRP_MD_NN' and sentence 'Marinette takes the clipboard and detransforms to recharge Tikki with her macaroons, and to wait for Chat Noir to retransform, so he can cataclysm the clipboard.'
Oct 05, 2024 10:49:47 AM org.bsplines.ltexls.server.DocumentChecker removeIgnoredMatches
FINE: Hiding false positive with rule 'PRP_RB_NO_VB' and sentence 'She internally monologues about how this is a mission that she must complete alone and how they wouldn't want to talk to her anyway'
Oct 05, 2024 10:49:47 AM org.bsplines.ltexls.server.DocumentChecker removeIgnoredMatches
FINE: Hid 2 false positives
Oct 05, 2024 10:50:01 AM org.bsplines.ltexls.server.DocumentChecker logTextToBeChecked
FINE: Checking the following text in language 'en-GB' via LanguageTool: "Title\n\nPRESENT\nPost akuma\n\nChat Noir finds Ladybug sitting on a roof alone (a month after last seein"... (truncated to 100 characters)
Oct 05, 2024 10:50:01 AM org.bsplines.ltexls.server.DocumentChecker checkAnnotatedTextFragment
FINE: Obtained 8 rule matches
Oct 05, 2024 10:50:01 AM org.bsplines.ltexls.server.DocumentChecker removeIgnoredMatches
FINE: Hiding false positive with rule 'PRP_MD_NN' and sentence 'Marinette takes the clipboard and detransforms to recharge Tikki with her macaroons, and to wait for Chat Noir to retransform, so he can cataclysm the clipboard.'
Oct 05, 2024 10:50:01 AM org.bsplines.ltexls.server.DocumentChecker removeIgnoredMatches
FINE: Hiding false positive with rule 'PRP_RB_NO_VB' and sentence 'She internally monologues about how this is a mission that she must complete alone and how they wouldn't want to talk to her anyway'
Oct 05, 2024 10:50:01 AM org.bsplines.ltexls.server.DocumentChecker removeIgnoredMatches
FINE: Hid 2 false positives
Oct 05, 2024 10:50:08 AM org.bsplines.ltexls.server.DocumentChecker logTextToBeChecked
FINE: Checking the following text in language 'en-GB' via LanguageTool: "Title\n\nPRESENT\nPost akuma\n\nChat Noir finds Ladybug sitting on a roof alone (a month after last seein"... (truncated to 100 characters)
Oct 05, 2024 10:50:08 AM org.bsplines.ltexls.server.DocumentChecker checkAnnotatedTextFragment
FINE: Obtained 7 rule matches
Oct 05, 2024 10:50:08 AM org.bsplines.ltexls.server.DocumentChecker removeIgnoredMatches
FINE: Hiding false positive with rule 'PRP_MD_NN' and sentence 'Marinette takes the clipboard and detransforms to recharge Tikki with her macaroons, and to wait for Chat Noir to retransform, so he can cataclysm the clipboard.'
Oct 05, 2024 10:50:08 AM org.bsplines.ltexls.server.DocumentChecker removeIgnoredMatches
FINE: Hiding false positive with rule 'PRP_RB_NO_VB' and sentence 'She internally monologues about how this is a mission that she must complete alone and how they wouldn't want to talk to her anyway'
Oct 05, 2024 10:50:08 AM org.bsplines.ltexls.server.DocumentChecker removeIgnoredMatches
FINE: Hid 2 false positives
Oct 05, 2024 10:50:12 AM org.bsplines.ltexls.server.DocumentChecker logTextToBeChecked
FINE: Checking the following text in language 'en-GB' via LanguageTool: "Title\n\nPRESENT\nPost akuma\n\nChat Noir finds Ladybug sitting on a roof alone (a month after last seein"... (truncated to 100 characters)
Oct 05, 2024 10:50:12 AM org.bsplines.ltexls.server.DocumentChecker checkAnnotatedTextFragment
FINE: Obtained 6 rule matches
Oct 05, 2024 10:50:12 AM org.bsplines.ltexls.server.DocumentChecker removeIgnoredMatches
FINE: Hiding false positive with rule 'PRP_MD_NN' and sentence 'Marinette takes the clipboard and detransforms to recharge Tikki with her macaroons, and to wait for Chat Noir to retransform, so he can cataclysm the clipboard.'
Oct 05, 2024 10:50:12 AM org.bsplines.ltexls.server.DocumentChecker removeIgnoredMatches
FINE: Hiding false positive with rule 'PRP_RB_NO_VB' and sentence 'She internally monologues about how this is a mission that she must complete alone and how they wouldn't want to talk to her anyway'
Oct 05, 2024 10:50:12 AM org.bsplines.ltexls.server.DocumentChecker removeIgnoredMatches
FINE: Hid 2 false positives
Oct 05, 2024 10:50:15 AM org.bsplines.ltexls.server.DocumentChecker logTextToBeChecked
FINE: Checking the following text in language 'en-GB' via LanguageTool: "Title\n\nPRESENT\nPost akuma\n\nChat Noir finds Ladybug sitting on a roof alone (a month after last seein"... (truncated to 100 characters)
Oct 05, 2024 10:50:15 AM org.bsplines.ltexls.server.DocumentChecker checkAnnotatedTextFragment
FINE: Obtained 5 rule matches
Oct 05, 2024 10:50:15 AM org.bsplines.ltexls.server.DocumentChecker removeIgnoredMatches
FINE: Hiding false positive with rule 'PRP_MD_NN' and sentence 'Marinette takes the clipboard and detransforms to recharge Tikki with her macaroons, and to wait for Chat Noir to retransform, so he can cataclysm the clipboard.'
Oct 05, 2024 10:50:15 AM org.bsplines.ltexls.server.DocumentChecker removeIgnoredMatches
FINE: Hiding false positive with rule 'PRP_RB_NO_VB' and sentence 'She internally monologues about how this is a mission that she must complete alone and how they wouldn't want to talk to her anyway'
Oct 05, 2024 10:50:15 AM org.bsplines.ltexls.server.DocumentChecker removeIgnoredMatches
FINE: Hid 2 false positives
Oct 05, 2024 10:50:23 AM org.bsplines.ltexls.server.DocumentChecker logTextToBeChecked
FINE: Checking the following text in language 'en-GB' via LanguageTool: "Title\n\nPRESENT\nPost akuma\n\nChat Noir finds Ladybug sitting on a roof alone (a month after last seein"... (truncated to 100 characters)
Oct 05, 2024 10:50:23 AM org.bsplines.ltexls.server.DocumentChecker checkAnnotatedTextFragment
FINE: Obtained 5 rule matches
Oct 05, 2024 10:50:23 AM org.bsplines.ltexls.server.DocumentChecker removeIgnoredMatches
FINE: Hiding false positive with rule 'PRP_MD_NN' and sentence 'Marinette takes the clipboard and detransforms to recharge Tikki with her macaroons, and to wait for Chat Noir to retransform, so he can cataclysm the clipboard.'
Oct 05, 2024 10:50:23 AM org.bsplines.ltexls.server.DocumentChecker removeIgnoredMatches
FINE: Hiding false positive with rule 'PRP_RB_NO_VB' and sentence 'She internally monologues about how this is a mission that she must complete alone and how they wouldn't want to talk to her anyway'
Oct 05, 2024 10:50:23 AM org.bsplines.ltexls.server.DocumentChecker removeIgnoredMatches
FINE: Hiding false positive with rule 'ARTICLE_ADJECTIVE_OF' and sentence 'She explains that she has come up with a plan, that she insists that for their own safety, that she uses the miraculous of the Rooster to give one of them the ability to erase specific memories someone has, to erase any memory Gabriel has of their identities.'
Oct 05, 2024 10:50:23 AM org.bsplines.ltexls.server.DocumentChecker removeIgnoredMatches
FINE: Hid 3 false positives
Oct 05, 2024 10:50:26 AM org.bsplines.ltexls.server.DocumentChecker logTextToBeChecked
FINE: Checking the following text in language 'en-GB' via LanguageTool: "Title\n\nPRESENT\nPost akuma\n\nChat Noir finds Ladybug sitting on a roof alone (a month after last seein"... (truncated to 100 characters)
Oct 05, 2024 10:50:26 AM org.bsplines.ltexls.server.DocumentChecker checkAnnotatedTextFragment
FINE: Obtained 4 rule matches
Oct 05, 2024 10:50:26 AM org.bsplines.ltexls.server.DocumentChecker removeIgnoredMatches
FINE: Hiding false positive with rule 'PRP_MD_NN' and sentence 'Marinette takes the clipboard and detransforms to recharge Tikki with her macaroons, and to wait for Chat Noir to retransform, so he can cataclysm the clipboard.'
Oct 05, 2024 10:50:26 AM org.bsplines.ltexls.server.DocumentChecker removeIgnoredMatches
FINE: Hiding false positive with rule 'PRP_RB_NO_VB' and sentence 'She internally monologues about how this is a mission that she must complete alone and how they wouldn't want to talk to her anyway'
Oct 05, 2024 10:50:26 AM org.bsplines.ltexls.server.DocumentChecker removeIgnoredMatches
FINE: Hiding false positive with rule 'ARTICLE_ADJECTIVE_OF' and sentence 'She explains that she has come up with a plan, that she insists that for their own safety, that she uses the miraculous of the Rooster to give one of them the ability to erase specific memories someone has, to erase any memory Gabriel has of their identities.'
Oct 05, 2024 10:50:26 AM org.bsplines.ltexls.server.DocumentChecker removeIgnoredMatches
FINE: Hid 3 false positives
Oct 05, 2024 10:50:34 AM org.bsplines.ltexls.server.DocumentChecker logTextToBeChecked
FINE: Checking the following text in language 'en-GB' via LanguageTool: "Title\n\nPRESENT\nPost akuma\n\nChat Noir finds Ladybug sitting on a roof alone (a month after last seein"... (truncated to 100 characters)
Oct 05, 2024 10:50:34 AM org.bsplines.ltexls.server.DocumentChecker checkAnnotatedTextFragment
FINE: Obtained 3 rule matches
Oct 05, 2024 10:50:34 AM org.bsplines.ltexls.server.DocumentChecker removeIgnoredMatches
FINE: Hiding false positive with rule 'PRP_MD_NN' and sentence 'Marinette takes the clipboard and detransforms to recharge Tikki with her macaroons, and to wait for Chat Noir to retransform, so he can cataclysm the clipboard.'
Oct 05, 2024 10:50:34 AM org.bsplines.ltexls.server.DocumentChecker removeIgnoredMatches
FINE: Hiding false positive with rule 'PRP_RB_NO_VB' and sentence 'She internally monologues about how this is a mission that she must complete alone and how they wouldn't want to talk to her anyway'
Oct 05, 2024 10:50:34 AM org.bsplines.ltexls.server.DocumentChecker removeIgnoredMatches
FINE: Hiding false positive with rule 'ARTICLE_ADJECTIVE_OF' and sentence 'She explains that she has come up with a plan, that she insists that for their own safety, that she uses the miraculous of the Rooster to give one of them the ability to erase specific memories someone has, to erase any memory Gabriel has of their identities.'
Oct 05, 2024 10:50:34 AM org.bsplines.ltexls.server.DocumentChecker removeIgnoredMatches
FINE: Hid 3 false positives
