2024-11-13 19:04:18.844 [info] Extension host with pid 23192 started
2024-11-13 19:04:18.844 [info] Skipping acquiring lock for /home/poseidon/.config/Code/User/workspaceStorage/9f849562eaebca85ea9b189f07f287a0.
2024-11-13 19:04:18.908 [info] ExtensionService#_doActivateExtension vscode.emmet, startup: false, activationEvent: 'onLanguage'
2024-11-13 19:04:18.918 [info] ExtensionService#_doActivateExtension ms-python.python, startup: false, activationEvent: 'onLanguage:python', root cause: ms-python.debugpy
2024-11-13 19:04:19.064 [warning] [ms-python.python] Accessing a window scoped configuration for a resource is not expected. To associate 'python.languageServer' to a resource, define its scope to 'resource' in configuration contributions in 'package.json'.
2024-11-13 19:04:19.065 [warning] [ms-python.python] Accessing a window scoped configuration for a resource is not expected. To associate 'python.languageServer' to a resource, define its scope to 'resource' in configuration contributions in 'package.json'.
2024-11-13 19:04:19.067 [warning] [ms-python.python] Accessing a resource scoped configuration without providing a resource is not expected. To get the effective value for 'python.terminal.shellIntegration.enabled', provide the URI of a resource or 'null' for any resource.
2024-11-13 19:04:19.068 [warning] [ms-python.python] Accessing a window scoped configuration for a resource is not expected. To associate 'python.languageServer' to a resource, define its scope to 'resource' in configuration contributions in 'package.json'.
2024-11-13 19:04:19.092 [warning] [ms-python.python] Accessing a resource scoped configuration without providing a resource is not expected. To get the effective value for 'python.envFile', provide the URI of a resource or 'null' for any resource.
2024-11-13 19:04:19.097 [info] ExtensionService#_doActivateExtension ms-python.debugpy, startup: false, activationEvent: 'onLanguage:python'
2024-11-13 19:04:19.134 [info] ExtensionService#_doActivateExtension ms-python.vscode-pylance, startup: false, activationEvent: 'onLanguage:python'
2024-11-13 19:04:19.300 [warning] [ms-python.python] Accessing a window scoped configuration for a resource is not expected. To associate 'python.languageServer' to a resource, define its scope to 'resource' in configuration contributions in 'package.json'.
2024-11-13 19:04:19.300 [warning] [ms-python.python] Accessing a window scoped configuration for a resource is not expected. To associate 'python.languageServer' to a resource, define its scope to 'resource' in configuration contributions in 'package.json'.
2024-11-13 19:04:19.300 [warning] [ms-python.python] Accessing a window scoped configuration for a resource is not expected. To associate 'python.languageServer' to a resource, define its scope to 'resource' in configuration contributions in 'package.json'.
2024-11-13 19:04:19.302 [warning] [ms-python.debugpy] Accessing a resource scoped configuration without providing a resource is not expected. To get the effective value for 'debugpy.showPythonInlineValues', provide the URI of a resource or 'null' for any resource.
2024-11-13 19:04:19.325 [info] ExtensionService#_doActivateExtension vscode.git-base, startup: true, activationEvent: '*', root cause: vscode.git
2024-11-13 19:04:19.335 [info] ExtensionService#_doActivateExtension vscode.git, startup: true, activationEvent: '*'
2024-11-13 19:04:19.363 [info] ExtensionService#_doActivateExtension vscode.github, startup: true, activationEvent: '*'
2024-11-13 19:04:19.395 [warning] [vscode.git] Accessing a resource scoped configuration without providing a resource is not expected. To get the effective value for 'git.openRepositoryInParentFolders', provide the URI of a resource or 'null' for any resource.
2024-11-13 19:04:19.395 [warning] [vscode.git] Accessing a resource scoped configuration without providing a resource is not expected. To get the effective value for 'git.showProgress', provide the URI of a resource or 'null' for any resource.
2024-11-13 19:04:19.400 [info] Eager extensions activated
2024-11-13 19:04:19.407 [info] ExtensionService#_doActivateExtension vscode.debug-auto-launch, startup: false, activationEvent: 'onStartupFinished'
2024-11-13 19:04:19.408 [info] ExtensionService#_doActivateExtension vscode.merge-conflict, startup: false, activationEvent: 'onStartupFinished'
2024-11-13 19:04:19.676 [warning] Accessing a resource scoped configuration without providing a resource is not expected. To get the effective value for 'files.watcherExclude', provide the URI of a resource or 'null' for any resource.
2024-11-13 19:04:35.473 [info] Extension host terminating: renderer closed the MessagePort
2024-11-13 19:04:35.482 [info] Extension host with pid 23192 exiting with code 0
2024-11-13 19:04:35.912 [info] Extension host with pid 23724 started
2024-11-13 19:04:35.912 [info] Skipping acquiring lock for /home/poseidon/.config/Code/User/workspaceStorage/9bc4d3a89cf71ba5d17c647b76d8a01c.
2024-11-13 19:04:35.943 [info] ExtensionService#_doActivateExtension vscode.emmet, startup: false, activationEvent: 'onLanguage'
2024-11-13 19:04:35.956 [info] ExtensionService#_doActivateExtension ms-python.python, startup: false, activationEvent: 'onLanguage:python', root cause: ms-python.debugpy
2024-11-13 19:04:36.096 [warning] [ms-python.python] Accessing a window scoped configuration for a resource is not expected. To associate 'python.languageServer' to a resource, define its scope to 'resource' in configuration contributions in 'package.json'.
2024-11-13 19:04:36.096 [warning] [ms-python.python] Accessing a window scoped configuration for a resource is not expected. To associate 'python.languageServer' to a resource, define its scope to 'resource' in configuration contributions in 'package.json'.
2024-11-13 19:04:36.098 [warning] [ms-python.python] Accessing a resource scoped configuration without providing a resource is not expected. To get the effective value for 'python.terminal.shellIntegration.enabled', provide the URI of a resource or 'null' for any resource.
2024-11-13 19:04:36.099 [warning] [ms-python.python] Accessing a window scoped configuration for a resource is not expected. To associate 'python.languageServer' to a resource, define its scope to 'resource' in configuration contributions in 'package.json'.
2024-11-13 19:04:36.115 [warning] [ms-python.python] Accessing a resource scoped configuration without providing a resource is not expected. To get the effective value for 'python.envFile', provide the URI of a resource or 'null' for any resource.
2024-11-13 19:04:36.116 [info] ExtensionService#_doActivateExtension ms-python.debugpy, startup: false, activationEvent: 'onLanguage:python'
2024-11-13 19:04:36.139 [info] ExtensionService#_doActivateExtension ms-python.vscode-pylance, startup: false, activationEvent: 'onLanguage:python'
2024-11-13 19:04:36.289 [warning] [ms-python.debugpy] Accessing a resource scoped configuration without providing a resource is not expected. To get the effective value for 'debugpy.showPythonInlineValues', provide the URI of a resource or 'null' for any resource.
2024-11-13 19:04:36.298 [warning] [ms-python.python] Accessing a window scoped configuration for a resource is not expected. To associate 'python.languageServer' to a resource, define its scope to 'resource' in configuration contributions in 'package.json'.
2024-11-13 19:04:36.298 [warning] [ms-python.python] Accessing a window scoped configuration for a resource is not expected. To associate 'python.languageServer' to a resource, define its scope to 'resource' in configuration contributions in 'package.json'.
2024-11-13 19:04:36.299 [warning] [ms-python.python] Accessing a window scoped configuration for a resource is not expected. To associate 'python.languageServer' to a resource, define its scope to 'resource' in configuration contributions in 'package.json'.
2024-11-13 19:04:36.323 [info] ExtensionService#_doActivateExtension vscode.git-base, startup: true, activationEvent: '*', root cause: vscode.git
2024-11-13 19:04:36.325 [info] ExtensionService#_doActivateExtension vscode.git, startup: true, activationEvent: '*'
2024-11-13 19:04:36.352 [info] ExtensionService#_doActivateExtension vscode.github, startup: true, activationEvent: '*'
2024-11-13 19:04:36.386 [warning] [vscode.git] Accessing a resource scoped configuration without providing a resource is not expected. To get the effective value for 'git.openRepositoryInParentFolders', provide the URI of a resource or 'null' for any resource.
2024-11-13 19:04:36.386 [warning] [vscode.git] Accessing a resource scoped configuration without providing a resource is not expected. To get the effective value for 'git.showProgress', provide the URI of a resource or 'null' for any resource.
2024-11-13 19:04:36.391 [info] Eager extensions activated
2024-11-13 19:04:36.399 [info] ExtensionService#_doActivateExtension vscode.debug-auto-launch, startup: false, activationEvent: 'onStartupFinished'
2024-11-13 19:04:36.400 [info] ExtensionService#_doActivateExtension vscode.merge-conflict, startup: false, activationEvent: 'onStartupFinished'
2024-11-13 19:04:36.663 [warning] Accessing a resource scoped configuration without providing a resource is not expected. To get the effective value for 'files.watcherExclude', provide the URI of a resource or 'null' for any resource.
2024-11-13 21:17:14.789 [info] Extension host terminating: renderer closed the MessagePort
2024-11-13 21:17:14.799 [error] Canceled: Canceled
	at new tT (file:///opt/visual-studio-code/resources/app/out/vs/workbench/api/node/extensionHostProcess.js:31:108738)
	at py.U (file:///opt/visual-studio-code/resources/app/out/vs/workbench/api/node/extensionHostProcess.js:31:113348)
	at s.<computed>.n.charCodeAt.s.<computed> (file:///opt/visual-studio-code/resources/app/out/vs/workbench/api/node/extensionHostProcess.js:31:110842)
	at Y0.g (file:///opt/visual-studio-code/resources/app/out/vs/workbench/api/node/extensionHostProcess.js:114:32313)
	at Y0.executeCommand (file:///opt/visual-studio-code/resources/app/out/vs/workbench/api/node/extensionHostProcess.js:114:31817)
	at r.registerCommand.description (file:///opt/visual-studio-code/resources/app/out/vs/workbench/api/node/extensionHostProcess.js:114:31147)
	at Y0.h (file:///opt/visual-studio-code/resources/app/out/vs/workbench/api/node/extensionHostProcess.js:114:32833)
	at Y0.g (file:///opt/visual-studio-code/resources/app/out/vs/workbench/api/node/extensionHostProcess.js:114:31910)
	at Y0.executeCommand (file:///opt/visual-studio-code/resources/app/out/vs/workbench/api/node/extensionHostProcess.js:114:31817)
	at Object.executeCommand (file:///opt/visual-studio-code/resources/app/out/vs/workbench/api/node/extensionHostProcess.js:156:37246)
	at mh.O [as value] (/opt/visual-studio-code/resources/app/extensions/git/dist/main.js:2:961845)
	at D.B (file:///opt/visual-studio-code/resources/app/out/vs/workbench/api/node/extensionHostProcess.js:29:746)
	at D.C (file:///opt/visual-studio-code/resources/app/out/vs/workbench/api/node/extensionHostProcess.js:29:816)
	at D.fire (file:///opt/visual-studio-code/resources/app/out/vs/workbench/api/node/extensionHostProcess.js:29:1033)
	at Object.p [as dispose] (/opt/visual-studio-code/resources/app/extensions/git/dist/main.js:2:983333)
	at /opt/visual-studio-code/resources/app/extensions/git/dist/main.js:2:989455
	at Array.forEach (<anonymous>)
	at b.dispose (/opt/visual-studio-code/resources/app/extensions/git/dist/main.js:2:989441)
	at V1.<anonymous> (file:///opt/visual-studio-code/resources/app/out/vs/workbench/api/node/extensionHostProcess.js:108:19994)
	at V1.dispose (file:///opt/visual-studio-code/resources/app/out/vs/workbench/api/node/extensionHostProcess.js:108:20090)
	at V1.<anonymous> (/opt/visual-studio-code/resources/app/extensions/git/dist/main.js:2:964255)
	at V1.dispose (file:///opt/visual-studio-code/resources/app/out/vs/workbench/api/node/extensionHostProcess.js:108:20090)
	at ci (file:///opt/visual-studio-code/resources/app/out/vs/workbench/api/node/extensionHostProcess.js:24:699)
	at file:///opt/visual-studio-code/resources/app/out/vs/workbench/api/node/extensionHostProcess.js:118:14992
	at file:///opt/visual-studio-code/resources/app/out/vs/workbench/api/node/extensionHostProcess.js:24:1009
	at Object.dispose (file:///opt/visual-studio-code/resources/app/out/vs/workbench/api/node/extensionHostProcess.js:7:2146)
	at z_.eb (file:///opt/visual-studio-code/resources/app/out/vs/workbench/api/node/extensionHostProcess.js:118:11919)
	at file:///opt/visual-studio-code/resources/app/out/vs/workbench/api/node/extensionHostProcess.js:118:9874
	at Array.map (<anonymous>)
	at z_.$ (file:///opt/visual-studio-code/resources/app/out/vs/workbench/api/node/extensionHostProcess.js:118:9862)
	at z_.terminate (file:///opt/visual-studio-code/resources/app/out/vs/workbench/api/node/extensionHostProcess.js:118:10105)
	at EC.terminate (file:///opt/visual-studio-code/resources/app/out/vs/workbench/api/node/extensionHostProcess.js:119:1424)
	at Zi (file:///opt/visual-studio-code/resources/app/out/vs/workbench/api/node/extensionHostProcess.js:174:15063)
	at MessagePortMain.<anonymous> (file:///opt/visual-studio-code/resources/app/out/vs/workbench/api/node/extensionHostProcess.js:174:11611)
	at MessagePortMain.emit (node:events:519:28)
	at MessagePortMain._internalPort.emit (node:electron/js2c/utility_init:2:2949) setContext undefined
2024-11-13 21:17:14.800 [error] Canceled: Canceled
	at new tT (file:///opt/visual-studio-code/resources/app/out/vs/workbench/api/node/extensionHostProcess.js:31:108738)
	at py.U (file:///opt/visual-studio-code/resources/app/out/vs/workbench/api/node/extensionHostProcess.js:31:113348)
	at s.<computed>.n.charCodeAt.s.<computed> (file:///opt/visual-studio-code/resources/app/out/vs/workbench/api/node/extensionHostProcess.js:31:110842)
	at Y0.g (file:///opt/visual-studio-code/resources/app/out/vs/workbench/api/node/extensionHostProcess.js:114:32313)
	at Y0.executeCommand (file:///opt/visual-studio-code/resources/app/out/vs/workbench/api/node/extensionHostProcess.js:114:31817)
	at r.registerCommand.description (file:///opt/visual-studio-code/resources/app/out/vs/workbench/api/node/extensionHostProcess.js:114:31147)
	at Y0.h (file:///opt/visual-studio-code/resources/app/out/vs/workbench/api/node/extensionHostProcess.js:114:32833)
	at Y0.g (file:///opt/visual-studio-code/resources/app/out/vs/workbench/api/node/extensionHostProcess.js:114:31910)
	at Y0.executeCommand (file:///opt/visual-studio-code/resources/app/out/vs/workbench/api/node/extensionHostProcess.js:114:31817)
	at Object.executeCommand (file:///opt/visual-studio-code/resources/app/out/vs/workbench/api/node/extensionHostProcess.js:156:37246)
	at set hasGitHubRepositories (/opt/visual-studio-code/resources/app/extensions/github/dist/extension.js:2:328633)
	at /opt/visual-studio-code/resources/app/extensions/github/dist/extension.js:2:329592
	at mh.value (/opt/visual-studio-code/resources/app/extensions/git/dist/main.js:2:1073936)
	at D.B (file:///opt/visual-studio-code/resources/app/out/vs/workbench/api/node/extensionHostProcess.js:29:746)
	at D.C (file:///opt/visual-studio-code/resources/app/out/vs/workbench/api/node/extensionHostProcess.js:29:816)
	at D.fire (file:///opt/visual-studio-code/resources/app/out/vs/workbench/api/node/extensionHostProcess.js:29:1033)
	at Object.p [as dispose] (/opt/visual-studio-code/resources/app/extensions/git/dist/main.js:2:983333)
	at /opt/visual-studio-code/resources/app/extensions/git/dist/main.js:2:989455
	at Array.forEach (<anonymous>)
	at b.dispose (/opt/visual-studio-code/resources/app/extensions/git/dist/main.js:2:989441)
	at V1.<anonymous> (file:///opt/visual-studio-code/resources/app/out/vs/workbench/api/node/extensionHostProcess.js:108:19994)
	at V1.dispose (file:///opt/visual-studio-code/resources/app/out/vs/workbench/api/node/extensionHostProcess.js:108:20090)
	at V1.<anonymous> (/opt/visual-studio-code/resources/app/extensions/git/dist/main.js:2:964255)
	at V1.dispose (file:///opt/visual-studio-code/resources/app/out/vs/workbench/api/node/extensionHostProcess.js:108:20090)
	at ci (file:///opt/visual-studio-code/resources/app/out/vs/workbench/api/node/extensionHostProcess.js:24:699)
	at file:///opt/visual-studio-code/resources/app/out/vs/workbench/api/node/extensionHostProcess.js:118:14992
	at file:///opt/visual-studio-code/resources/app/out/vs/workbench/api/node/extensionHostProcess.js:24:1009
	at Object.dispose (file:///opt/visual-studio-code/resources/app/out/vs/workbench/api/node/extensionHostProcess.js:7:2146)
	at z_.eb (file:///opt/visual-studio-code/resources/app/out/vs/workbench/api/node/extensionHostProcess.js:118:11919)
	at file:///opt/visual-studio-code/resources/app/out/vs/workbench/api/node/extensionHostProcess.js:118:9874
	at Array.map (<anonymous>)
	at z_.$ (file:///opt/visual-studio-code/resources/app/out/vs/workbench/api/node/extensionHostProcess.js:118:9862)
	at z_.terminate (file:///opt/visual-studio-code/resources/app/out/vs/workbench/api/node/extensionHostProcess.js:118:10105)
	at EC.terminate (file:///opt/visual-studio-code/resources/app/out/vs/workbench/api/node/extensionHostProcess.js:119:1424)
	at Zi (file:///opt/visual-studio-code/resources/app/out/vs/workbench/api/node/extensionHostProcess.js:174:15063)
	at MessagePortMain.<anonymous> (file:///opt/visual-studio-code/resources/app/out/vs/workbench/api/node/extensionHostProcess.js:174:11611)
	at MessagePortMain.emit (node:events:519:28)
	at MessagePortMain._internalPort.emit (node:electron/js2c/utility_init:2:2949) setContext undefined
2024-11-13 21:17:14.801 [info] Extension host with pid 23724 exiting with code 0
