[2024:09:23:14:20:13]: Info: Sunshine version: 0.23.1
[2024:09:23:14:20:13]: Info: Found display [wayland-1]
[2024:09:23:14:20:13]: Info: Found interface: zxdg_output_manager_v1(9) version 3
[2024:09:23:14:20:13]: Info: Found interface: wl_output(48) version 4
[2024:09:23:14:20:13]: Warning: Missing Wayland wire for wlr-export-dmabuf
[2024:09:23:14:20:13]: Info: /dev/dri/card0 -> nvidia-drm
[2024:09:23:14:20:13]: Info: Found display [wayland-1]
[2024:09:23:14:20:13]: Info: Found display [wayland-1]
[2024:09:23:14:20:13]: Info: Found interface: zxdg_output_manager_v1(9) version 3
[2024:09:23:14:20:13]: Info: Found interface: wl_output(48) version 4
[2024:09:23:14:20:13]: Info: Resolution: 2560x1440
[2024:09:23:14:20:13]: Info: Name: DP-1
[2024:09:23:14:20:13]: Info: Found monitor: AOC AG275QX VXJP7JA000427 (DP-1)
[2024:09:23:14:20:13]: Info: Offset: 0x0
[2024:09:23:14:20:13]: Info: Logical size: 2560x1440
[2024:09:23:14:20:13]: Info: -------- Start of KMS monitor list --------
[2024:09:23:14:20:13]: Info: Monitor 0 is DP-1: AOC AG275QX VXJP7JA000427 (DP-1)
[2024:09:23:14:20:13]: Info: --------- End of KMS monitor list ---------
[2024:09:23:14:20:13]: Info: // Testing for available encoders, this may generate errors. You can safely ignore those errors. //
[2024:09:23:14:20:13]: Info: Trying encoder [nvenc]
[2024:09:23:14:20:13]: Info: Screencasting with KMS
[2024:09:23:14:20:13]: Info: /dev/dri/card0 -> nvidia-drm
[2024:09:23:14:20:13]: Info: Found monitor for DRM screencasting
[2024:09:23:14:20:13]: Info: Found connector ID [92]
[2024:09:23:14:20:13]: Info: Found cursor plane [39]
[2024:09:23:14:20:13]: Warning: Attempting to use NVENC without CUDA support. Reverting back to GPU -> RAM -> GPU
[2024:09:23:14:20:13]: Info: /dev/dri/card0 -> nvidia-drm
[2024:09:23:14:20:13]: Info: Found monitor for DRM screencasting
[2024:09:23:14:20:13]: Info: Found connector ID [92]
[2024:09:23:14:20:13]: Info: Found cursor plane [39]
[2024:09:23:14:20:13]: Info: System tray created
[2024:09:23:14:20:13]: Info: SDR color coding [Rec. 601]
[2024:09:23:14:20:13]: Info: Color depth: 8-bit
[2024:09:23:14:20:13]: Info: Color range: [JPEG]
[2024:09:23:14:20:13]: Info: SDR color coding [Rec. 601]
[2024:09:23:14:20:13]: Info: Color depth: 8-bit
[2024:09:23:14:20:13]: Info: Color range: [JPEG]
[2024:09:23:14:20:14]: Info: SDR color coding [Rec. 601]
[2024:09:23:14:20:14]: Info: Color depth: 8-bit
[2024:09:23:14:20:14]: Info: Color range: [JPEG]
[2024:09:23:14:20:14]: Info: Screencasting with KMS
[2024:09:23:14:20:14]: Info: /dev/dri/card0 -> nvidia-drm
[2024:09:23:14:20:14]: Info: Found monitor for DRM screencasting
[2024:09:23:14:20:14]: Info: Found connector ID [92]
[2024:09:23:14:20:14]: Info: Found cursor plane [39]
[2024:09:23:14:20:14]: Warning: Attempting to use NVENC without CUDA support. Reverting back to GPU -> RAM -> GPU
[2024:09:23:14:20:14]: Info: /dev/dri/card0 -> nvidia-drm
[2024:09:23:14:20:14]: Info: Found monitor for DRM screencasting
[2024:09:23:14:20:14]: Info: Found connector ID [92]
[2024:09:23:14:20:14]: Info: Found cursor plane [39]
[2024:09:23:14:20:14]: Info: SDR color coding [Rec. 709]
[2024:09:23:14:20:14]: Info: Color depth: 10-bit
[2024:09:23:14:20:14]: Info: Color range: [JPEG]
[2024:09:23:14:20:15]: Info: SDR color coding [Rec. 709]
[2024:09:23:14:20:15]: Info: Color depth: 10-bit
[2024:09:23:14:20:15]: Info: Color range: [JPEG]
[2024:09:23:14:20:15]: Info: Opening UI from system tray
[2024:09:23:14:20:15]: Info: Opened url [https://localhost:47990]
[2024:09:23:14:20:15]: Info: 
[2024:09:23:14:20:15]: Info: // Ignore any errors mentioned above, they are not relevant. //
[2024:09:23:14:20:15]: Info: 
[2024:09:23:14:20:15]: Info: Found H.264 encoder: h264_nvenc [nvenc]
[2024:09:23:14:20:15]: Info: Found HEVC encoder: hevc_nvenc [nvenc]
[2024:09:23:14:20:15]: Info: Found AV1 encoder: av1_nvenc [nvenc]
[2024:09:23:14:20:15]: Info: Open the Web UI to set your new username and password and getting started
[2024:09:23:14:20:15]: Fatal: Couldn't bind RTSP server to port [48010], Address already in use
[2024:09:23:14:20:15]: Info: File /home/poseidon/.config/sunshine/sunshine_state.json doesn't exist
[2024:09:23:14:20:15]: Error: Failed to create client: Daemon not running
