2024-10-21T21:58:27.355Z 0: 

----------------------------------------------
2024-10-21T21:58:27.365Z 1: Discord starting: {"releaseChannel":"stable","version":"0.0.72"}, modulepath: /home/poseidon/.config/discord/0.0.72/modules
2024-10-21T21:58:27.377Z 2: ✅ webContents.created web1 ""
2024-10-21T21:58:27.380Z 3: ✅ window.created win1 "discord"
2024-10-21T21:58:27.619Z 4: ✅ webContents.did-finish-load web1
2024-10-21T21:58:32.218Z 5: ✅ webContents.created web2 ""
2024-10-21T21:58:32.220Z 6: ✅ window.created win2 "Discord"
2024-10-21T21:58:33.039Z 7: ✅ webContents.did-finish-load web2
2024-10-21T21:58:33.140Z 8: window.close win1
2024-10-21T21:58:33.201Z 9: webContents.destroyed web1
2024-10-21T21:58:33.203Z 10: window.closed win1
2024-10-21T21:58:33.916Z 11: ✅ webContents.did-finish-load web2
2024-10-21T21:58:36.375Z 12: window.close win2
2024-10-21T21:58:36.388Z 13: before-quit
2024-10-22T17:24:56.998Z 0: 

----------------------------------------------
2024-10-22T17:24:57.003Z 1: Discord starting: {"releaseChannel":"stable","version":"0.0.72"}, modulepath: /home/poseidon/.config/discord/0.0.72/modules
2024-10-22T17:24:57.005Z 2: ✅ webContents.created web1 ""
2024-10-22T17:24:57.006Z 3: ✅ window.created win1 "discord"
2024-10-22T17:24:57.336Z 4: ✅ webContents.did-finish-load web1
2024-10-22T17:24:57.668Z 5: ✅ webContents.created web2 ""
2024-10-22T17:24:57.671Z 6: ✅ window.created win2 "Discord"
2024-10-22T17:24:58.461Z 7: ✅ webContents.did-finish-load web2
2024-10-22T17:24:58.562Z 8: window.close win1
2024-10-22T17:24:58.567Z 9: webContents.destroyed web1
2024-10-22T17:24:58.569Z 10: window.closed win1
2024-10-22T17:25:01.147Z 11: window.close win2
2024-10-22T17:25:01.158Z 12: before-quit
2024-10-22T17:25:01.166Z 13: window.close win2
2024-10-22T17:26:20.058Z 0: 

----------------------------------------------
2024-10-22T17:26:20.062Z 1: Discord starting: {"releaseChannel":"stable","version":"0.0.72"}, modulepath: /home/poseidon/.config/discord/0.0.72/modules
2024-10-22T17:26:20.065Z 2: ✅ webContents.created web1 ""
2024-10-22T17:26:20.066Z 3: ✅ window.created win1 "discord"
2024-10-22T17:26:20.407Z 4: ✅ webContents.did-finish-load web1
2024-10-22T17:26:20.800Z 5: ✅ webContents.created web2 ""
2024-10-22T17:26:20.806Z 6: ✅ window.created win2 "Discord"
2024-10-22T17:26:21.558Z 7: ✅ webContents.did-finish-load web2
2024-10-22T17:26:21.659Z 8: window.close win1
2024-10-22T17:26:21.662Z 9: webContents.destroyed web1
2024-10-22T17:26:21.664Z 10: window.closed win1
2024-10-22T17:26:23.897Z 11: window.close win2
2024-10-22T17:26:23.908Z 12: before-quit
2024-10-22T17:26:23.912Z 13: window.close win2
2024-10-22T17:26:23.942Z 14: webContents.destroyed web2
2024-10-22T17:26:39.385Z 0: 

----------------------------------------------
2024-10-22T17:26:39.389Z 1: Discord starting: {"releaseChannel":"stable","version":"0.0.72"}, modulepath: /home/poseidon/.config/discord/0.0.72/modules
2024-10-22T17:26:39.392Z 2: ✅ webContents.created web1 ""
2024-10-22T17:26:39.394Z 3: ✅ window.created win1 "discord"
2024-10-22T17:26:39.685Z 4: ✅ webContents.did-finish-load web1
2024-10-22T17:26:40.024Z 5: ✅ webContents.created web2 ""
2024-10-22T17:26:40.029Z 6: ✅ window.created win2 "Discord"
2024-10-22T17:26:40.772Z 7: ✅ webContents.did-finish-load web2
2024-10-22T17:26:40.873Z 8: window.close win1
2024-10-22T17:26:40.876Z 9: webContents.destroyed web1
2024-10-22T17:26:40.877Z 10: window.closed win1
2024-10-22T17:26:48.107Z 11: window.close win2
2024-10-22T17:26:48.117Z 12: before-quit
2024-10-22T17:26:48.120Z 13: window.close win2
2024-10-22T17:26:48.126Z 14: webContents.destroyed web2
2024-10-22T17:32:33.368Z 0: 

----------------------------------------------
2024-10-22T17:32:33.372Z 1: Discord starting: {"releaseChannel":"stable","version":"0.0.72"}, modulepath: /home/poseidon/.config/discord/0.0.72/modules
2024-10-22T17:32:33.374Z 2: ✅ webContents.created web1 ""
2024-10-22T17:32:33.375Z 3: ✅ window.created win1 "discord"
2024-10-22T17:32:33.687Z 4: ✅ webContents.did-finish-load web1
2024-10-22T17:32:34.055Z 5: ✅ webContents.created web2 ""
2024-10-22T17:32:34.061Z 6: ✅ window.created win2 "Discord"
2024-10-22T17:32:34.814Z 7: ✅ webContents.did-finish-load web2
2024-10-22T17:32:34.916Z 8: window.close win1
2024-10-22T17:32:34.926Z 9: webContents.destroyed web1
2024-10-22T17:32:34.928Z 10: window.closed win1
2024-10-22T17:32:47.072Z 11: window.close win2
2024-10-22T17:32:47.082Z 12: before-quit
2024-10-22T17:32:47.087Z 13: window.close win2
2024-10-22T17:32:47.099Z 14: webContents.destroyed web2
2024-11-02T18:21:18.077Z 0: 

----------------------------------------------
2024-11-02T18:21:18.084Z 1: Discord starting: {"releaseChannel":"stable","version":"0.0.72"}, modulepath: /home/poseidon/.config/discord/0.0.72/modules
2024-11-02T18:21:18.089Z 2: ✅ webContents.created web1 ""
2024-11-02T18:21:18.090Z 3: ✅ window.created win1 "discord"
2024-11-02T18:21:18.517Z 4: ✅ webContents.did-finish-load web1
2024-11-02T18:21:18.934Z 5: ✅ webContents.created web2 ""
2024-11-02T18:21:18.936Z 6: ✅ window.created win2 "Discord"
2024-11-02T18:21:20.165Z 7: ✅ webContents.did-finish-load web2
2024-11-02T18:21:20.265Z 8: window.close win1
2024-11-02T18:21:20.270Z 9: webContents.destroyed web1
2024-11-02T18:21:20.271Z 10: window.closed win1
2024-11-02T18:21:24.809Z 11: window.close win2
2024-11-02T18:21:24.818Z 12: before-quit
2024-11-02T18:21:24.821Z 13: window.close win2
2024-11-02T18:21:24.846Z 14: webContents.destroyed web2
2024-11-02T18:21:24.851Z 15: window.closed win2
2024-11-02T18:30:48.105Z 0: 

----------------------------------------------
2024-11-02T18:30:48.109Z 1: Discord starting: {"releaseChannel":"stable","version":"0.0.72"}, modulepath: /home/poseidon/.config/discord/0.0.72/modules
2024-11-02T18:30:48.111Z 2: ✅ webContents.created web1 ""
2024-11-02T18:30:48.112Z 3: ✅ window.created win1 "discord"
2024-11-02T18:30:48.410Z 4: ✅ webContents.did-finish-load web1
2024-11-02T18:30:48.696Z 5: ✅ webContents.created web2 ""
2024-11-02T18:30:48.698Z 6: ✅ window.created win2 "Discord"
2024-11-02T18:30:49.849Z 7: ✅ webContents.did-finish-load web2
2024-11-02T18:30:49.950Z 8: window.close win1
2024-11-02T18:30:49.985Z 9: webContents.destroyed web1
2024-11-02T18:30:50.019Z 10: window.closed win1
2024-11-02T22:39:07.679Z 11: before-quit
2024-11-02T22:39:07.680Z 12: window.close win2
2024-11-03T00:50:32.795Z 0: 

----------------------------------------------
2024-11-03T00:50:32.800Z 1: Discord starting: {"releaseChannel":"stable","version":"0.0.72"}, modulepath: /home/poseidon/.config/discord/0.0.72/modules
2024-11-03T00:50:32.802Z 2: ✅ webContents.created web1 ""
2024-11-03T00:50:32.803Z 3: ✅ window.created win1 "discord"
2024-11-03T00:50:33.134Z 4: ✅ webContents.did-finish-load web1
2024-11-03T00:50:33.545Z 5: ✅ webContents.created web2 ""
2024-11-03T00:50:33.547Z 6: ✅ window.created win2 "Discord"
2024-11-03T00:50:34.354Z 7: ✅ webContents.did-finish-load web2
2024-11-03T00:50:34.455Z 8: window.close win1
2024-11-03T00:50:34.477Z 9: webContents.destroyed web1
2024-11-03T00:50:34.481Z 10: window.closed win1
2024-11-03T00:51:52.703Z 11: window.close win2
2024-11-03T00:51:52.714Z 12: before-quit
2024-11-03T00:51:52.720Z 13: window.close win2
2024-11-03T00:51:52.764Z 14: webContents.destroyed web2
