2024-11-16 19:34:59.948 [info] Extension host with pid 8027 started
2024-11-16 19:34:59.997 [info] ExtensionService#_doActivateExtension vscode.git-base, startup: true, activationEvent: '*', root cause: vscode.git
2024-11-16 19:35:00.023 [info] ExtensionService#_doActivateExtension vscode.git, startup: true, activationEvent: '*'
2024-11-16 19:35:00.057 [info] ExtensionService#_doActivateExtension vscode.github, startup: true, activationEvent: '*'
2024-11-16 19:35:00.093 [warning] [vscode.git] Accessing a resource scoped configuration without providing a resource is not expected. To get the effective value for 'git.openRepositoryInParentFolders', provide the URI of a resource or 'null' for any resource.
2024-11-16 19:35:00.093 [warning] [vscode.git] Accessing a resource scoped configuration without providing a resource is not expected. To get the effective value for 'git.showProgress', provide the URI of a resource or 'null' for any resource.
2024-11-16 19:35:00.099 [info] Eager extensions activated
2024-11-16 19:35:00.106 [info] ExtensionService#_doActivateExtension vscode.debug-auto-launch, startup: false, activationEvent: 'onStartupFinished'
2024-11-16 19:35:00.107 [info] ExtensionService#_doActivateExtension vscode.merge-conflict, startup: false, activationEvent: 'onStartupFinished'
2024-11-16 19:35:07.091 [info] Extension host terminating: renderer closed the MessagePort
2024-11-16 19:35:07.099 [info] Extension host with pid 8027 exiting with code 0
2024-11-16 19:35:07.504 [info] Extension host with pid 8721 started
2024-11-16 19:35:07.504 [info] Skipping acquiring lock for /home/poseidon/.config/Code/User/workspaceStorage/5ccd3978d0d21f3d063f30f65405c88b.
2024-11-16 19:35:07.511 [info] ExtensionService#_doActivateExtension vscode.git-base, startup: true, activationEvent: '*', root cause: vscode.git
2024-11-16 19:35:07.525 [info] ExtensionService#_doActivateExtension vscode.git, startup: true, activationEvent: '*'
2024-11-16 19:35:07.554 [info] ExtensionService#_doActivateExtension vscode.github, startup: true, activationEvent: '*'
2024-11-16 19:35:07.588 [warning] [vscode.git] Accessing a resource scoped configuration without providing a resource is not expected. To get the effective value for 'git.openRepositoryInParentFolders', provide the URI of a resource or 'null' for any resource.
2024-11-16 19:35:07.588 [warning] [vscode.git] Accessing a resource scoped configuration without providing a resource is not expected. To get the effective value for 'git.showProgress', provide the URI of a resource or 'null' for any resource.
2024-11-16 19:35:07.594 [info] Eager extensions activated
2024-11-16 19:35:07.599 [info] ExtensionService#_doActivateExtension vscode.debug-auto-launch, startup: false, activationEvent: 'onStartupFinished'
2024-11-16 19:35:07.600 [info] ExtensionService#_doActivateExtension vscode.merge-conflict, startup: false, activationEvent: 'onStartupFinished'
2024-11-16 19:35:20.774 [info] ExtensionService#_doActivateExtension ms-python.python, startup: false, activationEvent: 'onLanguage:python', root cause: ms-python.debugpy
2024-11-16 19:35:20.862 [info] ExtensionService#_doActivateExtension vscode.emmet, startup: false, activationEvent: 'onLanguage'
2024-11-16 19:35:20.924 [warning] [ms-python.python] Accessing a window scoped configuration for a resource is not expected. To associate 'python.languageServer' to a resource, define its scope to 'resource' in configuration contributions in 'package.json'.
2024-11-16 19:35:20.924 [warning] [ms-python.python] Accessing a window scoped configuration for a resource is not expected. To associate 'python.languageServer' to a resource, define its scope to 'resource' in configuration contributions in 'package.json'.
2024-11-16 19:35:20.926 [warning] [ms-python.python] Accessing a resource scoped configuration without providing a resource is not expected. To get the effective value for 'python.terminal.shellIntegration.enabled', provide the URI of a resource or 'null' for any resource.
2024-11-16 19:35:20.927 [warning] [ms-python.python] Accessing a window scoped configuration for a resource is not expected. To associate 'python.languageServer' to a resource, define its scope to 'resource' in configuration contributions in 'package.json'.
2024-11-16 19:35:20.950 [warning] [ms-python.python] Accessing a resource scoped configuration without providing a resource is not expected. To get the effective value for 'python.envFile', provide the URI of a resource or 'null' for any resource.
2024-11-16 19:35:20.955 [info] ExtensionService#_doActivateExtension ms-python.debugpy, startup: false, activationEvent: 'onLanguage:python'
2024-11-16 19:35:20.992 [info] ExtensionService#_doActivateExtension ms-python.vscode-pylance, startup: false, activationEvent: 'onLanguage:python'
2024-11-16 19:35:21.151 [warning] [ms-python.python] Accessing a window scoped configuration for a resource is not expected. To associate 'python.languageServer' to a resource, define its scope to 'resource' in configuration contributions in 'package.json'.
2024-11-16 19:35:21.151 [warning] [ms-python.python] Accessing a window scoped configuration for a resource is not expected. To associate 'python.languageServer' to a resource, define its scope to 'resource' in configuration contributions in 'package.json'.
2024-11-16 19:35:21.152 [warning] [ms-python.python] Accessing a window scoped configuration for a resource is not expected. To associate 'python.languageServer' to a resource, define its scope to 'resource' in configuration contributions in 'package.json'.
2024-11-16 19:35:21.154 [warning] [ms-python.debugpy] Accessing a resource scoped configuration without providing a resource is not expected. To get the effective value for 'debugpy.showPythonInlineValues', provide the URI of a resource or 'null' for any resource.
2024-11-16 19:35:21.852 [warning] Accessing a resource scoped configuration without providing a resource is not expected. To get the effective value for 'files.watcherExclude', provide the URI of a resource or 'null' for any resource.
2024-11-16 20:57:40.321 [info] Extension host terminating: renderer closed the MessagePort
2024-11-16 20:57:40.329 [info] Extension host with pid 8721 exiting with code 0
