2024-10-05T09:06:21.821Z Info: Setting LTeX UI language to 'en-us'.
2024-10-05T09:06:21.821Z Info: Loading i18n messages...
2024-10-05T09:06:21.821Z Info: Loading default i18n messages...
2024-10-05T09:06:21.822Z Info: 
2024-10-05T09:06:21.822Z Info: ltex.ltex-ls.path not set.
2024-10-05T09:06:21.822Z Info: Searching for ltex-ls in '/home/poseidon/.vscode/extensions/valentjn.vscode-ltex-13.1.0/lib'...
2024-10-05T09:06:21.822Z Info: ltex-ls found in '/home/poseidon/.vscode/extensions/valentjn.vscode-ltex-13.1.0/lib/ltex-ls-15.2.0'.
2024-10-05T09:06:21.822Z Info: 
2024-10-05T09:06:21.822Z Info: Using ltex-ls from '/home/poseidon/.vscode/extensions/valentjn.vscode-ltex-13.1.0/lib/ltex-ls-15.2.0'.
2024-10-05T09:06:21.822Z Info: Using Java bundled with ltex-ls as ltex.java.path is not set.
2024-10-05T09:06:21.823Z Info: Testing ltex-ls...
2024-10-05T09:06:21.823Z Info:   Command: "/home/poseidon/.vscode/extensions/valentjn.vscode-ltex-13.1.0/lib/ltex-ls-15.2.0/bin/ltex-ls"
2024-10-05T09:06:21.823Z Info:   Arguments: ["--version"]
2024-10-05T09:06:21.823Z Info:   env['JAVA_HOME']: undefined
2024-10-05T09:06:21.823Z Info:   env['JAVA_OPTS']: "-Xms64m -Xmx512m"
2024-10-05T09:06:22.024Z Info: Test successful!
2024-10-05T09:06:22.024Z Info: 
2024-10-05T09:06:22.027Z Info: Starting ltex-ls...
2024-10-05T09:06:22.027Z Info:   Command: "/home/poseidon/.vscode/extensions/valentjn.vscode-ltex-13.1.0/lib/ltex-ls-15.2.0/bin/ltex-ls"
2024-10-05T09:06:22.027Z Info:   Arguments: []
2024-10-05T09:06:22.027Z Info:   env['JAVA_HOME']: undefined
2024-10-05T09:06:22.027Z Info:   env['JAVA_OPTS']: "-Xms64m -Xmx512m"
2024-10-05T09:06:22.027Z Info: 
